#
# There is insufficient memory for the Java Runtime Environment to continue.
# Native memory allocation (malloc) failed to allocate 1952816 bytes for Chunk::new
# Possible reasons:
#   The system is out of physical RAM or swap space
#   The process is running with CompressedOops enabled, and the Java Heap may be blocking the growth of the native heap
# Possible solutions:
#   Reduce memory load on the system
#   Increase physical memory or swap space
#   Check if swap backing store is full
#   Decrease Java heap size (-Xmx/-Xms)
#   Decrease number of Java threads
#   Decrease Java thread stack sizes (-Xss)
#   Set larger code cache with -XX:ReservedCodeCacheSize=
#   JVM is running with Unscaled Compressed Oops mode in which the Java heap is
#     placed in the first 4GB address space. The Java Heap base address is the
#     maximum limit for the native heap growth. Please use -XX:HeapBaseMinAddress
#     to set the Java Heap base and to place the Java Heap above 4GB virtual address.
# This output file may be truncated or incomplete.
#
#  Out of Memory Error (src/hotspot/share/memory/arena.cpp:197), pid=12508, tid=4068
#
# JRE version: OpenJDK Runtime Environment (11.0.15) (build 11.0.15+0-b2043.56-9505619)
# Java VM: OpenJDK 64-Bit Server VM (11.0.15+0-b2043.56-9505619, mixed mode, tiered, compressed oops, g1 gc, windows-amd64)
# No core dump will be written. Minidumps are not enabled by default on client versions of Windows
#

---------------  S U M M A R Y ------------

Command Line: --add-opens=java.base/java.util=ALL-UNNAMED --add-opens=java.base/java.lang=ALL-UNNAMED --add-opens=java.base/java.lang.invoke=ALL-UNNAMED --add-opens=java.base/java.util=ALL-UNNAMED --add-opens=java.prefs/java.util.prefs=ALL-UNNAMED --add-opens=java.prefs/java.util.prefs=ALL-UNNAMED --add-opens=java.base/java.nio.charset=ALL-UNNAMED --add-opens=java.base/java.net=ALL-UNNAMED --add-opens=java.base/java.util.concurrent.atomic=ALL-UNNAMED -Xmx2048m -Dfile.encoding=UTF-8 -Duser.country=US -Duser.language=en -Duser.variant org.gradle.launcher.daemon.bootstrap.GradleDaemon 7.5

Host: Intel(R) Core(TM) i5-6200U CPU @ 2.30GHz, 4 cores, 7G,  Windows 10 , 64 bit Build 19041 (10.0.19041.2913)
Time: Sat Jun 10 22:06:55 2023 India Standard Time elapsed time: 22.017284 seconds (0d 0h 0m 22s)

---------------  T H R E A D  ---------------

Current thread (0x000001956246f800):  JavaThread "C2 CompilerThread1" daemon [_thread_in_native, id=4068, stack(0x000000455e600000,0x000000455e700000)]


Current CompileTask:
C2:  22017 7720       4       sun.reflect.generics.parser.SignatureParser::parsePackageNameAndSimpleClassTypeSignature (119 bytes)

Stack: [0x000000455e600000,0x000000455e700000]
Native frames: (J=compiled Java code, j=interpreted, Vv=VM code, C=native code)
V  [jvm.dll+0x64135a]
V  [jvm.dll+0x7d39f9]
V  [jvm.dll+0x7d51b9]
V  [jvm.dll+0x7d58a3]
V  [jvm.dll+0x2691c5]
V  [jvm.dll+0xc1a5c]
V  [jvm.dll+0xc200c]
V  [jvm.dll+0x377462]
V  [jvm.dll+0x342495]
V  [jvm.dll+0x34186a]
V  [jvm.dll+0x2214bd]
V  [jvm.dll+0x220498]
V  [jvm.dll+0x19e851]
V  [jvm.dll+0x230479]
V  [jvm.dll+0x22e5ef]
V  [jvm.dll+0x794de1]
V  [jvm.dll+0x78dc24]
V  [jvm.dll+0x6400f6]
C  [ucrtbase.dll+0x21bb2]
C  [KERNEL32.DLL+0x17614]
C  [ntdll.dll+0x526a1]


---------------  P R O C E S S  ---------------

Threads class SMR info:
_java_thread_list=0x00000195622b99b0, length=79, elements={
0x0000019544b64000, 0x000001955e776000, 0x000001955e783800, 0x000001955e78f800,
0x000001955e791000, 0x000001955e792000, 0x000001955e795000, 0x000001955e79a000,
0x000001955e7a5000, 0x000001955f259000, 0x0000019561bb0800, 0x000001956088e800,
0x0000019560955800, 0x000001956121e000, 0x0000019560f24000, 0x0000019560692800,
0x000001956168c000, 0x0000019560713800, 0x000001956142a800, 0x00000195613bd000,
0x000001956141e800, 0x000001956141a800, 0x000001956141f800, 0x000001956141d800,
0x000001956141d000, 0x000001956141c000, 0x0000019561421000, 0x0000019561420000,
0x000001956141b800, 0x000001956208b000, 0x0000019562089000, 0x000001956208d000,
0x0000019562088800, 0x000001956208e000, 0x000001956208f000, 0x0000019562091800,
0x000001956208b800, 0x0000019562092000, 0x000001956208c800, 0x0000019562093800,
0x0000019562094800, 0x0000019562095800, 0x0000019562093000, 0x0000019562096000,
0x0000019562097000, 0x0000019562068800, 0x000001956206b800, 0x000001956206f000,
0x000001956206e000, 0x0000019562069000, 0x000001956206a000, 0x000001956206d000,
0x000001956206c800, 0x000001956206b000, 0x000001956223c000, 0x0000019562238000,
0x0000019562236000, 0x000001956223c800, 0x0000019562238800, 0x000001956223b000,
0x0000019562237000, 0x000001956223d800, 0x000001956223e800, 0x0000019562239800,
0x000001956223f000, 0x000001956223a000, 0x0000019562245000, 0x0000019562244000,
0x0000019562240000, 0x0000019562240800, 0x0000019562242800, 0x0000019562243000,
0x0000019562241800, 0x000001955f52c000, 0x000001955f52e000, 0x000001955f52e800,
0x000001955f52f800, 0x000001955f52a000, 0x000001956246f800
}

Java Threads: ( => current thread )
  0x0000019544b64000 JavaThread "main" [_thread_blocked, id=6760, stack(0x000000455c500000,0x000000455c600000)]
  0x000001955e776000 JavaThread "Reference Handler" daemon [_thread_blocked, id=10920, stack(0x000000455cc00000,0x000000455cd00000)]
  0x000001955e783800 JavaThread "Finalizer" daemon [_thread_blocked, id=4076, stack(0x000000455cd00000,0x000000455ce00000)]
  0x000001955e78f800 JavaThread "Signal Dispatcher" daemon [_thread_blocked, id=10256, stack(0x000000455ce00000,0x000000455cf00000)]
  0x000001955e791000 JavaThread "Attach Listener" daemon [_thread_blocked, id=11260, stack(0x000000455cf00000,0x000000455d000000)]
  0x000001955e792000 JavaThread "Service Thread" daemon [_thread_blocked, id=12568, stack(0x000000455d000000,0x000000455d100000)]
  0x000001955e795000 JavaThread "C2 CompilerThread0" daemon [_thread_in_native, id=5996, stack(0x000000455d100000,0x000000455d200000)]
  0x000001955e79a000 JavaThread "C1 CompilerThread0" daemon [_thread_blocked, id=18116, stack(0x000000455d200000,0x000000455d300000)]
  0x000001955e7a5000 JavaThread "Sweeper thread" daemon [_thread_blocked, id=2824, stack(0x000000455d300000,0x000000455d400000)]
  0x000001955f259000 JavaThread "Common-Cleaner" daemon [_thread_blocked, id=8072, stack(0x000000455d400000,0x000000455d500000)]
  0x0000019561bb0800 JavaThread "Daemon health stats" [_thread_blocked, id=10060, stack(0x000000455d900000,0x000000455da00000)]
  0x000001956088e800 JavaThread "Incoming local TCP Connector on port 53168" [_thread_in_native, id=16520, stack(0x000000455d600000,0x000000455d700000)]
  0x0000019560955800 JavaThread "Daemon periodic checks" [_thread_blocked, id=15652, stack(0x000000455da00000,0x000000455db00000)]
  0x000001956121e000 JavaThread "Daemon" [_thread_blocked, id=12416, stack(0x000000455db00000,0x000000455dc00000)]
  0x0000019560f24000 JavaThread "Handler for socket connection from /127.0.0.1:53168 to /127.0.0.1:53171" [_thread_in_native, id=5492, stack(0x000000455dc00000,0x000000455dd00000)]
  0x0000019560692800 JavaThread "Cancel handler" [_thread_blocked, id=16108, stack(0x000000455dd00000,0x000000455de00000)]
  0x000001956168c000 JavaThread "Daemon worker" [_thread_in_vm, id=16976, stack(0x000000455de00000,0x000000455df00000)]
  0x0000019560713800 JavaThread "Asynchronous log dispatcher for DefaultDaemonConnection: socket connection from /127.0.0.1:53168 to /127.0.0.1:53171" [_thread_blocked, id=17764, stack(0x000000455df00000,0x000000455e000000)]
  0x000001956142a800 JavaThread "Stdin handler" [_thread_blocked, id=9768, stack(0x000000455e000000,0x000000455e100000)]
  0x00000195613bd000 JavaThread "Daemon client event forwarder" [_thread_blocked, id=17292, stack(0x000000455e100000,0x000000455e200000)]
  0x000001956141e800 JavaThread "Cache worker for journal cache (C:\Users\hp\.gradle\caches\journal-1)" [_thread_blocked, id=3292, stack(0x000000455e300000,0x000000455e400000)]
  0x000001956141a800 JavaThread "File lock request listener" [_thread_in_native, id=17908, stack(0x000000455e400000,0x000000455e500000)]
  0x000001956141f800 JavaThread "Cache worker for file hash cache (C:\Users\hp\.gradle\caches\7.5\fileHashes)" [_thread_blocked, id=15576, stack(0x000000455e500000,0x000000455e600000)]
  0x000001956141d800 JavaThread "File watcher server" daemon [_thread_in_native, id=12500, stack(0x000000455e700000,0x000000455e800000)]
  0x000001956141d000 JavaThread "File watcher consumer" daemon [_thread_blocked, id=16524, stack(0x000000455e800000,0x000000455e900000)]
  0x000001956141c000 JavaThread "jar transforms" [_thread_blocked, id=15860, stack(0x000000455e900000,0x000000455ea00000)]
  0x0000019561421000 JavaThread "jar transforms Thread 2" [_thread_blocked, id=10260, stack(0x000000455ea00000,0x000000455eb00000)]
  0x0000019561420000 JavaThread "jar transforms Thread 3" [_thread_blocked, id=11664, stack(0x000000455eb00000,0x000000455ec00000)]
  0x000001956141b800 JavaThread "jar transforms Thread 4" [_thread_blocked, id=12920, stack(0x000000455ec00000,0x000000455ed00000)]
  0x000001956208b000 JavaThread "Cache worker for checksums cache (E:\APMC\.gradle\7.5\checksums)" [_thread_blocked, id=15224, stack(0x000000455ed00000,0x000000455ee00000)]
  0x0000019562089000 JavaThread "Cache worker for cache directory md-rule (C:\Users\hp\.gradle\caches\7.5\md-rule)" [_thread_blocked, id=12376, stack(0x000000455ee00000,0x000000455ef00000)]
  0x000001956208d000 JavaThread "Cache worker for file content cache (C:\Users\hp\.gradle\caches\7.5\fileContent)" [_thread_blocked, id=3200, stack(0x000000455ef00000,0x000000455f000000)]
  0x0000019562088800 JavaThread "Cache worker for file hash cache (E:\APMC\.gradle\7.5\fileHashes)" [_thread_blocked, id=14804, stack(0x000000455f000000,0x000000455f100000)]
  0x000001956208e000 JavaThread "Cache worker for cache directory md-supplier (C:\Users\hp\.gradle\caches\7.5\md-supplier)" [_thread_blocked, id=3404, stack(0x000000455f100000,0x000000455f200000)]
  0x000001956208f000 JavaThread "Cache worker for execution history cache (C:\Users\hp\.gradle\caches\7.5\executionHistory)" [_thread_blocked, id=16624, stack(0x000000455f200000,0x000000455f300000)]
  0x0000019562091800 JavaThread "Cache worker for dependencies-accessors (E:\APMC\.gradle\7.5\dependencies-accessors)" [_thread_blocked, id=16632, stack(0x000000455f300000,0x000000455f400000)]
  0x000001956208b800 JavaThread "Cache worker for Build Output Cleanup Cache (E:\APMC\.gradle\buildOutputCleanup)" [_thread_blocked, id=9356, stack(0x000000455f400000,0x000000455f500000)]
  0x0000019562092000 JavaThread "Unconstrained build operations" [_thread_blocked, id=11880, stack(0x000000455f500000,0x000000455f600000)]
  0x000001956208c800 JavaThread "Unconstrained build operations Thread 2" [_thread_blocked, id=18136, stack(0x000000455f600000,0x000000455f700000)]
  0x0000019562093800 JavaThread "Unconstrained build operations Thread 3" [_thread_blocked, id=16020, stack(0x000000455f700000,0x000000455f800000)]
  0x0000019562094800 JavaThread "Unconstrained build operations Thread 4" [_thread_blocked, id=6076, stack(0x000000455f800000,0x000000455f900000)]
  0x0000019562095800 JavaThread "Unconstrained build operations Thread 5" [_thread_blocked, id=7592, stack(0x000000455f900000,0x000000455fa00000)]
  0x0000019562093000 JavaThread "Unconstrained build operations Thread 6" [_thread_blocked, id=14508, stack(0x000000455fa00000,0x000000455fb00000)]
  0x0000019562096000 JavaThread "Unconstrained build operations Thread 7" [_thread_blocked, id=7520, stack(0x000000455fb00000,0x000000455fc00000)]
  0x0000019562097000 JavaThread "Unconstrained build operations Thread 8" [_thread_blocked, id=14052, stack(0x000000455fc00000,0x000000455fd00000)]
  0x0000019562068800 JavaThread "Unconstrained build operations Thread 9" [_thread_blocked, id=13212, stack(0x000000455fd00000,0x000000455fe00000)]
  0x000001956206b800 JavaThread "Unconstrained build operations Thread 10" [_thread_blocked, id=10644, stack(0x000000455fe00000,0x000000455ff00000)]
  0x000001956206f000 JavaThread "Unconstrained build operations Thread 11" [_thread_blocked, id=17868, stack(0x000000455ff00000,0x0000004560000000)]
  0x000001956206e000 JavaThread "Unconstrained build operations Thread 12" [_thread_blocked, id=16148, stack(0x0000004560000000,0x0000004560100000)]
  0x0000019562069000 JavaThread "Unconstrained build operations Thread 13" [_thread_blocked, id=10508, stack(0x0000004560100000,0x0000004560200000)]
  0x000001956206a000 JavaThread "Unconstrained build operations Thread 14" [_thread_blocked, id=13772, stack(0x0000004560200000,0x0000004560300000)]
  0x000001956206d000 JavaThread "Unconstrained build operations Thread 15" [_thread_blocked, id=5576, stack(0x0000004560300000,0x0000004560400000)]
  0x000001956206c800 JavaThread "Unconstrained build operations Thread 16" [_thread_blocked, id=14332, stack(0x0000004560400000,0x0000004560500000)]
  0x000001956206b000 JavaThread "Unconstrained build operations Thread 17" [_thread_blocked, id=14200, stack(0x0000004560500000,0x0000004560600000)]
  0x000001956223c000 JavaThread "Unconstrained build operations Thread 18" [_thread_blocked, id=14028, stack(0x0000004560600000,0x0000004560700000)]
  0x0000019562238000 JavaThread "Unconstrained build operations Thread 19" [_thread_blocked, id=16272, stack(0x0000004560700000,0x0000004560800000)]
  0x0000019562236000 JavaThread "Unconstrained build operations Thread 20" [_thread_blocked, id=4872, stack(0x0000004560800000,0x0000004560900000)]
  0x000001956223c800 JavaThread "Unconstrained build operations Thread 21" [_thread_blocked, id=12176, stack(0x0000004560900000,0x0000004560a00000)]
  0x0000019562238800 JavaThread "Unconstrained build operations Thread 22" [_thread_blocked, id=2916, stack(0x0000004560a00000,0x0000004560b00000)]
  0x000001956223b000 JavaThread "Unconstrained build operations Thread 23" [_thread_blocked, id=11720, stack(0x0000004560b00000,0x0000004560c00000)]
  0x0000019562237000 JavaThread "Unconstrained build operations Thread 24" [_thread_blocked, id=10180, stack(0x0000004560c00000,0x0000004560d00000)]
  0x000001956223d800 JavaThread "Unconstrained build operations Thread 25" [_thread_blocked, id=9228, stack(0x0000004560d00000,0x0000004560e00000)]
  0x000001956223e800 JavaThread "Unconstrained build operations Thread 26" [_thread_blocked, id=18172, stack(0x0000004560e00000,0x0000004560f00000)]
  0x0000019562239800 JavaThread "Unconstrained build operations Thread 27" [_thread_blocked, id=9696, stack(0x0000004560f00000,0x0000004561000000)]
  0x000001956223f000 JavaThread "Unconstrained build operations Thread 28" [_thread_blocked, id=5360, stack(0x0000004561000000,0x0000004561100000)]
  0x000001956223a000 JavaThread "Unconstrained build operations Thread 29" [_thread_blocked, id=16008, stack(0x0000004561100000,0x0000004561200000)]
  0x0000019562245000 JavaThread "Unconstrained build operations Thread 30" [_thread_blocked, id=4624, stack(0x0000004561200000,0x0000004561300000)]
  0x0000019562244000 JavaThread "Unconstrained build operations Thread 31" [_thread_blocked, id=15028, stack(0x0000004561300000,0x0000004561400000)]
  0x0000019562240000 JavaThread "Unconstrained build operations Thread 32" [_thread_blocked, id=10432, stack(0x0000004561400000,0x0000004561500000)]
  0x0000019562240800 JavaThread "Unconstrained build operations Thread 33" [_thread_blocked, id=18132, stack(0x0000004561500000,0x0000004561600000)]
  0x0000019562242800 JavaThread "Unconstrained build operations Thread 34" [_thread_blocked, id=13160, stack(0x0000004561600000,0x0000004561700000)]
  0x0000019562243000 JavaThread "Unconstrained build operations Thread 35" [_thread_blocked, id=10028, stack(0x0000004561700000,0x0000004561800000)]
  0x0000019562241800 JavaThread "Unconstrained build operations Thread 36" [_thread_blocked, id=5604, stack(0x0000004561800000,0x0000004561900000)]
  0x000001955f52c000 JavaThread "Unconstrained build operations Thread 37" [_thread_blocked, id=11460, stack(0x0000004561900000,0x0000004561a00000)]
  0x000001955f52e000 JavaThread "Unconstrained build operations Thread 38" [_thread_blocked, id=2328, stack(0x0000004561a00000,0x0000004561b00000)]
  0x000001955f52e800 JavaThread "Unconstrained build operations Thread 39" [_thread_blocked, id=10836, stack(0x0000004561b00000,0x0000004561c00000)]
  0x000001955f52f800 JavaThread "Unconstrained build operations Thread 40" [_thread_blocked, id=14304, stack(0x0000004561c00000,0x0000004561d00000)]
  0x000001955f52a000 JavaThread "Memory manager" [_thread_blocked, id=12504, stack(0x0000004561d00000,0x0000004561e00000)]
=>0x000001956246f800 JavaThread "C2 CompilerThread1" daemon [_thread_in_native, id=4068, stack(0x000000455e600000,0x000000455e700000)]

Other Threads:
  0x000001955e773000 VMThread "VM Thread" [stack: 0x000000455cb00000,0x000000455cc00000] [id=2868]
  0x000001955f260800 WatcherThread [stack: 0x000000455d500000,0x000000455d600000] [id=10020]
  0x0000019544b79800 GCTaskThread "GC Thread#0" [stack: 0x000000455c600000,0x000000455c700000] [id=9896]
  0x000001955f9b2800 GCTaskThread "GC Thread#1" [stack: 0x000000455d700000,0x000000455d800000] [id=3332]
  0x000001955f57b800 GCTaskThread "GC Thread#2" [stack: 0x000000455d800000,0x000000455d900000] [id=15568]
  0x0000019561097000 GCTaskThread "GC Thread#3" [stack: 0x000000455e200000,0x000000455e300000] [id=3196]
  0x0000019544ba8800 ConcurrentGCThread "G1 Main Marker" [stack: 0x000000455c700000,0x000000455c800000] [id=15052]
  0x0000019544bab000 ConcurrentGCThread "G1 Conc#0" [stack: 0x000000455c800000,0x000000455c900000] [id=18332]
  0x0000019544c3a000 ConcurrentGCThread "G1 Refine#0" [stack: 0x000000455c900000,0x000000455ca00000] [id=14444]
  0x0000019544c3b000 ConcurrentGCThread "G1 Young RemSet Sampling" [stack: 0x000000455ca00000,0x000000455cb00000] [id=15392]

Threads with active compile tasks:
C2 CompilerThread0    22063 7724       4       sun.reflect.generics.parser.SignatureParser::parseFieldTypeSignature (6 bytes)
C2 CompilerThread1    22063 7720       4       sun.reflect.generics.parser.SignatureParser::parsePackageNameAndSimpleClassTypeSignature (119 bytes)

VM state:not at safepoint (normal execution)

VM Mutex/Monitor currently owned by a thread: None

Heap address: 0x0000000080000000, size: 2048 MB, Compressed Oops mode: 32-bit
Narrow klass base: 0x0000000000000000, Narrow klass shift: 3
Compressed class space size: 1073741824 Address: 0x0000000100000000

Heap:
 garbage-first heap   total 273408K, used 133856K [0x0000000080000000, 0x0000000100000000)
  region size 1024K, 12 young (12288K), 6 survivors (6144K)
 Metaspace       used 78259K, capacity 80236K, committed 80336K, reserved 1118208K
  class space    used 10139K, capacity 10943K, committed 11040K, reserved 1048576K
Heap Regions: E=young(eden), S=young(survivor), O=old, HS=humongous(starts), HC=humongous(continues), CS=collection set, F=free, A=archive, TAMS=top-at-mark-start (previous, next)
|   0|0x0000000080000000, 0x0000000080100000, 0x0000000080100000|100%|HS|  |TAMS 0x0000000080100000, 0x0000000080000000| Complete 
|   1|0x0000000080100000, 0x0000000080200000, 0x0000000080200000|100%|HC|  |TAMS 0x0000000080200000, 0x0000000080100000| Complete 
|   2|0x0000000080200000, 0x0000000080300000, 0x0000000080300000|100%|HC|  |TAMS 0x0000000080300000, 0x0000000080200000| Complete 
|   3|0x0000000080300000, 0x0000000080400000, 0x0000000080400000|100%| O|  |TAMS 0x0000000080400000, 0x0000000080300000| Untracked 
|   4|0x0000000080400000, 0x0000000080500000, 0x0000000080500000|100%| O|  |TAMS 0x0000000080500000, 0x0000000080400000| Untracked 
|   5|0x0000000080500000, 0x0000000080600000, 0x0000000080600000|100%| O|  |TAMS 0x0000000080600000, 0x0000000080500000| Untracked 
|   6|0x0000000080600000, 0x0000000080700000, 0x0000000080700000|100%| O|  |TAMS 0x0000000080700000, 0x0000000080600000| Untracked 
|   7|0x0000000080700000, 0x0000000080800000, 0x0000000080800000|100%| O|  |TAMS 0x0000000080800000, 0x0000000080700000| Untracked 
|   8|0x0000000080800000, 0x0000000080900000, 0x0000000080900000|100%| O|  |TAMS 0x0000000080900000, 0x0000000080800000| Untracked 
|   9|0x0000000080900000, 0x0000000080a00000, 0x0000000080a00000|100%| O|  |TAMS 0x0000000080a00000, 0x0000000080900000| Untracked 
|  10|0x0000000080a00000, 0x0000000080b00000, 0x0000000080b00000|100%| O|  |TAMS 0x0000000080b00000, 0x0000000080a00000| Untracked 
|  11|0x0000000080b00000, 0x0000000080c00000, 0x0000000080c00000|100%| O|  |TAMS 0x0000000080c00000, 0x0000000080b00000| Untracked 
|  12|0x0000000080c00000, 0x0000000080d00000, 0x0000000080d00000|100%| O|  |TAMS 0x0000000080d00000, 0x0000000080c00000| Untracked 
|  13|0x0000000080d00000, 0x0000000080e00000, 0x0000000080e00000|100%| O|  |TAMS 0x0000000080e00000, 0x0000000080d00000| Untracked 
|  14|0x0000000080e00000, 0x0000000080f00000, 0x0000000080f00000|100%| O|  |TAMS 0x0000000080f00000, 0x0000000080e00000| Untracked 
|  15|0x0000000080f00000, 0x0000000081000000, 0x0000000081000000|100%| O|  |TAMS 0x0000000081000000, 0x0000000080f00000| Untracked 
|  16|0x0000000081000000, 0x0000000081100000, 0x0000000081100000|100%|HS|  |TAMS 0x0000000081100000, 0x0000000081000000| Complete 
|  17|0x0000000081100000, 0x0000000081200000, 0x0000000081200000|100%|HC|  |TAMS 0x0000000081200000, 0x0000000081100000| Complete 
|  18|0x0000000081200000, 0x0000000081300000, 0x0000000081300000|100%|HS|  |TAMS 0x0000000081300000, 0x0000000081200000| Complete 
|  19|0x0000000081300000, 0x0000000081400000, 0x0000000081400000|100%|HC|  |TAMS 0x0000000081400000, 0x0000000081300000| Complete 
|  20|0x0000000081400000, 0x0000000081500000, 0x0000000081500000|100%|HC|  |TAMS 0x0000000081500000, 0x0000000081400000| Complete 
|  21|0x0000000081500000, 0x0000000081600000, 0x0000000081600000|100%|HS|  |TAMS 0x0000000081600000, 0x0000000081500000| Complete 
|  22|0x0000000081600000, 0x0000000081700000, 0x0000000081700000|100%|HC|  |TAMS 0x0000000081700000, 0x0000000081600000| Complete 
|  23|0x0000000081700000, 0x0000000081800000, 0x0000000081800000|100%|HC|  |TAMS 0x0000000081800000, 0x0000000081700000| Complete 
|  24|0x0000000081800000, 0x0000000081900000, 0x0000000081900000|100%|HS|  |TAMS 0x0000000081900000, 0x0000000081800000| Complete 
|  25|0x0000000081900000, 0x0000000081a00000, 0x0000000081a00000|100%|HC|  |TAMS 0x0000000081a00000, 0x0000000081900000| Complete 
|  26|0x0000000081a00000, 0x0000000081b00000, 0x0000000081b00000|100%|HS|  |TAMS 0x0000000081b00000, 0x0000000081a00000| Complete 
|  27|0x0000000081b00000, 0x0000000081c00000, 0x0000000081c00000|100%|HC|  |TAMS 0x0000000081c00000, 0x0000000081b00000| Complete 
|  28|0x0000000081c00000, 0x0000000081d00000, 0x0000000081d00000|100%|HC|  |TAMS 0x0000000081d00000, 0x0000000081c00000| Complete 
|  29|0x0000000081d00000, 0x0000000081e00000, 0x0000000081e00000|100%|HC|  |TAMS 0x0000000081e00000, 0x0000000081d00000| Complete 
|  30|0x0000000081e00000, 0x0000000081f00000, 0x0000000081f00000|100%|HC|  |TAMS 0x0000000081f00000, 0x0000000081e00000| Complete 
|  31|0x0000000081f00000, 0x0000000082000000, 0x0000000082000000|100%|HC|  |TAMS 0x0000000082000000, 0x0000000081f00000| Complete 
|  32|0x0000000082000000, 0x0000000082100000, 0x0000000082100000|100%|HC|  |TAMS 0x0000000082100000, 0x0000000082000000| Complete 
|  33|0x0000000082100000, 0x0000000082200000, 0x0000000082200000|100%|HC|  |TAMS 0x0000000082200000, 0x0000000082100000| Complete 
|  34|0x0000000082200000, 0x0000000082300000, 0x0000000082300000|100%|HC|  |TAMS 0x0000000082300000, 0x0000000082200000| Complete 
|  35|0x0000000082300000, 0x0000000082400000, 0x0000000082400000|100%|HC|  |TAMS 0x0000000082400000, 0x0000000082300000| Complete 
|  36|0x0000000082400000, 0x0000000082500000, 0x0000000082500000|100%|HS|  |TAMS 0x0000000082500000, 0x0000000082400000| Complete 
|  37|0x0000000082500000, 0x0000000082600000, 0x0000000082600000|100%|HC|  |TAMS 0x0000000082600000, 0x0000000082500000| Complete 
|  38|0x0000000082600000, 0x0000000082700000, 0x0000000082700000|100%|HS|  |TAMS 0x0000000082700000, 0x0000000082600000| Complete 
|  39|0x0000000082700000, 0x0000000082800000, 0x0000000082800000|100%|HC|  |TAMS 0x0000000082800000, 0x0000000082700000| Complete 
|  40|0x0000000082800000, 0x0000000082900000, 0x0000000082900000|100%|HC|  |TAMS 0x0000000082900000, 0x0000000082800000| Complete 
|  41|0x0000000082900000, 0x0000000082a00000, 0x0000000082a00000|100%|HC|  |TAMS 0x0000000082a00000, 0x0000000082900000| Complete 
|  42|0x0000000082a00000, 0x0000000082b00000, 0x0000000082b00000|100%|HC|  |TAMS 0x0000000082b00000, 0x0000000082a00000| Complete 
|  43|0x0000000082b00000, 0x0000000082c00000, 0x0000000082c00000|100%| O|  |TAMS 0x0000000082c00000, 0x0000000082b00000| Untracked 
|  44|0x0000000082c00000, 0x0000000082d00000, 0x0000000082d00000|100%| O|  |TAMS 0x0000000082d00000, 0x0000000082c00000| Untracked 
|  45|0x0000000082d00000, 0x0000000082e00000, 0x0000000082e00000|100%| O|  |TAMS 0x0000000082e00000, 0x0000000082d00000| Untracked 
|  46|0x0000000082e00000, 0x0000000082f00000, 0x0000000082f00000|100%| O|  |TAMS 0x0000000082f00000, 0x0000000082e00000| Untracked 
|  47|0x0000000082f00000, 0x0000000083000000, 0x0000000083000000|100%| O|  |TAMS 0x0000000083000000, 0x0000000082f00000| Untracked 
|  48|0x0000000083000000, 0x0000000083100000, 0x0000000083100000|100%| O|  |TAMS 0x0000000083100000, 0x0000000083000000| Untracked 
|  49|0x0000000083100000, 0x0000000083200000, 0x0000000083200000|100%| O|  |TAMS 0x0000000083200000, 0x0000000083100000| Untracked 
|  50|0x0000000083200000, 0x0000000083300000, 0x0000000083300000|100%| O|  |TAMS 0x0000000083300000, 0x0000000083200000| Untracked 
|  51|0x0000000083300000, 0x0000000083400000, 0x0000000083400000|100%|HS|  |TAMS 0x0000000083400000, 0x0000000083300000| Complete 
|  52|0x0000000083400000, 0x0000000083500000, 0x0000000083500000|100%|HC|  |TAMS 0x0000000083500000, 0x0000000083400000| Complete 
|  53|0x0000000083500000, 0x0000000083600000, 0x0000000083600000|100%| O|  |TAMS 0x0000000083600000, 0x0000000083500000| Untracked 
|  54|0x0000000083600000, 0x0000000083700000, 0x0000000083700000|100%| O|  |TAMS 0x0000000083700000, 0x0000000083600000| Untracked 
|  55|0x0000000083700000, 0x0000000083800000, 0x0000000083800000|100%| O|  |TAMS 0x0000000083800000, 0x0000000083700000| Untracked 
|  56|0x0000000083800000, 0x0000000083900000, 0x0000000083900000|100%| O|  |TAMS 0x0000000083900000, 0x0000000083800000| Untracked 
|  57|0x0000000083900000, 0x0000000083a00000, 0x0000000083a00000|100%| O|  |TAMS 0x0000000083a00000, 0x0000000083900000| Untracked 
|  58|0x0000000083a00000, 0x0000000083b00000, 0x0000000083b00000|100%|HS|  |TAMS 0x0000000083b00000, 0x0000000083a00000| Complete 
|  59|0x0000000083b00000, 0x0000000083c00000, 0x0000000083c00000|100%|HC|  |TAMS 0x0000000083c00000, 0x0000000083b00000| Complete 
|  60|0x0000000083c00000, 0x0000000083d00000, 0x0000000083d00000|100%|HC|  |TAMS 0x0000000083d00000, 0x0000000083c00000| Complete 
|  61|0x0000000083d00000, 0x0000000083e00000, 0x0000000083e00000|100%|HS|  |TAMS 0x0000000083e00000, 0x0000000083d00000| Complete 
|  62|0x0000000083e00000, 0x0000000083f00000, 0x0000000083f00000|100%|HC|  |TAMS 0x0000000083f00000, 0x0000000083e00000| Complete 
|  63|0x0000000083f00000, 0x0000000084000000, 0x0000000084000000|100%|HC|  |TAMS 0x0000000084000000, 0x0000000083f00000| Complete 
|  64|0x0000000084000000, 0x0000000084100000, 0x0000000084100000|100%|HC|  |TAMS 0x0000000084100000, 0x0000000084000000| Complete 
|  65|0x0000000084100000, 0x0000000084200000, 0x0000000084200000|100%|HC|  |TAMS 0x0000000084200000, 0x0000000084100000| Complete 
|  66|0x0000000084200000, 0x0000000084300000, 0x0000000084300000|100%|HC|  |TAMS 0x0000000084300000, 0x0000000084200000| Complete 
|  67|0x0000000084300000, 0x0000000084400000, 0x0000000084400000|100%|HC|  |TAMS 0x0000000084400000, 0x0000000084300000| Complete 
|  68|0x0000000084400000, 0x0000000084500000, 0x0000000084500000|100%|HC|  |TAMS 0x0000000084500000, 0x0000000084400000| Complete 
|  69|0x0000000084500000, 0x0000000084600000, 0x0000000084600000|100%|HC|  |TAMS 0x0000000084600000, 0x0000000084500000| Complete 
|  70|0x0000000084600000, 0x0000000084700000, 0x0000000084700000|100%|HC|  |TAMS 0x0000000084700000, 0x0000000084600000| Complete 
|  71|0x0000000084700000, 0x0000000084800000, 0x0000000084800000|100%|HS|  |TAMS 0x0000000084800000, 0x0000000084700000| Complete 
|  72|0x0000000084800000, 0x0000000084900000, 0x0000000084900000|100%|HC|  |TAMS 0x0000000084900000, 0x0000000084800000| Complete 
|  73|0x0000000084900000, 0x0000000084a00000, 0x0000000084a00000|100%|HS|  |TAMS 0x0000000084a00000, 0x0000000084900000| Complete 
|  74|0x0000000084a00000, 0x0000000084b00000, 0x0000000084b00000|100%|HC|  |TAMS 0x0000000084b00000, 0x0000000084a00000| Complete 
|  75|0x0000000084b00000, 0x0000000084c00000, 0x0000000084c00000|100%|HC|  |TAMS 0x0000000084c00000, 0x0000000084b00000| Complete 
|  76|0x0000000084c00000, 0x0000000084d00000, 0x0000000084d00000|100%| O|  |TAMS 0x0000000084d00000, 0x0000000084c00000| Untracked 
|  77|0x0000000084d00000, 0x0000000084e00000, 0x0000000084e00000|100%| O|  |TAMS 0x0000000084e00000, 0x0000000084d00000| Untracked 
|  78|0x0000000084e00000, 0x0000000084f00000, 0x0000000084f00000|100%| O|  |TAMS 0x0000000084f00000, 0x0000000084e00000| Untracked 
|  79|0x0000000084f00000, 0x0000000085000000, 0x0000000085000000|100%| O|  |TAMS 0x0000000085000000, 0x0000000084f00000| Untracked 
|  80|0x0000000085000000, 0x0000000085100000, 0x0000000085100000|100%| O|  |TAMS 0x0000000085100000, 0x0000000085000000| Untracked 
|  81|0x0000000085100000, 0x0000000085200000, 0x0000000085200000|100%| O|  |TAMS 0x0000000085200000, 0x0000000085100000| Untracked 
|  82|0x0000000085200000, 0x0000000085300000, 0x0000000085300000|100%| O|  |TAMS 0x0000000085300000, 0x0000000085200000| Untracked 
|  83|0x0000000085300000, 0x0000000085400000, 0x0000000085400000|100%| O|  |TAMS 0x0000000085400000, 0x0000000085300000| Untracked 
|  84|0x0000000085400000, 0x0000000085500000, 0x0000000085500000|100%| O|  |TAMS 0x0000000085500000, 0x0000000085400000| Untracked 
|  85|0x0000000085500000, 0x0000000085600000, 0x0000000085600000|100%| O|  |TAMS 0x0000000085600000, 0x0000000085500000| Untracked 
|  86|0x0000000085600000, 0x0000000085700000, 0x0000000085700000|100%|HS|  |TAMS 0x0000000085700000, 0x0000000085600000| Complete 
|  87|0x0000000085700000, 0x0000000085800000, 0x0000000085800000|100%|HC|  |TAMS 0x0000000085800000, 0x0000000085700000| Complete 
|  88|0x0000000085800000, 0x0000000085900000, 0x0000000085900000|100%|HC|  |TAMS 0x0000000085900000, 0x0000000085800000| Complete 
|  89|0x0000000085900000, 0x0000000085a00000, 0x0000000085a00000|100%|HC|  |TAMS 0x0000000085a00000, 0x0000000085900000| Complete 
|  90|0x0000000085a00000, 0x0000000085b00000, 0x0000000085b00000|100%|HC|  |TAMS 0x0000000085b00000, 0x0000000085a00000| Complete 
|  91|0x0000000085b00000, 0x0000000085c00000, 0x0000000085c00000|100%| O|  |TAMS 0x0000000085c00000, 0x0000000085b00000| Untracked 
|  92|0x0000000085c00000, 0x0000000085d00000, 0x0000000085d00000|100%| O|  |TAMS 0x0000000085d00000, 0x0000000085c00000| Untracked 
|  93|0x0000000085d00000, 0x0000000085e00000, 0x0000000085e00000|100%|HS|  |TAMS 0x0000000085e00000, 0x0000000085d00000| Complete 
|  94|0x0000000085e00000, 0x0000000085f00000, 0x0000000085f00000|100%|HS|  |TAMS 0x0000000085f00000, 0x0000000085e00000| Complete 
|  95|0x0000000085f00000, 0x0000000086000000, 0x0000000086000000|100%|HC|  |TAMS 0x0000000086000000, 0x0000000085f00000| Complete 
|  96|0x0000000086000000, 0x0000000086100000, 0x0000000086100000|100%|HS|  |TAMS 0x0000000086100000, 0x0000000086000000| Complete 
|  97|0x0000000086100000, 0x0000000086200000, 0x0000000086200000|100%|HS|  |TAMS 0x0000000086200000, 0x0000000086100000| Complete 
|  98|0x0000000086200000, 0x0000000086300000, 0x0000000086300000|100%|HC|  |TAMS 0x0000000086300000, 0x0000000086200000| Complete 
|  99|0x0000000086300000, 0x0000000086400000, 0x0000000086400000|100%|HC|  |TAMS 0x0000000086400000, 0x0000000086300000| Complete 
| 100|0x0000000086400000, 0x0000000086500000, 0x0000000086500000|100%|HC|  |TAMS 0x0000000086500000, 0x0000000086400000| Complete 
| 101|0x0000000086500000, 0x0000000086600000, 0x0000000086600000|100%| O|  |TAMS 0x0000000086600000, 0x0000000086500000| Untracked 
| 102|0x0000000086600000, 0x0000000086700000, 0x0000000086700000|100%| O|  |TAMS 0x0000000086700000, 0x0000000086600000| Untracked 
| 103|0x0000000086700000, 0x0000000086800000, 0x0000000086800000|100%| O|  |TAMS 0x0000000086800000, 0x0000000086700000| Untracked 
| 104|0x0000000086800000, 0x0000000086900000, 0x0000000086900000|100%| O|  |TAMS 0x0000000086900000, 0x0000000086800000| Untracked 
| 105|0x0000000086900000, 0x0000000086a00000, 0x0000000086a00000|100%| O|  |TAMS 0x0000000086a00000, 0x0000000086900000| Untracked 
| 106|0x0000000086a00000, 0x0000000086b00000, 0x0000000086b00000|100%| O|  |TAMS 0x0000000086b00000, 0x0000000086a00000| Untracked 
| 107|0x0000000086b00000, 0x0000000086c00000, 0x0000000086c00000|100%| O|  |TAMS 0x0000000086c00000, 0x0000000086b00000| Untracked 
| 108|0x0000000086c00000, 0x0000000086d00000, 0x0000000086d00000|100%| O|  |TAMS 0x0000000086d00000, 0x0000000086c00000| Untracked 
| 109|0x0000000086d00000, 0x0000000086e00000, 0x0000000086e00000|100%| O|  |TAMS 0x0000000086e00000, 0x0000000086d00000| Untracked 
| 110|0x0000000086e00000, 0x0000000086f00000, 0x0000000086f00000|100%| O|  |TAMS 0x0000000086f00000, 0x0000000086e00000| Untracked 
| 111|0x0000000086f00000, 0x0000000087000000, 0x0000000087000000|100%| O|  |TAMS 0x0000000087000000, 0x0000000086f00000| Untracked 
| 112|0x0000000087000000, 0x0000000087100000, 0x0000000087100000|100%| O|  |TAMS 0x0000000087100000, 0x0000000087000000| Untracked 
| 113|0x0000000087100000, 0x0000000087200000, 0x0000000087200000|100%| O|  |TAMS 0x0000000087200000, 0x0000000087100000| Untracked 
| 114|0x0000000087200000, 0x0000000087300000, 0x0000000087300000|100%| O|  |TAMS 0x0000000087300000, 0x0000000087200000| Untracked 
| 115|0x0000000087300000, 0x0000000087400000, 0x0000000087400000|100%| O|  |TAMS 0x0000000087400000, 0x0000000087300000| Untracked 
| 116|0x0000000087400000, 0x0000000087500000, 0x0000000087500000|100%| O|  |TAMS 0x0000000087500000, 0x0000000087400000| Untracked 
| 117|0x0000000087500000, 0x0000000087600000, 0x0000000087600000|100%| O|  |TAMS 0x000000008759d400, 0x0000000087500000| Untracked 
| 118|0x0000000087600000, 0x0000000087700000, 0x0000000087700000|100%| O|  |TAMS 0x0000000087600000, 0x0000000087600000| Untracked 
| 119|0x0000000087700000, 0x0000000087800000, 0x0000000087800000|100%| O|  |TAMS 0x0000000087700000, 0x0000000087700000| Untracked 
| 120|0x0000000087800000, 0x0000000087807e00, 0x0000000087900000|  3%| O|  |TAMS 0x0000000087800000, 0x0000000087800000| Untracked 
| 121|0x0000000087900000, 0x0000000087900000, 0x0000000087a00000|  0%| F|  |TAMS 0x0000000087900000, 0x0000000087900000| Untracked 
| 122|0x0000000087a00000, 0x0000000087a00000, 0x0000000087b00000|  0%| F|  |TAMS 0x0000000087a00000, 0x0000000087a00000| Untracked 
| 123|0x0000000087b00000, 0x0000000087b00000, 0x0000000087c00000|  0%| F|  |TAMS 0x0000000087b00000, 0x0000000087b00000| Untracked 
| 124|0x0000000087c00000, 0x0000000087c00000, 0x0000000087d00000|  0%| F|  |TAMS 0x0000000087c00000, 0x0000000087c00000| Untracked 
| 125|0x0000000087d00000, 0x0000000087d00000, 0x0000000087e00000|  0%| F|  |TAMS 0x0000000087d00000, 0x0000000087d00000| Untracked 
| 126|0x0000000087e00000, 0x0000000087e00000, 0x0000000087f00000|  0%| F|  |TAMS 0x0000000087e00000, 0x0000000087e00000| Untracked 
| 127|0x0000000087f00000, 0x0000000087f00000, 0x0000000088000000|  0%| F|  |TAMS 0x0000000087f00000, 0x0000000087f00000| Untracked 
| 128|0x0000000088000000, 0x0000000088000000, 0x0000000088100000|  0%| F|  |TAMS 0x0000000088000000, 0x0000000088000000| Untracked 
| 129|0x0000000088100000, 0x0000000088100000, 0x0000000088200000|  0%| F|  |TAMS 0x0000000088100000, 0x0000000088100000| Untracked 
| 130|0x0000000088200000, 0x0000000088200000, 0x0000000088300000|  0%| F|  |TAMS 0x0000000088200000, 0x0000000088200000| Untracked 
| 131|0x0000000088300000, 0x0000000088300000, 0x0000000088400000|  0%| F|  |TAMS 0x0000000088300000, 0x0000000088300000| Untracked 
| 132|0x0000000088400000, 0x0000000088400000, 0x0000000088500000|  0%| F|  |TAMS 0x0000000088400000, 0x0000000088400000| Untracked 
| 133|0x0000000088500000, 0x0000000088500000, 0x0000000088600000|  0%| F|  |TAMS 0x0000000088500000, 0x0000000088500000| Untracked 
| 134|0x0000000088600000, 0x0000000088600000, 0x0000000088700000|  0%| F|  |TAMS 0x0000000088600000, 0x0000000088600000| Untracked 
| 135|0x0000000088700000, 0x0000000088700000, 0x0000000088800000|  0%| F|  |TAMS 0x0000000088700000, 0x0000000088700000| Untracked 
| 136|0x0000000088800000, 0x0000000088800000, 0x0000000088900000|  0%| F|  |TAMS 0x0000000088800000, 0x0000000088800000| Untracked 
| 137|0x0000000088900000, 0x0000000088900000, 0x0000000088a00000|  0%| F|  |TAMS 0x0000000088900000, 0x0000000088900000| Untracked 
| 138|0x0000000088a00000, 0x0000000088a00000, 0x0000000088b00000|  0%| F|  |TAMS 0x0000000088a00000, 0x0000000088a00000| Untracked 
| 139|0x0000000088b00000, 0x0000000088b00000, 0x0000000088c00000|  0%| F|  |TAMS 0x0000000088b00000, 0x0000000088b00000| Untracked 
| 140|0x0000000088c00000, 0x0000000088c00000, 0x0000000088d00000|  0%| F|  |TAMS 0x0000000088c00000, 0x0000000088c00000| Untracked 
| 141|0x0000000088d00000, 0x0000000088d00000, 0x0000000088e00000|  0%| F|  |TAMS 0x0000000088d00000, 0x0000000088d00000| Untracked 
| 142|0x0000000088e00000, 0x0000000088e00000, 0x0000000088f00000|  0%| F|  |TAMS 0x0000000088e00000, 0x0000000088e00000| Untracked 
| 143|0x0000000088f00000, 0x0000000088f00000, 0x0000000089000000|  0%| F|  |TAMS 0x0000000088f00000, 0x0000000088f00000| Untracked 
| 144|0x0000000089000000, 0x0000000089000000, 0x0000000089100000|  0%| F|  |TAMS 0x0000000089000000, 0x0000000089000000| Untracked 
| 145|0x0000000089100000, 0x0000000089100000, 0x0000000089200000|  0%| F|  |TAMS 0x0000000089100000, 0x0000000089100000| Untracked 
| 146|0x0000000089200000, 0x0000000089200000, 0x0000000089300000|  0%| F|  |TAMS 0x0000000089200000, 0x0000000089200000| Untracked 
| 147|0x0000000089300000, 0x0000000089300000, 0x0000000089400000|  0%| F|  |TAMS 0x0000000089300000, 0x0000000089300000| Untracked 
| 148|0x0000000089400000, 0x0000000089400000, 0x0000000089500000|  0%| F|  |TAMS 0x0000000089400000, 0x0000000089400000| Untracked 
| 149|0x0000000089500000, 0x0000000089500000, 0x0000000089600000|  0%| F|  |TAMS 0x0000000089500000, 0x0000000089500000| Untracked 
| 150|0x0000000089600000, 0x0000000089600000, 0x0000000089700000|  0%| F|  |TAMS 0x0000000089600000, 0x0000000089600000| Untracked 
| 151|0x0000000089700000, 0x0000000089700000, 0x0000000089800000|  0%| F|  |TAMS 0x0000000089700000, 0x0000000089700000| Untracked 
| 152|0x0000000089800000, 0x0000000089800000, 0x0000000089900000|  0%| F|  |TAMS 0x0000000089800000, 0x0000000089800000| Untracked 
| 153|0x0000000089900000, 0x0000000089900000, 0x0000000089a00000|  0%| F|  |TAMS 0x0000000089900000, 0x0000000089900000| Untracked 
| 154|0x0000000089a00000, 0x0000000089a00000, 0x0000000089b00000|  0%| F|  |TAMS 0x0000000089a00000, 0x0000000089a00000| Untracked 
| 155|0x0000000089b00000, 0x0000000089b00000, 0x0000000089c00000|  0%| F|  |TAMS 0x0000000089b00000, 0x0000000089b00000| Untracked 
| 156|0x0000000089c00000, 0x0000000089c00000, 0x0000000089d00000|  0%| F|  |TAMS 0x0000000089c00000, 0x0000000089c00000| Untracked 
| 157|0x0000000089d00000, 0x0000000089d00000, 0x0000000089e00000|  0%| F|  |TAMS 0x0000000089d00000, 0x0000000089d00000| Untracked 
| 158|0x0000000089e00000, 0x0000000089e00000, 0x0000000089f00000|  0%| F|  |TAMS 0x0000000089e00000, 0x0000000089e00000| Untracked 
| 159|0x0000000089f00000, 0x0000000089f00000, 0x000000008a000000|  0%| F|  |TAMS 0x0000000089f00000, 0x0000000089f00000| Untracked 
| 160|0x000000008a000000, 0x000000008a000000, 0x000000008a100000|  0%| F|  |TAMS 0x000000008a000000, 0x000000008a000000| Untracked 
| 161|0x000000008a100000, 0x000000008a100000, 0x000000008a200000|  0%| F|  |TAMS 0x000000008a100000, 0x000000008a100000| Untracked 
| 162|0x000000008a200000, 0x000000008a200000, 0x000000008a300000|  0%| F|  |TAMS 0x000000008a200000, 0x000000008a200000| Untracked 
| 163|0x000000008a300000, 0x000000008a300000, 0x000000008a400000|  0%| F|  |TAMS 0x000000008a300000, 0x000000008a300000| Untracked 
| 164|0x000000008a400000, 0x000000008a4b0298, 0x000000008a500000| 68%| S|CS|TAMS 0x000000008a400000, 0x000000008a400000| Complete 
| 165|0x000000008a500000, 0x000000008a600000, 0x000000008a600000|100%| S|CS|TAMS 0x000000008a500000, 0x000000008a500000| Complete 
| 166|0x000000008a600000, 0x000000008a700000, 0x000000008a700000|100%| S|CS|TAMS 0x000000008a600000, 0x000000008a600000| Complete 
| 167|0x000000008a700000, 0x000000008a800000, 0x000000008a800000|100%| S|CS|TAMS 0x000000008a700000, 0x000000008a700000| Complete 
| 168|0x000000008a800000, 0x000000008a800000, 0x000000008a900000|  0%| F|  |TAMS 0x000000008a800000, 0x000000008a800000| Untracked 
| 169|0x000000008a900000, 0x000000008a900000, 0x000000008aa00000|  0%| F|  |TAMS 0x000000008a900000, 0x000000008a900000| Untracked 
| 170|0x000000008aa00000, 0x000000008aa00000, 0x000000008ab00000|  0%| F|  |TAMS 0x000000008aa00000, 0x000000008aa00000| Untracked 
| 171|0x000000008ab00000, 0x000000008ab00000, 0x000000008ac00000|  0%| F|  |TAMS 0x000000008ab00000, 0x000000008ab00000| Untracked 
| 172|0x000000008ac00000, 0x000000008ac00000, 0x000000008ad00000|  0%| F|  |TAMS 0x000000008ac00000, 0x000000008ac00000| Untracked 
| 173|0x000000008ad00000, 0x000000008ad00000, 0x000000008ae00000|  0%| F|  |TAMS 0x000000008ad00000, 0x000000008ad00000| Untracked 
| 174|0x000000008ae00000, 0x000000008af00000, 0x000000008af00000|100%| S|CS|TAMS 0x000000008ae00000, 0x000000008ae00000| Complete 
| 175|0x000000008af00000, 0x000000008b000000, 0x000000008b000000|100%| S|CS|TAMS 0x000000008af00000, 0x000000008af00000| Complete 
| 176|0x000000008b000000, 0x000000008b000000, 0x000000008b100000|  0%| F|  |TAMS 0x000000008b000000, 0x000000008b000000| Untracked 
| 177|0x000000008b100000, 0x000000008b100000, 0x000000008b200000|  0%| F|  |TAMS 0x000000008b100000, 0x000000008b100000| Untracked 
| 178|0x000000008b200000, 0x000000008b200000, 0x000000008b300000|  0%| F|  |TAMS 0x000000008b200000, 0x000000008b200000| Untracked 
| 179|0x000000008b300000, 0x000000008b300000, 0x000000008b400000|  0%| F|  |TAMS 0x000000008b300000, 0x000000008b300000| Untracked 
| 180|0x000000008b400000, 0x000000008b400000, 0x000000008b500000|  0%| F|  |TAMS 0x000000008b400000, 0x000000008b400000| Untracked 
| 181|0x000000008b500000, 0x000000008b500000, 0x000000008b600000|  0%| F|  |TAMS 0x000000008b500000, 0x000000008b500000| Untracked 
| 182|0x000000008b600000, 0x000000008b600000, 0x000000008b700000|  0%| F|  |TAMS 0x000000008b600000, 0x000000008b600000| Untracked 
| 183|0x000000008b700000, 0x000000008b700000, 0x000000008b800000|  0%| F|  |TAMS 0x000000008b700000, 0x000000008b700000| Untracked 
| 184|0x000000008b800000, 0x000000008b800000, 0x000000008b900000|  0%| F|  |TAMS 0x000000008b800000, 0x000000008b800000| Untracked 
| 185|0x000000008b900000, 0x000000008b900000, 0x000000008ba00000|  0%| F|  |TAMS 0x000000008b900000, 0x000000008b900000| Untracked 
| 186|0x000000008ba00000, 0x000000008ba00000, 0x000000008bb00000|  0%| F|  |TAMS 0x000000008ba00000, 0x000000008ba00000| Untracked 
| 187|0x000000008bb00000, 0x000000008bb00000, 0x000000008bc00000|  0%| F|  |TAMS 0x000000008bb00000, 0x000000008bb00000| Untracked 
| 188|0x000000008bc00000, 0x000000008bc00000, 0x000000008bd00000|  0%| F|  |TAMS 0x000000008bc00000, 0x000000008bc00000| Untracked 
| 189|0x000000008bd00000, 0x000000008bd00000, 0x000000008be00000|  0%| F|  |TAMS 0x000000008bd00000, 0x000000008bd00000| Untracked 
| 190|0x000000008be00000, 0x000000008be00000, 0x000000008bf00000|  0%| F|  |TAMS 0x000000008be00000, 0x000000008be00000| Untracked 
| 191|0x000000008bf00000, 0x000000008bf00000, 0x000000008c000000|  0%| F|  |TAMS 0x000000008bf00000, 0x000000008bf00000| Untracked 
| 192|0x000000008c000000, 0x000000008c000000, 0x000000008c100000|  0%| F|  |TAMS 0x000000008c000000, 0x000000008c000000| Untracked 
| 193|0x000000008c100000, 0x000000008c100000, 0x000000008c200000|  0%| F|  |TAMS 0x000000008c100000, 0x000000008c100000| Untracked 
| 194|0x000000008c200000, 0x000000008c200000, 0x000000008c300000|  0%| F|  |TAMS 0x000000008c200000, 0x000000008c200000| Untracked 
| 195|0x000000008c300000, 0x000000008c300000, 0x000000008c400000|  0%| F|  |TAMS 0x000000008c300000, 0x000000008c300000| Untracked 
| 196|0x000000008c400000, 0x000000008c400000, 0x000000008c500000|  0%| F|  |TAMS 0x000000008c400000, 0x000000008c400000| Untracked 
| 197|0x000000008c500000, 0x000000008c500000, 0x000000008c600000|  0%| F|  |TAMS 0x000000008c500000, 0x000000008c500000| Untracked 
| 198|0x000000008c600000, 0x000000008c600000, 0x000000008c700000|  0%| F|  |TAMS 0x000000008c600000, 0x000000008c600000| Untracked 
| 199|0x000000008c700000, 0x000000008c700000, 0x000000008c800000|  0%| F|  |TAMS 0x000000008c700000, 0x000000008c700000| Untracked 
| 200|0x000000008c800000, 0x000000008c800000, 0x000000008c900000|  0%| F|  |TAMS 0x000000008c800000, 0x000000008c800000| Untracked 
| 201|0x000000008c900000, 0x000000008c900000, 0x000000008ca00000|  0%| F|  |TAMS 0x000000008c900000, 0x000000008c900000| Untracked 
| 202|0x000000008ca00000, 0x000000008ca00000, 0x000000008cb00000|  0%| F|  |TAMS 0x000000008ca00000, 0x000000008ca00000| Untracked 
| 203|0x000000008cb00000, 0x000000008cb00000, 0x000000008cc00000|  0%| F|  |TAMS 0x000000008cb00000, 0x000000008cb00000| Untracked 
| 204|0x000000008cc00000, 0x000000008cc00000, 0x000000008cd00000|  0%| F|  |TAMS 0x000000008cc00000, 0x000000008cc00000| Untracked 
| 205|0x000000008cd00000, 0x000000008cd00000, 0x000000008ce00000|  0%| F|  |TAMS 0x000000008cd00000, 0x000000008cd00000| Untracked 
| 206|0x000000008ce00000, 0x000000008ce00000, 0x000000008cf00000|  0%| F|  |TAMS 0x000000008ce00000, 0x000000008ce00000| Untracked 
| 207|0x000000008cf00000, 0x000000008cf00000, 0x000000008d000000|  0%| F|  |TAMS 0x000000008cf00000, 0x000000008cf00000| Untracked 
| 208|0x000000008d000000, 0x000000008d000000, 0x000000008d100000|  0%| F|  |TAMS 0x000000008d000000, 0x000000008d000000| Untracked 
| 209|0x000000008d100000, 0x000000008d100000, 0x000000008d200000|  0%| F|  |TAMS 0x000000008d100000, 0x000000008d100000| Untracked 
| 210|0x000000008d200000, 0x000000008d200000, 0x000000008d300000|  0%| F|  |TAMS 0x000000008d200000, 0x000000008d200000| Untracked 
| 211|0x000000008d300000, 0x000000008d300000, 0x000000008d400000|  0%| F|  |TAMS 0x000000008d300000, 0x000000008d300000| Untracked 
| 212|0x000000008d400000, 0x000000008d400000, 0x000000008d500000|  0%| F|  |TAMS 0x000000008d400000, 0x000000008d400000| Untracked 
| 213|0x000000008d500000, 0x000000008d500000, 0x000000008d600000|  0%| F|  |TAMS 0x000000008d500000, 0x000000008d500000| Untracked 
| 214|0x000000008d600000, 0x000000008d600000, 0x000000008d700000|  0%| F|  |TAMS 0x000000008d600000, 0x000000008d600000| Untracked 
| 215|0x000000008d700000, 0x000000008d700000, 0x000000008d800000|  0%| F|  |TAMS 0x000000008d700000, 0x000000008d700000| Untracked 
| 216|0x000000008d800000, 0x000000008d800000, 0x000000008d900000|  0%| F|  |TAMS 0x000000008d800000, 0x000000008d800000| Untracked 
| 217|0x000000008d900000, 0x000000008d900000, 0x000000008da00000|  0%| F|  |TAMS 0x000000008d900000, 0x000000008d900000| Untracked 
| 218|0x000000008da00000, 0x000000008da00000, 0x000000008db00000|  0%| F|  |TAMS 0x000000008da00000, 0x000000008da00000| Untracked 
| 219|0x000000008db00000, 0x000000008db00000, 0x000000008dc00000|  0%| F|  |TAMS 0x000000008db00000, 0x000000008db00000| Untracked 
| 220|0x000000008dc00000, 0x000000008dc00000, 0x000000008dd00000|  0%| F|  |TAMS 0x000000008dc00000, 0x000000008dc00000| Untracked 
| 221|0x000000008dd00000, 0x000000008dd00000, 0x000000008de00000|  0%| F|  |TAMS 0x000000008dd00000, 0x000000008dd00000| Untracked 
| 222|0x000000008de00000, 0x000000008de00000, 0x000000008df00000|  0%| F|  |TAMS 0x000000008de00000, 0x000000008de00000| Untracked 
| 223|0x000000008df00000, 0x000000008df00000, 0x000000008e000000|  0%| F|  |TAMS 0x000000008df00000, 0x000000008df00000| Untracked 
| 224|0x000000008e000000, 0x000000008e000000, 0x000000008e100000|  0%| F|  |TAMS 0x000000008e000000, 0x000000008e000000| Untracked 
| 225|0x000000008e100000, 0x000000008e100000, 0x000000008e200000|  0%| F|  |TAMS 0x000000008e100000, 0x000000008e100000| Untracked 
| 226|0x000000008e200000, 0x000000008e200000, 0x000000008e300000|  0%| F|  |TAMS 0x000000008e200000, 0x000000008e200000| Untracked 
| 227|0x000000008e300000, 0x000000008e300000, 0x000000008e400000|  0%| F|  |TAMS 0x000000008e300000, 0x000000008e300000| Untracked 
| 228|0x000000008e400000, 0x000000008e400000, 0x000000008e500000|  0%| F|  |TAMS 0x000000008e400000, 0x000000008e400000| Untracked 
| 229|0x000000008e500000, 0x000000008e500000, 0x000000008e600000|  0%| F|  |TAMS 0x000000008e500000, 0x000000008e500000| Untracked 
| 230|0x000000008e600000, 0x000000008e600000, 0x000000008e700000|  0%| F|  |TAMS 0x000000008e600000, 0x000000008e600000| Untracked 
| 231|0x000000008e700000, 0x000000008e700000, 0x000000008e800000|  0%| F|  |TAMS 0x000000008e700000, 0x000000008e700000| Untracked 
| 232|0x000000008e800000, 0x000000008e800000, 0x000000008e900000|  0%| F|  |TAMS 0x000000008e800000, 0x000000008e800000| Untracked 
| 233|0x000000008e900000, 0x000000008e900000, 0x000000008ea00000|  0%| F|  |TAMS 0x000000008e900000, 0x000000008e900000| Untracked 
| 234|0x000000008ea00000, 0x000000008ea00000, 0x000000008eb00000|  0%| F|  |TAMS 0x000000008ea00000, 0x000000008ea00000| Untracked 
| 235|0x000000008eb00000, 0x000000008eb00000, 0x000000008ec00000|  0%| F|  |TAMS 0x000000008eb00000, 0x000000008eb00000| Untracked 
| 236|0x000000008ec00000, 0x000000008ec00000, 0x000000008ed00000|  0%| F|  |TAMS 0x000000008ec00000, 0x000000008ec00000| Untracked 
| 237|0x000000008ed00000, 0x000000008ed00000, 0x000000008ee00000|  0%| F|  |TAMS 0x000000008ed00000, 0x000000008ed00000| Untracked 
| 238|0x000000008ee00000, 0x000000008ee00000, 0x000000008ef00000|  0%| F|  |TAMS 0x000000008ee00000, 0x000000008ee00000| Untracked 
| 239|0x000000008ef00000, 0x000000008ef00000, 0x000000008f000000|  0%| F|  |TAMS 0x000000008ef00000, 0x000000008ef00000| Untracked 
| 240|0x000000008f000000, 0x000000008f000000, 0x000000008f100000|  0%| F|  |TAMS 0x000000008f000000, 0x000000008f000000| Untracked 
| 241|0x000000008f100000, 0x000000008f100000, 0x000000008f200000|  0%| F|  |TAMS 0x000000008f100000, 0x000000008f100000| Untracked 
| 242|0x000000008f200000, 0x000000008f200000, 0x000000008f300000|  0%| F|  |TAMS 0x000000008f200000, 0x000000008f200000| Untracked 
| 243|0x000000008f300000, 0x000000008f300000, 0x000000008f400000|  0%| F|  |TAMS 0x000000008f300000, 0x000000008f300000| Untracked 
| 244|0x000000008f400000, 0x000000008f400000, 0x000000008f500000|  0%| F|  |TAMS 0x000000008f400000, 0x000000008f400000| Untracked 
| 245|0x000000008f500000, 0x000000008f500000, 0x000000008f600000|  0%| F|  |TAMS 0x000000008f500000, 0x000000008f500000| Untracked 
| 246|0x000000008f600000, 0x000000008f600000, 0x000000008f700000|  0%| F|  |TAMS 0x000000008f600000, 0x000000008f600000| Untracked 
| 247|0x000000008f700000, 0x000000008f700000, 0x000000008f800000|  0%| F|  |TAMS 0x000000008f700000, 0x000000008f700000| Untracked 
| 248|0x000000008f800000, 0x000000008f800000, 0x000000008f900000|  0%| F|  |TAMS 0x000000008f800000, 0x000000008f800000| Untracked 
| 249|0x000000008f900000, 0x000000008f900000, 0x000000008fa00000|  0%| F|  |TAMS 0x000000008f900000, 0x000000008f900000| Untracked 
| 250|0x000000008fa00000, 0x000000008fa00000, 0x000000008fb00000|  0%| F|  |TAMS 0x000000008fa00000, 0x000000008fa00000| Untracked 
| 251|0x000000008fb00000, 0x000000008fb00000, 0x000000008fc00000|  0%| F|  |TAMS 0x000000008fb00000, 0x000000008fb00000| Untracked 
| 252|0x000000008fc00000, 0x000000008fc00000, 0x000000008fd00000|  0%| F|  |TAMS 0x000000008fc00000, 0x000000008fc00000| Untracked 
| 253|0x000000008fd00000, 0x000000008fd00000, 0x000000008fe00000|  0%| F|  |TAMS 0x000000008fd00000, 0x000000008fd00000| Untracked 
| 254|0x000000008fe00000, 0x000000008fe00000, 0x000000008ff00000|  0%| F|  |TAMS 0x000000008fe00000, 0x000000008fe00000| Untracked 
| 255|0x000000008ff00000, 0x000000008ff00000, 0x0000000090000000|  0%| F|  |TAMS 0x000000008ff00000, 0x000000008ff00000| Untracked 
| 256|0x0000000090000000, 0x0000000090000000, 0x0000000090100000|  0%| F|  |TAMS 0x0000000090000000, 0x0000000090000000| Untracked 
| 257|0x0000000090100000, 0x0000000090100000, 0x0000000090200000|  0%| F|  |TAMS 0x0000000090100000, 0x0000000090100000| Untracked 
| 258|0x0000000090200000, 0x0000000090200000, 0x0000000090300000|  0%| F|  |TAMS 0x0000000090200000, 0x0000000090200000| Untracked 
| 259|0x0000000090300000, 0x0000000090300000, 0x0000000090400000|  0%| F|  |TAMS 0x0000000090300000, 0x0000000090300000| Untracked 
| 260|0x0000000090400000, 0x0000000090500000, 0x0000000090500000|100%| E|  |TAMS 0x0000000090400000, 0x0000000090400000| Complete 
| 261|0x0000000090500000, 0x0000000090600000, 0x0000000090600000|100%| E|CS|TAMS 0x0000000090500000, 0x0000000090500000| Complete 
| 262|0x0000000090600000, 0x0000000090700000, 0x0000000090700000|100%| E|CS|TAMS 0x0000000090600000, 0x0000000090600000| Complete 
| 263|0x0000000090700000, 0x0000000090800000, 0x0000000090800000|100%| E|CS|TAMS 0x0000000090700000, 0x0000000090700000| Complete 
| 264|0x0000000090800000, 0x0000000090900000, 0x0000000090900000|100%| E|CS|TAMS 0x0000000090800000, 0x0000000090800000| Complete 
| 265|0x0000000090900000, 0x0000000090a00000, 0x0000000090a00000|100%| E|CS|TAMS 0x0000000090900000, 0x0000000090900000| Complete 
| 266|0x0000000090a00000, 0x0000000090b00000, 0x0000000090b00000|100%| E|CS|TAMS 0x0000000090a00000, 0x0000000090a00000| Complete 

Card table byte_map: [0x0000019557a90000,0x0000019557e90000] _byte_map_base: 0x0000019557690000

Marking Bits (Prev, Next): (CMBitMap*) 0x0000019544b9fcf0, (CMBitMap*) 0x0000019544b9fcb8
 Prev Bits: [0x000001955a290000, 0x000001955c290000)
 Next Bits: [0x0000019558290000, 0x000001955a290000)

Polling page: 0x0000019542a90000

Metaspace:

Usage:
  Non-class:     67.67 MB capacity,    66.54 MB ( 98%) used,   948.85 KB (  1%) free+waste,   208.25 KB ( <1%) overhead. 
      Class:     10.69 MB capacity,     9.90 MB ( 93%) used,   703.76 KB (  6%) free+waste,    98.50 KB ( <1%) overhead. 
       Both:     78.36 MB capacity,    76.44 MB ( 98%) used,     1.61 MB (  2%) free+waste,   306.75 KB ( <1%) overhead. 

Virtual space:
  Non-class space:       68.00 MB reserved,      67.67 MB (>99%) committed 
      Class space:        1.00 GB reserved,      10.78 MB (  1%) committed 
             Both:        1.07 GB reserved,      78.45 MB (  7%) committed 

Chunk freelists:
   Non-Class:  3.00 KB
       Class:  1.00 KB
        Both:  4.00 KB

MaxMetaspaceSize: 17179869184.00 GB
CompressedClassSpaceSize: 1.00 GB
Initial GC threshold: 20.80 MB
Current GC threshold: 122.01 MB
CDS: off

CodeHeap 'non-profiled nmethods': size=120064Kb used=4732Kb max_used=4732Kb free=115332Kb
 bounds [0x0000019550150000, 0x00000195505f0000, 0x0000019557690000]
CodeHeap 'profiled nmethods': size=120000Kb used=16551Kb max_used=16551Kb free=103448Kb
 bounds [0x0000019548c20000, 0x0000019549c50000, 0x0000019550150000]
CodeHeap 'non-nmethods': size=5696Kb used=2368Kb max_used=2417Kb free=3327Kb
 bounds [0x0000019548690000, 0x0000019548900000, 0x0000019548c20000]
 total_blobs=8595 nmethods=7705 adapters=802
 compilation: enabled
              stopped_count=0, restarted_count=0
 full_count=0

Compilation events (20 events):
Event: 21.937 Thread 0x000001955e79a000 7759       3       org.gradle.internal.extensibility.DefaultExtraPropertiesExtension::has (11 bytes)
Event: 21.938 Thread 0x000001955e79a000 nmethod 7759 0x0000019549c41910 code [0x0000019549c41ac0, 0x0000019549c41c88]
Event: 21.938 Thread 0x000001955e79a000 7760       3       org.gradle.api.internal.DefaultNamedDomainObjectCollection::doAdd (63 bytes)
Event: 21.940 Thread 0x000001955e79a000 nmethod 7760 0x0000019549c41d90 code [0x0000019549c42000, 0x0000019549c42c38]
Event: 21.940 Thread 0x000001955e79a000 7761       3       org.gradle.api.internal.DefaultNamedDomainObjectCollection::didAdd (21 bytes)
Event: 21.941 Thread 0x000001955e79a000 nmethod 7761 0x0000019549c43010 code [0x0000019549c431e0, 0x0000019549c43478]
Event: 21.941 Thread 0x000001955e79a000 7762       3       org.gradle.api.internal.DefaultNamedDomainObjectCollection$UnfilteredIndex::put (13 bytes)
Event: 21.941 Thread 0x000001955e79a000 nmethod 7762 0x0000019549c43590 code [0x0000019549c43740, 0x0000019549c43908]
Event: 21.941 Thread 0x000001955e79a000 7763       1       org.gradle.internal.extensibility.ExtensionsStorage$ExtensionHolder::get (5 bytes)
Event: 21.942 Thread 0x000001955e79a000 nmethod 7763 0x00000195505eea10 code [0x00000195505eebc0, 0x00000195505eec78]
Event: 21.996 Thread 0x000001955e79a000 7764       3       com.google.common.collect.ImmutableMapEntrySet::size (8 bytes)
Event: 21.997 Thread 0x000001955e79a000 nmethod 7764 0x0000019549c43a10 code [0x0000019549c43be0, 0x0000019549c43e58]
Event: 21.998 Thread 0x000001955e79a000 7765       3       com.google.common.collect.ImmutableMap$Builder::putAll (11 bytes)
Event: 21.999 Thread 0x000001955e79a000 nmethod 7765 0x0000019549c43f10 code [0x0000019549c440e0, 0x0000019549c442f8]
Event: 22.002 Thread 0x000001955e79a000 7766       3       org.gradle.model.internal.asm.MethodVisitorScope::_AASTORE (7 bytes)
Event: 22.002 Thread 0x000001955e79a000 nmethod 7766 0x0000019549c44410 code [0x0000019549c445e0, 0x0000019549c44848]
Event: 22.003 Thread 0x000001955e79a000 7767   !   3       java.lang.invoke.MethodHandles$Lookup::defineClass (293 bytes)
Event: 22.007 Thread 0x000001955e79a000 nmethod 7767 0x0000019549c44990 code [0x0000019549c44e80, 0x0000019549c47528]
Event: 22.008 Thread 0x000001955e79a000 7768       3       java.lang.invoke.MethodHandles$Lookup$$Lambda$164/0x0000000100338440::run (8 bytes)
Event: 22.008 Thread 0x000001955e79a000 nmethod 7768 0x0000019549c48510 code [0x0000019549c486c0, 0x0000019549c487e8]

GC Heap History (20 events):
Event: 13.303 GC heap before
{Heap before GC invocations=23 (full 0):
 garbage-first heap   total 157696K, used 110933K [0x0000000080000000, 0x0000000100000000)
  region size 1024K, 20 young (20480K), 4 survivors (4096K)
 Metaspace       used 52349K, capacity 53869K, committed 54096K, reserved 1095680K
  class space    used 6687K, capacity 7285K, committed 7328K, reserved 1048576K
}
Event: 13.312 GC heap after
{Heap after GC invocations=24 (full 0):
 garbage-first heap   total 189440K, used 97532K [0x0000000080000000, 0x0000000100000000)
  region size 1024K, 3 young (3072K), 3 survivors (3072K)
 Metaspace       used 52349K, capacity 53869K, committed 54096K, reserved 1095680K
  class space    used 6687K, capacity 7285K, committed 7328K, reserved 1048576K
}
Event: 13.503 GC heap before
{Heap before GC invocations=25 (full 0):
 garbage-first heap   total 189440K, used 113916K [0x0000000080000000, 0x0000000100000000)
  region size 1024K, 13 young (13312K), 3 survivors (3072K)
 Metaspace       used 52759K, capacity 54283K, committed 54480K, reserved 1095680K
  class space    used 6753K, capacity 7359K, committed 7456K, reserved 1048576K
}
Event: 13.513 GC heap after
{Heap after GC invocations=26 (full 0):
 garbage-first heap   total 189440K, used 110692K [0x0000000080000000, 0x0000000100000000)
  region size 1024K, 6 young (6144K), 6 survivors (6144K)
 Metaspace       used 52759K, capacity 54283K, committed 54480K, reserved 1095680K
  class space    used 6753K, capacity 7359K, committed 7456K, reserved 1048576K
}
Event: 14.067 GC heap before
{Heap before GC invocations=27 (full 0):
 garbage-first heap   total 189440K, used 141412K [0x0000000080000000, 0x0000000100000000)
  region size 1024K, 36 young (36864K), 6 survivors (6144K)
 Metaspace       used 55993K, capacity 57715K, committed 57936K, reserved 1099776K
  class space    used 7169K, capacity 7838K, committed 7840K, reserved 1048576K
}
Event: 14.078 GC heap after
{Heap after GC invocations=28 (full 0):
 garbage-first heap   total 189440K, used 113461K [0x0000000080000000, 0x0000000100000000)
  region size 1024K, 3 young (3072K), 3 survivors (3072K)
 Metaspace       used 55993K, capacity 57715K, committed 57936K, reserved 1099776K
  class space    used 7169K, capacity 7838K, committed 7840K, reserved 1048576K
}
Event: 14.729 GC heap before
{Heap before GC invocations=28 (full 0):
 garbage-first heap   total 189440K, used 144181K [0x0000000080000000, 0x0000000100000000)
  region size 1024K, 34 young (34816K), 3 survivors (3072K)
 Metaspace       used 60327K, capacity 62114K, committed 62416K, reserved 1103872K
  class space    used 7660K, capacity 8370K, committed 8480K, reserved 1048576K
}
Event: 14.737 GC heap after
{Heap after GC invocations=29 (full 0):
 garbage-first heap   total 189440K, used 114760K [0x0000000080000000, 0x0000000100000000)
  region size 1024K, 2 young (2048K), 2 survivors (2048K)
 Metaspace       used 60327K, capacity 62114K, committed 62416K, reserved 1103872K
  class space    used 7660K, capacity 8370K, committed 8480K, reserved 1048576K
}
Event: 15.292 GC heap before
{Heap before GC invocations=30 (full 0):
 garbage-first heap   total 189440K, used 132168K [0x0000000080000000, 0x0000000100000000)
  region size 1024K, 20 young (20480K), 2 survivors (2048K)
 Metaspace       used 63808K, capacity 65606K, committed 65872K, reserved 1105920K
  class space    used 8087K, capacity 8791K, committed 8864K, reserved 1048576K
}
Event: 15.302 GC heap after
{Heap after GC invocations=31 (full 0):
 garbage-first heap   total 227328K, used 116984K [0x0000000080000000, 0x0000000100000000)
  region size 1024K, 4 young (4096K), 4 survivors (4096K)
 Metaspace       used 63808K, capacity 65606K, committed 65872K, reserved 1105920K
  class space    used 8087K, capacity 8791K, committed 8864K, reserved 1048576K
}
Event: 16.237 GC heap before
{Heap before GC invocations=32 (full 0):
 garbage-first heap   total 227328K, used 173304K [0x0000000080000000, 0x0000000100000000)
  region size 1024K, 52 young (53248K), 4 survivors (4096K)
 Metaspace       used 66744K, capacity 68578K, committed 68816K, reserved 1110016K
  class space    used 8459K, capacity 9193K, committed 9248K, reserved 1048576K
}
Event: 16.254 GC heap after
{Heap after GC invocations=33 (full 0):
 garbage-first heap   total 227328K, used 120694K [0x0000000080000000, 0x0000000100000000)
  region size 1024K, 7 young (7168K), 7 survivors (7168K)
 Metaspace       used 66744K, capacity 68578K, committed 68816K, reserved 1110016K
  class space    used 8459K, capacity 9193K, committed 9248K, reserved 1048576K
}
Event: 16.466 GC heap before
{Heap before GC invocations=33 (full 0):
 garbage-first heap   total 227328K, used 129910K [0x0000000080000000, 0x0000000100000000)
  region size 1024K, 17 young (17408K), 7 survivors (7168K)
 Metaspace       used 67555K, capacity 69389K, committed 69712K, reserved 1110016K
  class space    used 8575K, capacity 9291K, committed 9376K, reserved 1048576K
}
Event: 16.482 GC heap after
{Heap after GC invocations=34 (full 0):
 garbage-first heap   total 227328K, used 121746K [0x0000000080000000, 0x0000000100000000)
  region size 1024K, 2 young (2048K), 2 survivors (2048K)
 Metaspace       used 67555K, capacity 69389K, committed 69712K, reserved 1110016K
  class space    used 8575K, capacity 9291K, committed 9376K, reserved 1048576K
}
Event: 17.423 GC heap before
{Heap before GC invocations=35 (full 0):
 garbage-first heap   total 227328K, used 165778K [0x0000000080000000, 0x0000000100000000)
  region size 1024K, 44 young (45056K), 2 survivors (2048K)
 Metaspace       used 71264K, capacity 73040K, committed 73168K, reserved 1112064K
  class space    used 9040K, capacity 9749K, committed 9760K, reserved 1048576K
}
Event: 17.429 GC heap after
{Heap after GC invocations=36 (full 0):
 garbage-first heap   total 227328K, used 123282K [0x0000000080000000, 0x0000000100000000)
  region size 1024K, 3 young (3072K), 3 survivors (3072K)
 Metaspace       used 71264K, capacity 73040K, committed 73168K, reserved 1112064K
  class space    used 9040K, capacity 9749K, committed 9760K, reserved 1048576K
}
Event: 18.351 GC heap before
{Heap before GC invocations=36 (full 0):
 garbage-first heap   total 227328K, used 169362K [0x0000000080000000, 0x0000000100000000)
  region size 1024K, 48 young (49152K), 3 survivors (3072K)
 Metaspace       used 72413K, capacity 74366K, committed 74704K, reserved 1114112K
  class space    used 9182K, capacity 9914K, committed 10016K, reserved 1048576K
}
Event: 18.363 GC heap after
{Heap after GC invocations=37 (full 0):
 garbage-first heap   total 227328K, used 126154K [0x0000000080000000, 0x0000000100000000)
  region size 1024K, 6 young (6144K), 6 survivors (6144K)
 Metaspace       used 72413K, capacity 74366K, committed 74704K, reserved 1114112K
  class space    used 9182K, capacity 9914K, committed 10016K, reserved 1048576K
}
Event: 21.835 GC heap before
{Heap before GC invocations=38 (full 0):
 garbage-first heap   total 227328K, used 173258K [0x0000000080000000, 0x0000000100000000)
  region size 1024K, 52 young (53248K), 6 survivors (6144K)
 Metaspace       used 77736K, capacity 79755K, committed 79952K, reserved 1118208K
  class space    used 10076K, capacity 10847K, committed 10912K, reserved 1048576K
}
Event: 21.860 GC heap after
{Heap after GC invocations=39 (full 0):
 garbage-first heap   total 273408K, used 128736K [0x0000000080000000, 0x0000000100000000)
  region size 1024K, 6 young (6144K), 6 survivors (6144K)
 Metaspace       used 77736K, capacity 79755K, committed 79952K, reserved 1118208K
  class space    used 10076K, capacity 10847K, committed 10912K, reserved 1048576K
}

Deoptimization events (20 events):
Event: 18.434 Thread 0x000001956168c000 Uncommon trap: trap_request=0xffffffc6 fr.pc=0x000001955059f41c relative=0x000000000000041c
Event: 18.434 Thread 0x000001956168c000 Uncommon trap: reason=bimorphic_or_optimized_type_check action=maybe_recompile pc=0x000001955059f41c method=java.util.stream.MatchOps$1MatchSink.accept(Ljava/lang/Object;)V @ 12 c2
Event: 18.434 Thread 0x000001956168c000 DEOPT PACKING pc=0x000001955059f41c sp=0x000000455def73a0
Event: 18.434 Thread 0x000001956168c000 DEOPT UNPACKING pc=0x00000195486da1af sp=0x000000455def72c8 mode 2
Event: 18.434 Thread 0x000001956168c000 Uncommon trap: trap_request=0xffffffc6 fr.pc=0x000001955059f41c relative=0x000000000000041c
Event: 18.434 Thread 0x000001956168c000 Uncommon trap: reason=bimorphic_or_optimized_type_check action=maybe_recompile pc=0x000001955059f41c method=java.util.stream.MatchOps$1MatchSink.accept(Ljava/lang/Object;)V @ 12 c2
Event: 18.434 Thread 0x000001956168c000 DEOPT PACKING pc=0x000001955059f41c sp=0x000000455def73a0
Event: 18.434 Thread 0x000001956168c000 DEOPT UNPACKING pc=0x00000195486da1af sp=0x000000455def72c8 mode 2
Event: 18.737 Thread 0x000001956168c000 DEOPT PACKING pc=0x000001954983b3d6 sp=0x000000455def7970
Event: 18.737 Thread 0x000001956168c000 DEOPT UNPACKING pc=0x00000195486da95e sp=0x000000455def6f10 mode 0
Event: 18.957 Thread 0x000001956168c000 DEOPT PACKING pc=0x00000195499a3427 sp=0x000000455def7720
Event: 18.957 Thread 0x000001956168c000 DEOPT UNPACKING pc=0x00000195486da95e sp=0x000000455def6bd0 mode 0
Event: 20.591 Thread 0x000001956168c000 Uncommon trap: trap_request=0xffffff4d fr.pc=0x000001955042dce8 relative=0x0000000000000288
Event: 20.591 Thread 0x000001956168c000 Uncommon trap: reason=unstable_if action=reinterpret pc=0x000001955042dce8 method=java.io.WinNTFileSystem.prefixLength(Ljava/lang/String;)I @ 11 c2
Event: 20.591 Thread 0x000001956168c000 DEOPT PACKING pc=0x000001955042dce8 sp=0x000000455def8320
Event: 20.591 Thread 0x000001956168c000 DEOPT UNPACKING pc=0x00000195486da1af sp=0x000000455def82a0 mode 2
Event: 21.770 Thread 0x000001956168c000 Uncommon trap: trap_request=0xffffffde fr.pc=0x00000195505806fc relative=0x0000000000000edc
Event: 21.770 Thread 0x000001956168c000 Uncommon trap: reason=class_check action=maybe_recompile pc=0x00000195505806fc method=org.gradle.internal.instantiation.generator.AbstractClassGenerator$InjectionAnnotationValidator.validateMethod(Ljava/lang/reflect/Method;Lorg/gradle/internal/reflect/Pro
Event: 21.770 Thread 0x000001956168c000 DEOPT PACKING pc=0x00000195505806fc sp=0x000000455def7a20
Event: 21.770 Thread 0x000001956168c000 DEOPT UNPACKING pc=0x00000195486da1af sp=0x000000455def79d8 mode 2

Classes redefined (0 events):
No events

Internal exceptions (20 events):
Event: 17.727 Thread 0x000001956168c000 Exception <a 'java/lang/ClassNotFoundException'{0x000000008bc3e2a8}: build_4v2j1p0q7ysnyjrzy9bec22jz$_run_closure1$_closure4BeanInfo> (0x000000008bc3e2a8) thrown at [src/hotspot/share/classfile/systemDictionary.cpp, line 230]
Event: 17.732 Thread 0x000001956168c000 Exception <a 'java/lang/ClassNotFoundException'{0x000000008bc529b0}: build_4v2j1p0q7ysnyjrzy9bec22jz$_run_closure1$_closure4Customizer> (0x000000008bc529b0) thrown at [src/hotspot/share/classfile/systemDictionary.cpp, line 230]
Event: 17.738 Thread 0x000001956168c000 Exception <a 'java/lang/ClassNotFoundException'{0x000000008bc7f0c8}: build_4v2j1p0q7ysnyjrzy9bec22jz$_run_closure1BeanInfo> (0x000000008bc7f0c8) thrown at [src/hotspot/share/classfile/systemDictionary.cpp, line 230]
Event: 17.739 Thread 0x000001956168c000 Exception <a 'java/lang/ClassNotFoundException'{0x000000008bc92e70}: build_4v2j1p0q7ysnyjrzy9bec22jz$_run_closure1Customizer> (0x000000008bc92e70) thrown at [src/hotspot/share/classfile/systemDictionary.cpp, line 230]
Event: 17.751 Thread 0x000001956168c000 Exception <a 'java/lang/ClassNotFoundException'{0x000000008bcfc548}: org/gradle/api/JavaVersionBeanInfo> (0x000000008bcfc548) thrown at [src/hotspot/share/classfile/systemDictionary.cpp, line 230]
Event: 17.753 Thread 0x000001956168c000 Exception <a 'java/lang/ClassNotFoundException'{0x000000008bb2f318}: org/gradle/api/JavaVersionCustomizer> (0x000000008bb2f318) thrown at [src/hotspot/share/classfile/systemDictionary.cpp, line 230]
Event: 17.759 Thread 0x000001956168c000 Exception <a 'java/lang/ClassNotFoundException'{0x000000008bb9ee30}: com/android/build/gradle/internal/CompileOptions$AgpDecorated_DecoratedBeanInfo> (0x000000008bb9ee30) thrown at [src/hotspot/share/classfile/systemDictionary.cpp, line 230]
Event: 17.760 Thread 0x000001956168c000 Exception <a 'java/lang/ClassNotFoundException'{0x000000008bbbfad0}: com/android/build/gradle/internal/CompileOptions$AgpDecoratedBeanInfo> (0x000000008bbbfad0) thrown at [src/hotspot/share/classfile/systemDictionary.cpp, line 230]
Event: 17.761 Thread 0x000001956168c000 Exception <a 'java/lang/ClassNotFoundException'{0x000000008bbddea0}: com/android/build/gradle/internal/CompileOptionsBeanInfo> (0x000000008bbddea0) thrown at [src/hotspot/share/classfile/systemDictionary.cpp, line 230]
Event: 17.762 Thread 0x000001956168c000 Exception <a 'java/lang/ClassNotFoundException'{0x000000008bbfc900}: com/android/build/gradle/internal/CompileOptionsCustomizer> (0x000000008bbfc900) thrown at [src/hotspot/share/classfile/systemDictionary.cpp, line 230]
Event: 17.763 Thread 0x000001956168c000 Exception <a 'java/lang/ClassNotFoundException'{0x000000008ba29e68}: com/android/build/gradle/internal/CompileOptions$AgpDecoratedCustomizer> (0x000000008ba29e68) thrown at [src/hotspot/share/classfile/systemDictionary.cpp, line 230]
Event: 17.767 Thread 0x000001956168c000 Exception <a 'java/lang/ClassNotFoundException'{0x000000008ba5ab00}: com/android/build/gradle/internal/CompileOptions$AgpDecorated_DecoratedCustomizer> (0x000000008ba5ab00) thrown at [src/hotspot/share/classfile/systemDictionary.cpp, line 230]
Event: 17.773 Thread 0x000001956168c000 Exception <a 'java/lang/ClassNotFoundException'{0x000000008bae7eb8}: org/jetbrains/kotlin/gradle/plugin/AndroidProjectHandler$configureTarget$kotlinOptions$1BeanInfo> (0x000000008bae7eb8) thrown at [src/hotspot/share/classfile/systemDictionary.cpp, line 230]
Event: 17.778 Thread 0x000001956168c000 Exception <a 'java/lang/ClassNotFoundException'{0x000000008b90e5e8}: org/jetbrains/kotlin/gradle/plugin/AndroidProjectHandler$configureTarget$kotlinOptions$1Customizer> (0x000000008b90e5e8) thrown at [src/hotspot/share/classfile/systemDictionary.cpp, line 230]
Event: 21.871 Thread 0x000001956168c000 Exception <a 'java/lang/ClassNotFoundException'{0x0000000090a80ae0}: com/android/build/gradle/internal/api/ApkVariantOutputImpl_DecoratedBeanInfo> (0x0000000090a80ae0) thrown at [src/hotspot/share/classfile/systemDictionary.cpp, line 230]
Event: 21.873 Thread 0x000001956168c000 Exception <a 'java/lang/ClassNotFoundException'{0x0000000090a9fe28}: com/android/build/gradle/internal/api/ApkVariantOutputImplBeanInfo> (0x0000000090a9fe28) thrown at [src/hotspot/share/classfile/systemDictionary.cpp, line 230]
Event: 21.874 Thread 0x000001956168c000 Exception <a 'java/lang/ClassNotFoundException'{0x0000000090abf718}: com/android/build/gradle/internal/api/BaseVariantOutputImplBeanInfo> (0x0000000090abf718) thrown at [src/hotspot/share/classfile/systemDictionary.cpp, line 230]
Event: 21.875 Thread 0x000001956168c000 Exception <a 'java/lang/ClassNotFoundException'{0x0000000090adf090}: com/android/build/gradle/internal/api/BaseVariantOutputImplCustomizer> (0x0000000090adf090) thrown at [src/hotspot/share/classfile/systemDictionary.cpp, line 230]
Event: 21.879 Thread 0x000001956168c000 Exception <a 'java/lang/ClassNotFoundException'{0x0000000090911578}: com/android/build/gradle/internal/api/ApkVariantOutputImplCustomizer> (0x0000000090911578) thrown at [src/hotspot/share/classfile/systemDictionary.cpp, line 230]
Event: 21.884 Thread 0x000001956168c000 Exception <a 'java/lang/ClassNotFoundException'{0x000000009093fe48}: com/android/build/gradle/internal/api/ApkVariantOutputImpl_DecoratedCustomizer> (0x000000009093fe48) thrown at [src/hotspot/share/classfile/systemDictionary.cpp, line 230]

Events (20 events):
Event: 21.983 loading class org/jetbrains/kotlin/gradle/tasks/KotlinCompilationTask
Event: 21.983 loading class org/jetbrains/kotlin/gradle/tasks/KotlinCompilationTask done
Event: 21.984 loading class org/jetbrains/kotlin/gradle/tasks/AbstractKotlinCompile
Event: 21.984 loading class org/jetbrains/kotlin/gradle/tasks/AbstractKotlinCompile done
Event: 21.985 loading class org/jetbrains/kotlin/gradle/tasks/CompileUsingKotlinDaemonWithNormalization
Event: 21.985 loading class org/jetbrains/kotlin/gradle/tasks/CompileUsingKotlinDaemonWithNormalization done
Event: 21.986 loading class org/jetbrains/kotlin/gradle/tasks/CompileUsingKotlinDaemon
Event: 21.986 loading class org/jetbrains/kotlin/gradle/tasks/CompileUsingKotlinDaemon done
Event: 21.994 loading class org/jetbrains/kotlin/gradle/plugin/HasCompilerOptions
Event: 21.994 loading class org/jetbrains/kotlin/gradle/plugin/HasCompilerOptions done
Event: 21.995 loading class org/jetbrains/kotlin/gradle/plugin/KotlinCompilation$Companion
Event: 21.995 loading class org/jetbrains/kotlin/gradle/plugin/KotlinCompilation$Companion done
Event: 22.000 loading class org/gradle/internal/instantiation/generator/AsmBackedClassGenerator$AttachedProperty
Event: 22.000 loading class org/gradle/internal/instantiation/generator/AsmBackedClassGenerator$AttachedProperty done
Event: 22.011 loading class org/jetbrains/kotlin/gradle/plugin/mpp/AbstractKotlinCompilation$attributeContainer$2
Event: 22.011 loading class org/jetbrains/kotlin/gradle/plugin/mpp/AbstractKotlinCompilation$attributeContainer$2 done
Event: 22.012 loading class org/jetbrains/kotlin/gradle/plugin/AbstractKotlinTargetConfigurator
Event: 22.012 loading class org/jetbrains/kotlin/gradle/plugin/AbstractKotlinTargetConfigurator done
Event: 22.013 loading class org/jetbrains/kotlin/gradle/plugin/KotlinTargetConfigurator
Event: 22.013 loading class org/jetbrains/kotlin/gradle/plugin/KotlinTargetConfigurator done


Dynamic libraries:
0x00007ff65a8e0000 - 0x00007ff65a8ea000 	C:\android1\jbr\bin\java.exe
0x00007ff9ca9d0000 - 0x00007ff9cabc8000 	C:\Windows\SYSTEM32\ntdll.dll
0x00007ff9c9a50000 - 0x00007ff9c9b0f000 	C:\Windows\System32\KERNEL32.DLL
0x00007ff9c8150000 - 0x00007ff9c8446000 	C:\Windows\System32\KERNELBASE.dll
0x00007ff9c88c0000 - 0x00007ff9c89c0000 	C:\Windows\System32\ucrtbase.dll
0x00007ff9c04c0000 - 0x00007ff9c04d7000 	C:\android1\jbr\bin\jli.dll
0x00007ff9c04a0000 - 0x00007ff9c04bb000 	C:\android1\jbr\bin\VCRUNTIME140.dll
0x00007ff9ca790000 - 0x00007ff9ca92d000 	C:\Windows\System32\USER32.dll
0x00007ff9b6b50000 - 0x00007ff9b6dea000 	C:\Windows\WinSxS\amd64_microsoft.windows.common-controls_6595b64144ccf1df_6.0.19041.1110_none_60b5254171f9507e\COMCTL32.dll
0x00007ff9c8890000 - 0x00007ff9c88b2000 	C:\Windows\System32\win32u.dll
0x00007ff9c9130000 - 0x00007ff9c91ce000 	C:\Windows\System32\msvcrt.dll
0x00007ff9c8f10000 - 0x00007ff9c8f3c000 	C:\Windows\System32\GDI32.dll
0x00007ff9c8590000 - 0x00007ff9c86a5000 	C:\Windows\System32\gdi32full.dll
0x00007ff9c80b0000 - 0x00007ff9c814d000 	C:\Windows\System32\msvcp_win.dll
0x00007ff9c9490000 - 0x00007ff9c94c0000 	C:\Windows\System32\IMM32.DLL
0x00007ff9c3ea0000 - 0x00007ff9c3eac000 	C:\android1\jbr\bin\vcruntime140_1.dll
0x00007ff9aa5a0000 - 0x00007ff9aa62d000 	C:\android1\jbr\bin\msvcp140.dll
0x00007ff95ecb0000 - 0x00007ff95f86c000 	C:\android1\jbr\bin\server\jvm.dll
0x00007ff9c9530000 - 0x00007ff9c95df000 	C:\Windows\System32\ADVAPI32.dll
0x00007ff9ca260000 - 0x00007ff9ca2fc000 	C:\Windows\System32\sechost.dll
0x00007ff9ca660000 - 0x00007ff9ca786000 	C:\Windows\System32\RPCRT4.dll
0x00007ff9c9480000 - 0x00007ff9c9488000 	C:\Windows\System32\PSAPI.DLL
0x00007ff9b7440000 - 0x00007ff9b7467000 	C:\Windows\SYSTEM32\WINMM.dll
0x00007ff9b88b0000 - 0x00007ff9b88ba000 	C:\Windows\SYSTEM32\VERSION.dll
0x00007ff9b5710000 - 0x00007ff9b5719000 	C:\Windows\SYSTEM32\WSOCK32.dll
0x00007ff9c94c0000 - 0x00007ff9c952b000 	C:\Windows\System32\ws2_32.DLL
0x00007ff9c5f30000 - 0x00007ff9c5f42000 	C:\Windows\SYSTEM32\kernel.appcore.dll
0x00007ff9c3d60000 - 0x00007ff9c3d70000 	C:\android1\jbr\bin\verify.dll
0x00007ff9b0640000 - 0x00007ff9b0824000 	C:\Windows\SYSTEM32\DBGHELP.DLL
0x00007ff9afdc0000 - 0x00007ff9afdf4000 	C:\Windows\SYSTEM32\dbgcore.DLL
0x00007ff9c8500000 - 0x00007ff9c8582000 	C:\Windows\System32\bcryptPrimitives.dll
0x00007ff9c2440000 - 0x00007ff9c2468000 	C:\android1\jbr\bin\java.dll
0x00007ff9c3d50000 - 0x00007ff9c3d5a000 	C:\android1\jbr\bin\jimage.dll
0x00007ff9c2420000 - 0x00007ff9c2438000 	C:\android1\jbr\bin\zip.dll
0x00007ff9c9b10000 - 0x00007ff9ca254000 	C:\Windows\System32\SHELL32.dll
0x00007ff9c6130000 - 0x00007ff9c68c3000 	C:\Windows\SYSTEM32\windows.storage.dll
0x00007ff9ca300000 - 0x00007ff9ca654000 	C:\Windows\System32\combase.dll
0x00007ff9c7b10000 - 0x00007ff9c7b3e000 	C:\Windows\SYSTEM32\Wldp.dll
0x00007ff9c8be0000 - 0x00007ff9c8c8d000 	C:\Windows\System32\SHCORE.dll
0x00007ff9c8f40000 - 0x00007ff9c8f95000 	C:\Windows\System32\shlwapi.dll
0x00007ff9c7ff0000 - 0x00007ff9c800f000 	C:\Windows\SYSTEM32\profapi.dll
0x00007ff9c2400000 - 0x00007ff9c2419000 	C:\android1\jbr\bin\net.dll
0x00007ff9be390000 - 0x00007ff9be49a000 	C:\Windows\SYSTEM32\WINHTTP.dll
0x00007ff9c7850000 - 0x00007ff9c78ba000 	C:\Windows\system32\mswsock.dll
0x00007ff9b62f0000 - 0x00007ff9b6303000 	C:\android1\jbr\bin\nio.dll
0x00007ff9c0630000 - 0x00007ff9c0657000 	C:\Users\hp\.gradle\native\e1d6ef7f7dcc3fd88c89a11ec53ec762bb8ba0a96d01ffa2cd45eb1d1d8dd5c5\windows-amd64\native-platform.dll
0x00007ff997e70000 - 0x00007ff997fb4000 	C:\Users\hp\.gradle\native\0d407fdbe67a94daf76414ababcb853783967236a71b16ec16e742cd7a986fd3\windows-amd64\native-platform-file-events.dll
0x00007ff9c23b0000 - 0x00007ff9c23ba000 	C:\android1\jbr\bin\management.dll
0x00007ff9c2160000 - 0x00007ff9c216b000 	C:\android1\jbr\bin\management_ext.dll
0x00007ff9c7a70000 - 0x00007ff9c7a88000 	C:\Windows\SYSTEM32\CRYPTSP.dll
0x00007ff9c70e0000 - 0x00007ff9c7114000 	C:\Windows\system32\rsaenh.dll
0x00007ff9c86b0000 - 0x00007ff9c86d7000 	C:\Windows\System32\bcrypt.dll
0x00007ff9c7fb0000 - 0x00007ff9c7fde000 	C:\Windows\SYSTEM32\USERENV.dll
0x00007ff9c7a60000 - 0x00007ff9c7a6c000 	C:\Windows\SYSTEM32\CRYPTBASE.dll
0x00007ff9c74e0000 - 0x00007ff9c751c000 	C:\Windows\SYSTEM32\IPHLPAPI.DLL
0x00007ff9c92e0000 - 0x00007ff9c92e8000 	C:\Windows\System32\NSI.dll
0x00007ff9be030000 - 0x00007ff9be047000 	C:\Windows\SYSTEM32\dhcpcsvc6.DLL
0x00007ff9bde50000 - 0x00007ff9bde6d000 	C:\Windows\SYSTEM32\dhcpcsvc.DLL
0x00007ff9c7520000 - 0x00007ff9c75eb000 	C:\Windows\SYSTEM32\DNSAPI.dll

dbghelp: loaded successfully - version: 4.0.5 - missing functions: none
symbol engine: initialized successfully - sym options: 0x614 - pdb path: .;C:\android1\jbr\bin;C:\Windows\SYSTEM32;C:\Windows\WinSxS\amd64_microsoft.windows.common-controls_6595b64144ccf1df_6.0.19041.1110_none_60b5254171f9507e;C:\android1\jbr\bin\server;C:\Users\hp\.gradle\native\e1d6ef7f7dcc3fd88c89a11ec53ec762bb8ba0a96d01ffa2cd45eb1d1d8dd5c5\windows-amd64;C:\Users\hp\.gradle\native\0d407fdbe67a94daf76414ababcb853783967236a71b16ec16e742cd7a986fd3\windows-amd64

VM Arguments:
jvm_args: --add-opens=java.base/java.util=ALL-UNNAMED --add-opens=java.base/java.lang=ALL-UNNAMED --add-opens=java.base/java.lang.invoke=ALL-UNNAMED --add-opens=java.base/java.util=ALL-UNNAMED --add-opens=java.prefs/java.util.prefs=ALL-UNNAMED --add-opens=java.prefs/java.util.prefs=ALL-UNNAMED --add-opens=java.base/java.nio.charset=ALL-UNNAMED --add-opens=java.base/java.net=ALL-UNNAMED --add-opens=java.base/java.util.concurrent.atomic=ALL-UNNAMED -Xmx2048m -Dfile.encoding=UTF-8 -Duser.country=US -Duser.language=en -Duser.variant 
java_command: org.gradle.launcher.daemon.bootstrap.GradleDaemon 7.5
java_class_path (initial): C:\Users\hp\.gradle\wrapper\dists\gradle-7.5-bin\f1w0cc9nuo0eivz97x2xlu9sv\gradle-7.5\lib\gradle-launcher-7.5.jar
Launcher Type: SUN_STANDARD

[Global flags]
     intx CICompilerCount                          = 3                                         {product} {ergonomic}
     uint ConcGCThreads                            = 1                                         {product} {ergonomic}
     uint G1ConcRefinementThreads                  = 4                                         {product} {ergonomic}
   size_t G1HeapRegionSize                         = 1048576                                   {product} {ergonomic}
    uintx GCDrainStackTargetSize                   = 64                                        {product} {ergonomic}
   size_t InitialHeapSize                          = 134217728                                 {product} {ergonomic}
   size_t MarkStackSize                            = 4194304                                   {product} {ergonomic}
   size_t MaxHeapSize                              = 2147483648                                {product} {command line}
   size_t MaxNewSize                               = 1287651328                                {product} {ergonomic}
   size_t MinHeapDeltaBytes                        = 1048576                                   {product} {ergonomic}
    uintx NonNMethodCodeHeapSize                   = 5830732                                {pd product} {ergonomic}
    uintx NonProfiledCodeHeapSize                  = 122913754                              {pd product} {ergonomic}
    uintx ProfiledCodeHeapSize                     = 122913754                              {pd product} {ergonomic}
    uintx ReservedCodeCacheSize                    = 251658240                              {pd product} {ergonomic}
     bool SegmentedCodeCache                       = true                                      {product} {ergonomic}
     bool UseCompressedClassPointers               = true                                 {lp64_product} {ergonomic}
     bool UseCompressedOops                        = true                                 {lp64_product} {ergonomic}
     bool UseG1GC                                  = true                                      {product} {ergonomic}
     bool UseLargePagesIndividualAllocation        = false                                  {pd product} {ergonomic}

Logging:
Log output configuration:
 #0: stdout all=warning uptime,level,tags
 #1: stderr all=off uptime,level,tags

Environment Variables:
PATH=C:\Program Files\Common Files\Oracle\Java\javapath;C:\Windows\system32;C:\Windows;C:\Windows\System32\Wbem;C:\Windows\System32\WindowsPowerShell\v1.0\;C:\Windows\System32\OpenSSH\;C:\Program Files\dotnet\;C:\Program Files\Git\cmd;C:\Users\hp\AppData\Local\Microsoft\WindowsApps;C:\Users\hp\.dotnet\tools;C:\Users\hp\AppData\Local\Programs\Microsoft VS Code\bin;E:\Dev-Cpp\MinGW64\bin;
USERNAME=hp
OS=Windows_NT
PROCESSOR_IDENTIFIER=Intel64 Family 6 Model 78 Stepping 3, GenuineIntel



---------------  S Y S T E M  ---------------

OS: Windows 10 , 64 bit Build 19041 (10.0.19041.2913)
OS uptime: 2 days 7:47 hours
Hyper-V role detected

CPU:total 4 (initial active 4) (2 cores per cpu, 2 threads per core) family 6 model 78 stepping 3 microcode 0xcc, cmov, cx8, fxsr, mmx, sse, sse2, sse3, ssse3, sse4.1, sse4.2, popcnt, avx, avx2, aes, clmul, erms, 3dnowpref, lzcnt, ht, tsc, tscinvbit, bmi1, bmi2, adx, fma

Memory: 4k page, system-wide physical 8082M (597M free)
TotalPageFile size 10130M (AvailPageFile size 8M)
current process WorkingSet (physical memory assigned to process): 464M, peak: 464M
current process commit charge ("private bytes"): 533M, peak: 536M

vm_info: OpenJDK 64-Bit Server VM (11.0.15+0-b2043.56-9505619) for windows-amd64 JRE (11.0.15+0-b2043.56-9505619), built on Jan 19 2023 02:48:00 by "builduser" with unknown MS VC++:1929

END.
