#
# There is insufficient memory for the Java Runtime Environment to continue.
# Native memory allocation (mmap) failed to map 134217728 bytes for G1 virtual space
# Possible reasons:
#   The system is out of physical RAM or swap space
#   The process is running with CompressedOops enabled, and the Java Heap may be blocking the growth of the native heap
# Possible solutions:
#   Reduce memory load on the system
#   Increase physical memory or swap space
#   Check if swap backing store is full
#   Decrease Java heap size (-Xmx/-Xms)
#   Decrease number of Java threads
#   Decrease Java thread stack sizes (-Xss)
#   Set larger code cache with -XX:ReservedCodeCacheSize=
#   JVM is running with Unscaled Compressed Oops mode in which the Java heap is
#     placed in the first 4GB address space. The Java Heap base address is the
#     maximum limit for the native heap growth. Please use -XX:HeapBaseMinAddress
#     to set the Java Heap base and to place the Java Heap above 4GB virtual address.
# This output file may be truncated or incomplete.
#
#  Out of Memory Error (os_windows.cpp:3469), pid=14004, tid=8520
#
# JRE version:  (17.0.1+12) (build )
# Java VM: Java HotSpot(TM) 64-Bit Server VM (17.0.1+12-LTS-39, mixed mode, sharing, tiered, compressed oops, compressed class ptrs, g1 gc, windows-amd64)
# No core dump will be written. Minidumps are not enabled by default on client versions of Windows
#

---------------  S U M M A R Y ------------

Command Line: 

Host: Intel(R) Core(TM) i5-6200U CPU @ 2.30GHz, 4 cores, 7G,  Windows 10 , 64 bit Build 19041 (10.0.19041.2913)
Time: Sat Jun 10 23:30:40 2023 India Standard Time elapsed time: 0.064915 seconds (0d 0h 0m 0s)

---------------  T H R E A D  ---------------

Current thread (0x000001e241c3abf0):  JavaThread "Unknown thread" [_thread_in_vm, id=8520, stack(0x000000185aa00000,0x000000185ab00000)]

Stack: [0x000000185aa00000,0x000000185ab00000]
Native frames: (J=compiled Java code, j=interpreted, Vv=VM code, C=native code)
V  [jvm.dll+0x66fa1a]
V  [jvm.dll+0x7ce5a4]
V  [jvm.dll+0x7cfd4e]
V  [jvm.dll+0x7d03b3]
V  [jvm.dll+0x242b05]
V  [jvm.dll+0x66ca39]
V  [jvm.dll+0x661502]
V  [jvm.dll+0x30081b]
V  [jvm.dll+0x307da6]
V  [jvm.dll+0x357a1e]
V  [jvm.dll+0x357c4f]
V  [jvm.dll+0x2d7ad8]
V  [jvm.dll+0x2d8a44]
V  [jvm.dll+0x7a01e1]
V  [jvm.dll+0x365791]
V  [jvm.dll+0x77f6cc]
V  [jvm.dll+0x3e812f]
V  [jvm.dll+0x3e9bd1]
C  [jli.dll+0x527b]
C  [ucrtbase.dll+0x21bb2]
C  [KERNEL32.DLL+0x17614]
C  [ntdll.dll+0x526a1]


---------------  P R O C E S S  ---------------

Threads class SMR info:
_java_thread_list=0x00007ff989e87818, length=0, elements={
}

Java Threads: ( => current thread )

Other Threads:
  0x000001e241c78450 GCTaskThread "GC Thread#0" [stack: 0x000000185ab00000,0x000000185ac00000] [id=8668]
  0x000001e241c897f0 ConcurrentGCThread "G1 Main Marker" [stack: 0x000000185ac00000,0x000000185ad00000] [id=9596]
  0x000001e241c8a200 ConcurrentGCThread "G1 Conc#0" [stack: 0x000000185ad00000,0x000000185ae00000] [id=12080]

[error occurred during error reporting (printing all threads), id 0xc0000005, EXCEPTION_ACCESS_VIOLATION (0xc0000005) at pc=0x00007ff9896d84b7]

VM state: not at safepoint (not fully initialized)

VM Mutex/Monitor currently owned by a thread:  ([mutex/lock_event])
[0x000001e241c36710] Heap_lock - owner thread: 0x000001e241c3abf0

Heap address: 0x0000000081a00000, size: 2022 MB, Compressed Oops mode: 32-bit

CDS archive(s) mapped at: [0x0000000000000000-0x0000000000000000-0x0000000000000000), size 0, SharedBaseAddress: 0x0000000800000000, ArchiveRelocationMode: 0.
Narrow klass base: 0x0000000000000000, Narrow klass shift: 0, Narrow klass range: 0x0

GC Precious Log:
<Empty>

Heap:
 garbage-first heap   total 0K, used 0K [0x0000000081a00000, 0x0000000100000000)
  region size 1024K, 0 young (0K), 0 survivors (0K)

[error occurred during error reporting (printing heap information), id 0xc0000005, EXCEPTION_ACCESS_VIOLATION (0xc0000005) at pc=0x00007ff989ab8d89]

GC Heap History (0 events):
No events

Deoptimization events (0 events):
No events

Classes unloaded (0 events):
No events

Classes redefined (0 events):
No events

Internal exceptions (0 events):
No events

VM Operations (0 events):
No events

Events (1 events):
Event: 0.043 Loaded shared library C:\Program Files\Java\jdk-17.0.1\bin\java.dll


Dynamic libraries:
0x00007ff672f00000 - 0x00007ff672f10000 	C:\Program Files\Java\jdk-17.0.1\bin\java.exe
0x00007ff9ca9d0000 - 0x00007ff9cabc8000 	C:\Windows\SYSTEM32\ntdll.dll
0x00007ff9c9a50000 - 0x00007ff9c9b0f000 	C:\Windows\System32\KERNEL32.DLL
0x00007ff9c8150000 - 0x00007ff9c8446000 	C:\Windows\System32\KERNELBASE.dll
0x00007ff9c88c0000 - 0x00007ff9c89c0000 	C:\Windows\System32\ucrtbase.dll
0x00007ff9b1080000 - 0x00007ff9b109a000 	C:\Program Files\Java\jdk-17.0.1\bin\VCRUNTIME140.dll
0x00007ff9b0910000 - 0x00007ff9b0928000 	C:\Program Files\Java\jdk-17.0.1\bin\jli.dll
0x00007ff9c9530000 - 0x00007ff9c95df000 	C:\Windows\System32\ADVAPI32.dll
0x00007ff9c9130000 - 0x00007ff9c91ce000 	C:\Windows\System32\msvcrt.dll
0x00007ff9ca260000 - 0x00007ff9ca2fc000 	C:\Windows\System32\sechost.dll
0x00007ff9ca660000 - 0x00007ff9ca786000 	C:\Windows\System32\RPCRT4.dll
0x00007ff9ca790000 - 0x00007ff9ca92d000 	C:\Windows\System32\USER32.dll
0x00007ff9c8890000 - 0x00007ff9c88b2000 	C:\Windows\System32\win32u.dll
0x00007ff9b6b50000 - 0x00007ff9b6dea000 	C:\Windows\WinSxS\amd64_microsoft.windows.common-controls_6595b64144ccf1df_6.0.19041.1110_none_60b5254171f9507e\COMCTL32.dll
0x00007ff9c8f10000 - 0x00007ff9c8f3c000 	C:\Windows\System32\GDI32.dll
0x00007ff9c8590000 - 0x00007ff9c86a5000 	C:\Windows\System32\gdi32full.dll
0x00007ff9c80b0000 - 0x00007ff9c814d000 	C:\Windows\System32\msvcp_win.dll
0x00007ff9b88b0000 - 0x00007ff9b88ba000 	C:\Windows\SYSTEM32\VERSION.dll
0x00007ff9c9490000 - 0x00007ff9c94c0000 	C:\Windows\System32\IMM32.DLL
0x00007ff9c0c30000 - 0x00007ff9c0c3c000 	C:\Program Files\Java\jdk-17.0.1\bin\vcruntime140_1.dll
0x00007ff9a8b30000 - 0x00007ff9a8bbd000 	C:\Program Files\Java\jdk-17.0.1\bin\msvcp140.dll
0x00007ff9893f0000 - 0x00007ff989fae000 	C:\Program Files\Java\jdk-17.0.1\bin\server\jvm.dll
0x00007ff9c9480000 - 0x00007ff9c9488000 	C:\Windows\System32\PSAPI.DLL
0x00007ff9b5710000 - 0x00007ff9b5719000 	C:\Windows\SYSTEM32\WSOCK32.dll
0x00007ff9b7440000 - 0x00007ff9b7467000 	C:\Windows\SYSTEM32\WINMM.dll
0x00007ff9c94c0000 - 0x00007ff9c952b000 	C:\Windows\System32\WS2_32.dll
0x00007ff9c5f30000 - 0x00007ff9c5f42000 	C:\Windows\SYSTEM32\kernel.appcore.dll
0x00007ff9c0620000 - 0x00007ff9c062a000 	C:\Program Files\Java\jdk-17.0.1\bin\jimage.dll
0x00007ff9b0640000 - 0x00007ff9b0824000 	C:\Windows\SYSTEM32\DBGHELP.DLL
0x00007ff9afdc0000 - 0x00007ff9afdf4000 	C:\Windows\SYSTEM32\dbgcore.DLL
0x00007ff9c8500000 - 0x00007ff9c8582000 	C:\Windows\System32\bcryptPrimitives.dll
0x00007ff9b0840000 - 0x00007ff9b0865000 	C:\Program Files\Java\jdk-17.0.1\bin\java.dll

dbghelp: loaded successfully - version: 4.0.5 - missing functions: none
symbol engine: initialized successfully - sym options: 0x614 - pdb path: .;C:\Program Files\Java\jdk-17.0.1\bin;C:\Windows\SYSTEM32;C:\Windows\WinSxS\amd64_microsoft.windows.common-controls_6595b64144ccf1df_6.0.19041.1110_none_60b5254171f9507e;C:\Program Files\Java\jdk-17.0.1\bin\server

VM Arguments:
java_command: <unknown>
java_class_path (initial): <not set>
Launcher Type: SUN_STANDARD

[Global flags]
     intx CICompilerCount                          = 3                                         {product} {ergonomic}
     uint ConcGCThreads                            = 1                                         {product} {ergonomic}
     uint G1ConcRefinementThreads                  = 4                                         {product} {ergonomic}
   size_t G1HeapRegionSize                         = 1048576                                   {product} {ergonomic}
    uintx GCDrainStackTargetSize                   = 64                                        {product} {ergonomic}
   size_t InitialHeapSize                          = 134217728                                 {product} {ergonomic}
   size_t MarkStackSize                            = 4194304                                   {product} {ergonomic}
   size_t MaxHeapSize                              = 2120220672                                {product} {ergonomic}
   size_t MinHeapDeltaBytes                        = 1048576                                   {product} {ergonomic}
   size_t MinHeapSize                              = 8388608                                   {product} {ergonomic}
    uintx NonNMethodCodeHeapSize                   = 5832780                                {pd product} {ergonomic}
    uintx NonProfiledCodeHeapSize                  = 122912730                              {pd product} {ergonomic}
    uintx ProfiledCodeHeapSize                     = 122912730                              {pd product} {ergonomic}
    uintx ReservedCodeCacheSize                    = 251658240                              {pd product} {ergonomic}
     bool SegmentedCodeCache                       = true                                      {product} {ergonomic}
   size_t SoftMaxHeapSize                          = 2120220672                             {manageable} {ergonomic}
     bool UseCompressedClassPointers               = true                           {product lp64_product} {ergonomic}
     bool UseCompressedOops                        = true                           {product lp64_product} {ergonomic}
     bool UseG1GC                                  = true                                      {product} {ergonomic}
     bool UseLargePagesIndividualAllocation        = false                                  {pd product} {ergonomic}

Logging:
Log output configuration:
 #0: stdout all=warning uptime,level,tags
 #1: stderr all=off uptime,level,tags

Environment Variables:
PATH=C:\Program Files\Common Files\Oracle\Java\javapath;C:\Windows\system32;C:\Windows;C:\Windows\System32\Wbem;C:\Windows\System32\WindowsPowerShell\v1.0\;C:\Windows\System32\OpenSSH\;C:\Program Files\dotnet\;C:\Program Files\Git\cmd;C:\Users\hp\AppData\Local\Microsoft\WindowsApps;C:\Users\hp\.dotnet\tools;C:\Users\hp\AppData\Local\Programs\Microsoft VS Code\bin;E:\Dev-Cpp\MinGW64\bin;
USERNAME=hp
OS=Windows_NT
PROCESSOR_IDENTIFIER=Intel64 Family 6 Model 78 Stepping 3, GenuineIntel



---------------  S Y S T E M  ---------------

OS:
 Windows 10 , 64 bit Build 19041 (10.0.19041.2913)
OS uptime: 2 days 9:10 hours
Hyper-V role detected

CPU: total 4 (initial active 4) (2 cores per cpu, 2 threads per core) family 6 model 78 stepping 3 microcode 0xcc, cx8, cmov, fxsr, ht, mmx, 3dnowpref, sse, sse2, sse3, ssse3, sse4.1, sse4.2, popcnt, lzcnt, tsc, tscinvbit, avx, avx2, aes, erms, clmul, bmi1, bmi2, adx, fma, vzeroupper, clflush, clflushopt, hv

Memory: 4k page, system-wide physical 8082M (573M free)
TotalPageFile size 10130M (AvailPageFile size 90M)
current process WorkingSet (physical memory assigned to process): 10M, peak: 10M
current process commit charge ("private bytes"): 51M, peak: 179M

vm_info: Java HotSpot(TM) 64-Bit Server VM (17.0.1+12-LTS-39) for windows-amd64 JRE (17.0.1+12-LTS-39), built on Sep 27 2021 18:41:35 by "mach5one" with MS VC++ 16.8 (VS2019)

END.
