#
# There is insufficient memory for the Java Runtime Environment to continue.
# Native memory allocation (malloc) failed to allocate 1218576 bytes for Chunk::new
# Possible reasons:
#   The system is out of physical RAM or swap space
#   The process is running with CompressedOops enabled, and the Java Heap may be blocking the growth of the native heap
# Possible solutions:
#   Reduce memory load on the system
#   Increase physical memory or swap space
#   Check if swap backing store is full
#   Decrease Java heap size (-Xmx/-Xms)
#   Decrease number of Java threads
#   Decrease Java thread stack sizes (-Xss)
#   Set larger code cache with -XX:ReservedCodeCacheSize=
#   JVM is running with Unscaled Compressed Oops mode in which the Java heap is
#     placed in the first 4GB address space. The Java Heap base address is the
#     maximum limit for the native heap growth. Please use -XX:HeapBaseMinAddress
#     to set the Java Heap base and to place the Java Heap above 4GB virtual address.
# This output file may be truncated or incomplete.
#
#  Out of Memory Error (src/hotspot/share/memory/arena.cpp:197), pid=16896, tid=7440
#
# JRE version: OpenJDK Runtime Environment (11.0.15) (build 11.0.15+0-b2043.56-9505619)
# Java VM: OpenJDK 64-Bit Server VM (11.0.15+0-b2043.56-9505619, mixed mode, tiered, compressed oops, g1 gc, windows-amd64)
# No core dump will be written. Minidumps are not enabled by default on client versions of Windows
#

---------------  S U M M A R Y ------------

Command Line: --add-opens=java.base/java.util=ALL-UNNAMED --add-opens=java.base/java.lang=ALL-UNNAMED --add-opens=java.base/java.lang.invoke=ALL-UNNAMED --add-opens=java.base/java.util=ALL-UNNAMED --add-opens=java.prefs/java.util.prefs=ALL-UNNAMED --add-opens=java.prefs/java.util.prefs=ALL-UNNAMED --add-opens=java.base/java.nio.charset=ALL-UNNAMED --add-opens=java.base/java.net=ALL-UNNAMED --add-opens=java.base/java.util.concurrent.atomic=ALL-UNNAMED -Xmx2048m -Dfile.encoding=UTF-8 -Duser.country=US -Duser.language=en -Duser.variant org.gradle.launcher.daemon.bootstrap.GradleDaemon 7.5

Host: Intel(R) Core(TM) i5-6200U CPU @ 2.30GHz, 4 cores, 7G,  Windows 10 , 64 bit Build 19041 (10.0.19041.2913)
Time: Sat Jun 10 22:06:09 2023 India Standard Time elapsed time: 34.025174 seconds (0d 0h 0m 34s)

---------------  T H R E A D  ---------------

Current thread (0x00000140d2925000):  JavaThread "C2 CompilerThread0" daemon [_thread_in_native, id=7440, stack(0x0000000cd5e00000,0x0000000cd5f00000)]


Current CompileTask:
C2:  34025 10446       4       org.gradle.internal.instantiation.generator.AbstractClassGenerator$ClassMetadata::property (42 bytes)

Stack: [0x0000000cd5e00000,0x0000000cd5f00000]
Native frames: (J=compiled Java code, j=interpreted, Vv=VM code, C=native code)
V  [jvm.dll+0x64135a]
V  [jvm.dll+0x7d39f9]
V  [jvm.dll+0x7d51b9]
V  [jvm.dll+0x7d58a3]
V  [jvm.dll+0x2691c5]
V  [jvm.dll+0xc1a5c]
V  [jvm.dll+0xc200c]
V  [jvm.dll+0x377462]
V  [jvm.dll+0x342495]
V  [jvm.dll+0x34186a]
V  [jvm.dll+0x2214bd]
V  [jvm.dll+0x220498]
V  [jvm.dll+0x19e851]
V  [jvm.dll+0x230479]
V  [jvm.dll+0x22e5ef]
V  [jvm.dll+0x794de1]
V  [jvm.dll+0x78dc24]
V  [jvm.dll+0x6400f6]
C  [ucrtbase.dll+0x21bb2]
C  [KERNEL32.DLL+0x17614]
C  [ntdll.dll+0x526a1]


---------------  P R O C E S S  ---------------

Threads class SMR info:
_java_thread_list=0x00000140dffdac50, length=86, elements={
0x00000140b8ce4800, 0x00000140d2905000, 0x00000140d290e800, 0x00000140d291f000,
0x00000140d2920800, 0x00000140d2921800, 0x00000140d2925000, 0x00000140d292b800,
0x00000140d292c800, 0x00000140d33da000, 0x00000140d57f6000, 0x00000140d6355800,
0x00000140d58b4800, 0x00000140d50c7000, 0x00000140d6570800, 0x00000140d3e4e800,
0x00000140d4219800, 0x00000140d5819000, 0x00000140d581a000, 0x00000140d5482000,
0x00000140d58bd800, 0x00000140d58c3000, 0x00000140d58c4000, 0x00000140d58be800,
0x00000140d58c1800, 0x00000140d58c2800, 0x00000140d58bf000, 0x00000140d58c0000,
0x00000140d58c1000, 0x00000140d5dd7000, 0x00000140d5dd4800, 0x00000140d5dd2800,
0x00000140d5dd1800, 0x00000140d5dd3000, 0x00000140d5dd4000, 0x00000140d5dd9800,
0x00000140d5dd5800, 0x00000140d5ddc000, 0x00000140d5dd6800, 0x00000140d5ddb800,
0x00000140d5ddd800, 0x00000140d5dde800, 0x00000140d5ddf800, 0x00000140d5ddd000,
0x00000140d5de0000, 0x00000140d5a2b800, 0x00000140d5a2f800, 0x00000140d5a2e800,
0x00000140d5a2c000, 0x00000140d5a29800, 0x00000140d5a30000, 0x00000140d5a2d800,
0x00000140d5a2d000, 0x00000140d5a2a800, 0x00000140d5a32000, 0x00000140d5a35000,
0x00000140d5a31000, 0x00000140d5a36800, 0x00000140d5a36000, 0x00000140d5a37800,
0x00000140d5a34000, 0x00000140d5a33800, 0x00000140d5a38800, 0x00000140d5a32800,
0x00000140d56f5800, 0x00000140d56f7800, 0x00000140d56f8800, 0x00000140d56f7000,
0x00000140d56f3000, 0x00000140d56f9800, 0x00000140d56f3800, 0x00000140d56fa000,
0x00000140d56f4800, 0x00000140d56fb000, 0x00000140d56fc000, 0x00000140d56f6000,
0x00000140d56fc800, 0x00000140d56fd800, 0x00000140d56fe800, 0x00000140dda0a800,
0x00000140d5700000, 0x00000140d5700800, 0x00000140db2ca800, 0x00000140db2cb800,
0x00000140db2c9000, 0x00000140db2c6800
}

Java Threads: ( => current thread )
  0x00000140b8ce4800 JavaThread "main" [_thread_blocked, id=12884, stack(0x0000000cd5200000,0x0000000cd5300000)]
  0x00000140d2905000 JavaThread "Reference Handler" daemon [_thread_blocked, id=16648, stack(0x0000000cd5900000,0x0000000cd5a00000)]
  0x00000140d290e800 JavaThread "Finalizer" daemon [_thread_blocked, id=12076, stack(0x0000000cd5a00000,0x0000000cd5b00000)]
  0x00000140d291f000 JavaThread "Signal Dispatcher" daemon [_thread_blocked, id=17268, stack(0x0000000cd5b00000,0x0000000cd5c00000)]
  0x00000140d2920800 JavaThread "Attach Listener" daemon [_thread_blocked, id=5728, stack(0x0000000cd5c00000,0x0000000cd5d00000)]
  0x00000140d2921800 JavaThread "Service Thread" daemon [_thread_blocked, id=2156, stack(0x0000000cd5d00000,0x0000000cd5e00000)]
=>0x00000140d2925000 JavaThread "C2 CompilerThread0" daemon [_thread_in_native, id=7440, stack(0x0000000cd5e00000,0x0000000cd5f00000)]
  0x00000140d292b800 JavaThread "C1 CompilerThread0" daemon [_thread_in_native, id=11660, stack(0x0000000cd5f00000,0x0000000cd6000000)]
  0x00000140d292c800 JavaThread "Sweeper thread" daemon [_thread_blocked, id=2280, stack(0x0000000cd6000000,0x0000000cd6100000)]
  0x00000140d33da000 JavaThread "Common-Cleaner" daemon [_thread_blocked, id=12904, stack(0x0000000cd6100000,0x0000000cd6200000)]
  0x00000140d57f6000 JavaThread "Daemon health stats" [_thread_blocked, id=9900, stack(0x0000000cd6600000,0x0000000cd6700000)]
  0x00000140d6355800 JavaThread "Incoming local TCP Connector on port 53075" [_thread_in_native, id=13360, stack(0x0000000cd6300000,0x0000000cd6400000)]
  0x00000140d58b4800 JavaThread "Daemon periodic checks" [_thread_blocked, id=4936, stack(0x0000000cd6700000,0x0000000cd6800000)]
  0x00000140d50c7000 JavaThread "Daemon" [_thread_blocked, id=15468, stack(0x0000000cd6800000,0x0000000cd6900000)]
  0x00000140d6570800 JavaThread "Handler for socket connection from /127.0.0.1:53075 to /127.0.0.1:53076" [_thread_in_native, id=6536, stack(0x0000000cd6900000,0x0000000cd6a00000)]
  0x00000140d3e4e800 JavaThread "Cancel handler" [_thread_blocked, id=4704, stack(0x0000000cd6a00000,0x0000000cd6b00000)]
  0x00000140d4219800 JavaThread "Daemon worker" [_thread_in_vm, id=6392, stack(0x0000000cd6b00000,0x0000000cd6c00000)]
  0x00000140d5819000 JavaThread "Asynchronous log dispatcher for DefaultDaemonConnection: socket connection from /127.0.0.1:53075 to /127.0.0.1:53076" [_thread_blocked, id=9124, stack(0x0000000cd6c00000,0x0000000cd6d00000)]
  0x00000140d581a000 JavaThread "Stdin handler" [_thread_blocked, id=11592, stack(0x0000000cd6d00000,0x0000000cd6e00000)]
  0x00000140d5482000 JavaThread "Daemon client event forwarder" [_thread_blocked, id=17944, stack(0x0000000cd6f00000,0x0000000cd7000000)]
  0x00000140d58bd800 JavaThread "Cache worker for journal cache (C:\Users\hp\.gradle\caches\journal-1)" [_thread_blocked, id=15808, stack(0x0000000cd7000000,0x0000000cd7100000)]
  0x00000140d58c3000 JavaThread "File lock request listener" [_thread_in_native, id=15636, stack(0x0000000cd7200000,0x0000000cd7300000)]
  0x00000140d58c4000 JavaThread "Cache worker for file hash cache (C:\Users\hp\.gradle\caches\7.5\fileHashes)" [_thread_blocked, id=7724, stack(0x0000000cd7300000,0x0000000cd7400000)]
  0x00000140d58be800 JavaThread "File watcher server" daemon [_thread_in_native, id=5472, stack(0x0000000cd7400000,0x0000000cd7500000)]
  0x00000140d58c1800 JavaThread "File watcher consumer" daemon [_thread_blocked, id=3600, stack(0x0000000cd7500000,0x0000000cd7600000)]
  0x00000140d58c2800 JavaThread "jar transforms" [_thread_blocked, id=11364, stack(0x0000000cd7600000,0x0000000cd7700000)]
  0x00000140d58bf000 JavaThread "jar transforms Thread 2" [_thread_blocked, id=8772, stack(0x0000000cd7700000,0x0000000cd7800000)]
  0x00000140d58c0000 JavaThread "jar transforms Thread 3" [_thread_blocked, id=5848, stack(0x0000000cd7800000,0x0000000cd7900000)]
  0x00000140d58c1000 JavaThread "jar transforms Thread 4" [_thread_blocked, id=1788, stack(0x0000000cd7900000,0x0000000cd7a00000)]
  0x00000140d5dd7000 JavaThread "Cache worker for checksums cache (E:\APMC\.gradle\7.5\checksums)" [_thread_blocked, id=13760, stack(0x0000000cd7a00000,0x0000000cd7b00000)]
  0x00000140d5dd4800 JavaThread "Cache worker for cache directory md-rule (C:\Users\hp\.gradle\caches\7.5\md-rule)" [_thread_blocked, id=3176, stack(0x0000000cd6e00000,0x0000000cd6f00000)]
  0x00000140d5dd2800 JavaThread "Cache worker for file content cache (C:\Users\hp\.gradle\caches\7.5\fileContent)" [_thread_blocked, id=13192, stack(0x0000000cd7b00000,0x0000000cd7c00000)]
  0x00000140d5dd1800 JavaThread "Cache worker for file hash cache (E:\APMC\.gradle\7.5\fileHashes)" [_thread_blocked, id=1284, stack(0x0000000cd7c00000,0x0000000cd7d00000)]
  0x00000140d5dd3000 JavaThread "Cache worker for cache directory md-supplier (C:\Users\hp\.gradle\caches\7.5\md-supplier)" [_thread_blocked, id=1512, stack(0x0000000cd7d00000,0x0000000cd7e00000)]
  0x00000140d5dd4000 JavaThread "Cache worker for execution history cache (C:\Users\hp\.gradle\caches\7.5\executionHistory)" [_thread_blocked, id=8476, stack(0x0000000cd7e00000,0x0000000cd7f00000)]
  0x00000140d5dd9800 JavaThread "Cache worker for dependencies-accessors (E:\APMC\.gradle\7.5\dependencies-accessors)" [_thread_blocked, id=17392, stack(0x0000000cd8000000,0x0000000cd8100000)]
  0x00000140d5dd5800 JavaThread "Cache worker for Build Output Cleanup Cache (E:\APMC\.gradle\buildOutputCleanup)" [_thread_blocked, id=4708, stack(0x0000000cd8100000,0x0000000cd8200000)]
  0x00000140d5ddc000 JavaThread "Unconstrained build operations" [_thread_blocked, id=5392, stack(0x0000000cd8300000,0x0000000cd8400000)]
  0x00000140d5dd6800 JavaThread "Unconstrained build operations Thread 2" [_thread_blocked, id=3760, stack(0x0000000cd8400000,0x0000000cd8500000)]
  0x00000140d5ddb800 JavaThread "Unconstrained build operations Thread 3" [_thread_blocked, id=13092, stack(0x0000000cd8500000,0x0000000cd8600000)]
  0x00000140d5ddd800 JavaThread "Unconstrained build operations Thread 4" [_thread_blocked, id=15592, stack(0x0000000cd8600000,0x0000000cd8700000)]
  0x00000140d5dde800 JavaThread "Unconstrained build operations Thread 5" [_thread_blocked, id=13520, stack(0x0000000cd8700000,0x0000000cd8800000)]
  0x00000140d5ddf800 JavaThread "Unconstrained build operations Thread 6" [_thread_blocked, id=16656, stack(0x0000000cd8800000,0x0000000cd8900000)]
  0x00000140d5ddd000 JavaThread "Unconstrained build operations Thread 7" [_thread_blocked, id=3396, stack(0x0000000cd8900000,0x0000000cd8a00000)]
  0x00000140d5de0000 JavaThread "Unconstrained build operations Thread 8" [_thread_blocked, id=16528, stack(0x0000000cd8a00000,0x0000000cd8b00000)]
  0x00000140d5a2b800 JavaThread "Unconstrained build operations Thread 9" [_thread_blocked, id=4184, stack(0x0000000cd8b00000,0x0000000cd8c00000)]
  0x00000140d5a2f800 JavaThread "Unconstrained build operations Thread 10" [_thread_blocked, id=14080, stack(0x0000000cd8c00000,0x0000000cd8d00000)]
  0x00000140d5a2e800 JavaThread "Unconstrained build operations Thread 11" [_thread_blocked, id=7268, stack(0x0000000cd8d00000,0x0000000cd8e00000)]
  0x00000140d5a2c000 JavaThread "Unconstrained build operations Thread 12" [_thread_blocked, id=1208, stack(0x0000000cd8e00000,0x0000000cd8f00000)]
  0x00000140d5a29800 JavaThread "Unconstrained build operations Thread 13" [_thread_blocked, id=14696, stack(0x0000000cd8f00000,0x0000000cd9000000)]
  0x00000140d5a30000 JavaThread "Unconstrained build operations Thread 14" [_thread_blocked, id=16608, stack(0x0000000cd9000000,0x0000000cd9100000)]
  0x00000140d5a2d800 JavaThread "Unconstrained build operations Thread 15" [_thread_blocked, id=11436, stack(0x0000000cd9100000,0x0000000cd9200000)]
  0x00000140d5a2d000 JavaThread "Unconstrained build operations Thread 16" [_thread_blocked, id=9400, stack(0x0000000cd9200000,0x0000000cd9300000)]
  0x00000140d5a2a800 JavaThread "Unconstrained build operations Thread 17" [_thread_blocked, id=17044, stack(0x0000000cd9300000,0x0000000cd9400000)]
  0x00000140d5a32000 JavaThread "Unconstrained build operations Thread 18" [_thread_blocked, id=16416, stack(0x0000000cd9400000,0x0000000cd9500000)]
  0x00000140d5a35000 JavaThread "Unconstrained build operations Thread 19" [_thread_blocked, id=14672, stack(0x0000000cd9500000,0x0000000cd9600000)]
  0x00000140d5a31000 JavaThread "Unconstrained build operations Thread 20" [_thread_blocked, id=10972, stack(0x0000000cd9600000,0x0000000cd9700000)]
  0x00000140d5a36800 JavaThread "Unconstrained build operations Thread 21" [_thread_blocked, id=11716, stack(0x0000000cd9700000,0x0000000cd9800000)]
  0x00000140d5a36000 JavaThread "Unconstrained build operations Thread 22" [_thread_blocked, id=16220, stack(0x0000000cd9800000,0x0000000cd9900000)]
  0x00000140d5a37800 JavaThread "Unconstrained build operations Thread 23" [_thread_blocked, id=3892, stack(0x0000000cd9900000,0x0000000cd9a00000)]
  0x00000140d5a34000 JavaThread "Unconstrained build operations Thread 24" [_thread_blocked, id=16400, stack(0x0000000cd9a00000,0x0000000cd9b00000)]
  0x00000140d5a33800 JavaThread "Unconstrained build operations Thread 25" [_thread_blocked, id=4916, stack(0x0000000cd9b00000,0x0000000cd9c00000)]
  0x00000140d5a38800 JavaThread "Unconstrained build operations Thread 26" [_thread_blocked, id=16316, stack(0x0000000cd9c00000,0x0000000cd9d00000)]
  0x00000140d5a32800 JavaThread "Unconstrained build operations Thread 27" [_thread_blocked, id=9324, stack(0x0000000cd9d00000,0x0000000cd9e00000)]
  0x00000140d56f5800 JavaThread "Unconstrained build operations Thread 28" [_thread_blocked, id=12812, stack(0x0000000cd9e00000,0x0000000cd9f00000)]
  0x00000140d56f7800 JavaThread "Unconstrained build operations Thread 29" [_thread_blocked, id=14960, stack(0x0000000cd9f00000,0x0000000cda000000)]
  0x00000140d56f8800 JavaThread "Unconstrained build operations Thread 30" [_thread_blocked, id=6080, stack(0x0000000cda000000,0x0000000cda100000)]
  0x00000140d56f7000 JavaThread "Unconstrained build operations Thread 31" [_thread_blocked, id=6544, stack(0x0000000cda100000,0x0000000cda200000)]
  0x00000140d56f3000 JavaThread "Unconstrained build operations Thread 32" [_thread_blocked, id=13356, stack(0x0000000cda200000,0x0000000cda300000)]
  0x00000140d56f9800 JavaThread "Unconstrained build operations Thread 33" [_thread_blocked, id=11900, stack(0x0000000cda300000,0x0000000cda400000)]
  0x00000140d56f3800 JavaThread "Unconstrained build operations Thread 34" [_thread_blocked, id=3924, stack(0x0000000cda400000,0x0000000cda500000)]
  0x00000140d56fa000 JavaThread "Unconstrained build operations Thread 35" [_thread_blocked, id=3960, stack(0x0000000cda500000,0x0000000cda600000)]
  0x00000140d56f4800 JavaThread "Unconstrained build operations Thread 36" [_thread_blocked, id=4148, stack(0x0000000cda600000,0x0000000cda700000)]
  0x00000140d56fb000 JavaThread "Unconstrained build operations Thread 37" [_thread_blocked, id=12024, stack(0x0000000cda700000,0x0000000cda800000)]
  0x00000140d56fc000 JavaThread "Unconstrained build operations Thread 38" [_thread_blocked, id=7852, stack(0x0000000cda800000,0x0000000cda900000)]
  0x00000140d56f6000 JavaThread "Unconstrained build operations Thread 39" [_thread_blocked, id=17364, stack(0x0000000cda900000,0x0000000cdaa00000)]
  0x00000140d56fc800 JavaThread "Unconstrained build operations Thread 40" [_thread_blocked, id=3644, stack(0x0000000cdaa00000,0x0000000cdab00000)]
  0x00000140d56fd800 JavaThread "Memory manager" [_thread_blocked, id=5056, stack(0x0000000cdab00000,0x0000000cdac00000)]
  0x00000140d56fe800 JavaThread "pool-3-thread-1" [_thread_blocked, id=17328, stack(0x0000000cdac00000,0x0000000cdad00000)]
  0x00000140dda0a800 JavaThread "C2 CompilerThread1" daemon [_thread_in_native, id=14912, stack(0x0000000cd7f00000,0x0000000cd8000000)]
  0x00000140d5700000 JavaThread "included builds" [_thread_blocked, id=15508, stack(0x0000000cdad00000,0x0000000cdae00000)]
  0x00000140d5700800 JavaThread "Execution worker" [_thread_blocked, id=9436, stack(0x0000000cdae00000,0x0000000cdaf00000)]
  0x00000140db2ca800 JavaThread "Execution worker Thread 2" [_thread_blocked, id=14956, stack(0x0000000cdaf00000,0x0000000cdb000000)]
  0x00000140db2cb800 JavaThread "Execution worker Thread 3" [_thread_blocked, id=10504, stack(0x0000000cdb000000,0x0000000cdb100000)]
  0x00000140db2c9000 JavaThread "Cache worker for execution history cache (E:\APMC\.gradle\7.5\executionHistory)" [_thread_blocked, id=5320, stack(0x0000000cdb100000,0x0000000cdb200000)]
  0x00000140db2c6800 JavaThread "idea-tooling-model-converter" [_thread_blocked, id=4836, stack(0x0000000cdb200000,0x0000000cdb300000)]

Other Threads:
  0x00000140d2900000 VMThread "VM Thread" [stack: 0x0000000cd5800000,0x0000000cd5900000] [id=17380]
  0x00000140d3407000 WatcherThread [stack: 0x0000000cd6200000,0x0000000cd6300000] [id=1772]
  0x00000140b8cf9000 GCTaskThread "GC Thread#0" [stack: 0x0000000cd5300000,0x0000000cd5400000] [id=1644]
  0x00000140d3d56800 GCTaskThread "GC Thread#1" [stack: 0x0000000cd6400000,0x0000000cd6500000] [id=15124]
  0x00000140d3d4d000 GCTaskThread "GC Thread#2" [stack: 0x0000000cd6500000,0x0000000cd6600000] [id=5136]
  0x00000140d5315800 GCTaskThread "GC Thread#3" [stack: 0x0000000cd7100000,0x0000000cd7200000] [id=16160]
  0x00000140b8d29000 ConcurrentGCThread "G1 Main Marker" [stack: 0x0000000cd5400000,0x0000000cd5500000] [id=9600]
  0x00000140b8d2b000 ConcurrentGCThread "G1 Conc#0" [stack: 0x0000000cd5500000,0x0000000cd5600000] [id=17664]
  0x00000140b8db9800 ConcurrentGCThread "G1 Refine#0" [stack: 0x0000000cd5600000,0x0000000cd5700000] [id=15704]
  0x00000140b8dba800 ConcurrentGCThread "G1 Young RemSet Sampling" [stack: 0x0000000cd5700000,0x0000000cd5800000] [id=11620]

Threads with active compile tasks:
C2 CompilerThread0    34084 10446       4       org.gradle.internal.instantiation.generator.AbstractClassGenerator$ClassMetadata::property (42 bytes)
C1 CompilerThread0    34085 10571       3       org.gradle.internal.typeconversion.TypedNotationConverter::<init> (30 bytes)
C2 CompilerThread1    34085 10442       4       java.lang.Class::annotationData (44 bytes)

VM state:not at safepoint (normal execution)

VM Mutex/Monitor currently owned by a thread: None

Heap address: 0x0000000080000000, size: 2048 MB, Compressed Oops mode: 32-bit
Narrow klass base: 0x0000000000000000, Narrow klass shift: 3
Compressed class space size: 1073741824 Address: 0x0000000100000000

Heap:
 garbage-first heap   total 273408K, used 208641K [0x0000000080000000, 0x0000000100000000)
  region size 1024K, 30 young (30720K), 2 survivors (2048K)
 Metaspace       used 106355K, capacity 109018K, committed 109052K, reserved 1144832K
  class space    used 13699K, capacity 14688K, committed 14720K, reserved 1048576K
Heap Regions: E=young(eden), S=young(survivor), O=old, HS=humongous(starts), HC=humongous(continues), CS=collection set, F=free, A=archive, TAMS=top-at-mark-start (previous, next)
|   0|0x0000000080000000, 0x0000000080100000, 0x0000000080100000|100%|HS|  |TAMS 0x0000000080100000, 0x0000000080000000| Complete 
|   1|0x0000000080100000, 0x0000000080200000, 0x0000000080200000|100%|HC|  |TAMS 0x0000000080200000, 0x0000000080100000| Complete 
|   2|0x0000000080200000, 0x0000000080300000, 0x0000000080300000|100%|HC|  |TAMS 0x0000000080300000, 0x0000000080200000| Complete 
|   3|0x0000000080300000, 0x0000000080400000, 0x0000000080400000|100%| O|  |TAMS 0x0000000080400000, 0x0000000080300000| Untracked 
|   4|0x0000000080400000, 0x0000000080500000, 0x0000000080500000|100%| O|  |TAMS 0x0000000080500000, 0x0000000080400000| Untracked 
|   5|0x0000000080500000, 0x0000000080600000, 0x0000000080600000|100%| O|  |TAMS 0x0000000080600000, 0x0000000080500000| Untracked 
|   6|0x0000000080600000, 0x0000000080700000, 0x0000000080700000|100%| O|  |TAMS 0x0000000080700000, 0x0000000080600000| Untracked 
|   7|0x0000000080700000, 0x0000000080800000, 0x0000000080800000|100%| O|  |TAMS 0x0000000080800000, 0x0000000080700000| Untracked 
|   8|0x0000000080800000, 0x0000000080900000, 0x0000000080900000|100%| O|  |TAMS 0x0000000080900000, 0x0000000080800000| Untracked 
|   9|0x0000000080900000, 0x0000000080a00000, 0x0000000080a00000|100%| O|  |TAMS 0x0000000080a00000, 0x0000000080900000| Untracked 
|  10|0x0000000080a00000, 0x0000000080b00000, 0x0000000080b00000|100%| O|  |TAMS 0x0000000080b00000, 0x0000000080a00000| Untracked 
|  11|0x0000000080b00000, 0x0000000080c00000, 0x0000000080c00000|100%| O|  |TAMS 0x0000000080c00000, 0x0000000080b00000| Untracked 
|  12|0x0000000080c00000, 0x0000000080d00000, 0x0000000080d00000|100%| O|  |TAMS 0x0000000080d00000, 0x0000000080c00000| Untracked 
|  13|0x0000000080d00000, 0x0000000080e00000, 0x0000000080e00000|100%| O|  |TAMS 0x0000000080e00000, 0x0000000080d00000| Untracked 
|  14|0x0000000080e00000, 0x0000000080f00000, 0x0000000080f00000|100%|HS|  |TAMS 0x0000000080f00000, 0x0000000080e00000| Complete 
|  15|0x0000000080f00000, 0x0000000081000000, 0x0000000081000000|100%|HC|  |TAMS 0x0000000081000000, 0x0000000080f00000| Complete 
|  16|0x0000000081000000, 0x0000000081100000, 0x0000000081100000|100%|HS|  |TAMS 0x0000000081100000, 0x0000000081000000| Complete 
|  17|0x0000000081100000, 0x0000000081200000, 0x0000000081200000|100%|HC|  |TAMS 0x0000000081200000, 0x0000000081100000| Complete 
|  18|0x0000000081200000, 0x0000000081300000, 0x0000000081300000|100%|HC|  |TAMS 0x0000000081300000, 0x0000000081200000| Complete 
|  19|0x0000000081300000, 0x0000000081400000, 0x0000000081400000|100%|HS|  |TAMS 0x0000000081400000, 0x0000000081300000| Complete 
|  20|0x0000000081400000, 0x0000000081500000, 0x0000000081500000|100%|HC|  |TAMS 0x0000000081500000, 0x0000000081400000| Complete 
|  21|0x0000000081500000, 0x0000000081600000, 0x0000000081600000|100%|HC|  |TAMS 0x0000000081600000, 0x0000000081500000| Complete 
|  22|0x0000000081600000, 0x0000000081700000, 0x0000000081700000|100%|HS|  |TAMS 0x0000000081700000, 0x0000000081600000| Complete 
|  23|0x0000000081700000, 0x0000000081800000, 0x0000000081800000|100%|HC|  |TAMS 0x0000000081800000, 0x0000000081700000| Complete 
|  24|0x0000000081800000, 0x0000000081900000, 0x0000000081900000|100%|HS|  |TAMS 0x0000000081900000, 0x0000000081800000| Complete 
|  25|0x0000000081900000, 0x0000000081a00000, 0x0000000081a00000|100%|HC|  |TAMS 0x0000000081a00000, 0x0000000081900000| Complete 
|  26|0x0000000081a00000, 0x0000000081b00000, 0x0000000081b00000|100%|HC|  |TAMS 0x0000000081b00000, 0x0000000081a00000| Complete 
|  27|0x0000000081b00000, 0x0000000081c00000, 0x0000000081c00000|100%|HC|  |TAMS 0x0000000081c00000, 0x0000000081b00000| Complete 
|  28|0x0000000081c00000, 0x0000000081d00000, 0x0000000081d00000|100%|HC|  |TAMS 0x0000000081d00000, 0x0000000081c00000| Complete 
|  29|0x0000000081d00000, 0x0000000081e00000, 0x0000000081e00000|100%|HC|  |TAMS 0x0000000081e00000, 0x0000000081d00000| Complete 
|  30|0x0000000081e00000, 0x0000000081f00000, 0x0000000081f00000|100%|HC|  |TAMS 0x0000000081f00000, 0x0000000081e00000| Complete 
|  31|0x0000000081f00000, 0x0000000082000000, 0x0000000082000000|100%|HC|  |TAMS 0x0000000082000000, 0x0000000081f00000| Complete 
|  32|0x0000000082000000, 0x0000000082100000, 0x0000000082100000|100%|HC|  |TAMS 0x0000000082100000, 0x0000000082000000| Complete 
|  33|0x0000000082100000, 0x0000000082200000, 0x0000000082200000|100%|HC|  |TAMS 0x0000000082200000, 0x0000000082100000| Complete 
|  34|0x0000000082200000, 0x0000000082300000, 0x0000000082300000|100%|HS|  |TAMS 0x0000000082300000, 0x0000000082200000| Complete 
|  35|0x0000000082300000, 0x0000000082400000, 0x0000000082400000|100%|HC|  |TAMS 0x0000000082400000, 0x0000000082300000| Complete 
|  36|0x0000000082400000, 0x0000000082500000, 0x0000000082500000|100%|HS|  |TAMS 0x0000000082500000, 0x0000000082400000| Complete 
|  37|0x0000000082500000, 0x0000000082600000, 0x0000000082600000|100%|HC|  |TAMS 0x0000000082600000, 0x0000000082500000| Complete 
|  38|0x0000000082600000, 0x0000000082700000, 0x0000000082700000|100%|HC|  |TAMS 0x0000000082700000, 0x0000000082600000| Complete 
|  39|0x0000000082700000, 0x0000000082800000, 0x0000000082800000|100%|HC|  |TAMS 0x0000000082800000, 0x0000000082700000| Complete 
|  40|0x0000000082800000, 0x0000000082900000, 0x0000000082900000|100%|HC|  |TAMS 0x0000000082900000, 0x0000000082800000| Complete 
|  41|0x0000000082900000, 0x0000000082a00000, 0x0000000082a00000|100%| O|  |TAMS 0x0000000082a00000, 0x0000000082900000| Untracked 
|  42|0x0000000082a00000, 0x0000000082b00000, 0x0000000082b00000|100%| O|  |TAMS 0x0000000082b00000, 0x0000000082a00000| Untracked 
|  43|0x0000000082b00000, 0x0000000082c00000, 0x0000000082c00000|100%| O|  |TAMS 0x0000000082c00000, 0x0000000082b00000| Untracked 
|  44|0x0000000082c00000, 0x0000000082d00000, 0x0000000082d00000|100%| O|  |TAMS 0x0000000082d00000, 0x0000000082c00000| Untracked 
|  45|0x0000000082d00000, 0x0000000082e00000, 0x0000000082e00000|100%| O|  |TAMS 0x0000000082e00000, 0x0000000082d00000| Untracked 
|  46|0x0000000082e00000, 0x0000000082f00000, 0x0000000082f00000|100%| O|  |TAMS 0x0000000082f00000, 0x0000000082e00000| Untracked 
|  47|0x0000000082f00000, 0x0000000083000000, 0x0000000083000000|100%| O|  |TAMS 0x0000000083000000, 0x0000000082f00000| Untracked 
|  48|0x0000000083000000, 0x0000000083100000, 0x0000000083100000|100%| O|  |TAMS 0x0000000083100000, 0x0000000083000000| Untracked 
|  49|0x0000000083100000, 0x0000000083200000, 0x0000000083200000|100%| O|  |TAMS 0x0000000083200000, 0x0000000083100000| Untracked 
|  50|0x0000000083200000, 0x0000000083300000, 0x0000000083300000|100%| O|  |TAMS 0x0000000083300000, 0x0000000083200000| Untracked 
|  51|0x0000000083300000, 0x0000000083400000, 0x0000000083400000|100%| O|  |TAMS 0x0000000083400000, 0x0000000083300000| Untracked 
|  52|0x0000000083400000, 0x0000000083500000, 0x0000000083500000|100%|HS|  |TAMS 0x0000000083500000, 0x0000000083400000| Complete 
|  53|0x0000000083500000, 0x0000000083600000, 0x0000000083600000|100%|HC|  |TAMS 0x0000000083600000, 0x0000000083500000| Complete 
|  54|0x0000000083600000, 0x0000000083700000, 0x0000000083700000|100%|HS|  |TAMS 0x0000000083700000, 0x0000000083600000| Complete 
|  55|0x0000000083700000, 0x0000000083800000, 0x0000000083800000|100%|HC|  |TAMS 0x0000000083800000, 0x0000000083700000| Complete 
|  56|0x0000000083800000, 0x0000000083900000, 0x0000000083900000|100%|HC|  |TAMS 0x0000000083900000, 0x0000000083800000| Complete 
|  57|0x0000000083900000, 0x0000000083a00000, 0x0000000083a00000|100%|HS|  |TAMS 0x0000000083a00000, 0x0000000083900000| Complete 
|  58|0x0000000083a00000, 0x0000000083b00000, 0x0000000083b00000|100%|HC|  |TAMS 0x0000000083b00000, 0x0000000083a00000| Complete 
|  59|0x0000000083b00000, 0x0000000083c00000, 0x0000000083c00000|100%|HC|  |TAMS 0x0000000083c00000, 0x0000000083b00000| Complete 
|  60|0x0000000083c00000, 0x0000000083d00000, 0x0000000083d00000|100%|HC|  |TAMS 0x0000000083d00000, 0x0000000083c00000| Complete 
|  61|0x0000000083d00000, 0x0000000083e00000, 0x0000000083e00000|100%|HC|  |TAMS 0x0000000083e00000, 0x0000000083d00000| Complete 
|  62|0x0000000083e00000, 0x0000000083f00000, 0x0000000083f00000|100%|HC|  |TAMS 0x0000000083f00000, 0x0000000083e00000| Complete 
|  63|0x0000000083f00000, 0x0000000084000000, 0x0000000084000000|100%|HC|  |TAMS 0x0000000084000000, 0x0000000083f00000| Complete 
|  64|0x0000000084000000, 0x0000000084100000, 0x0000000084100000|100%|HC|  |TAMS 0x0000000084100000, 0x0000000084000000| Complete 
|  65|0x0000000084100000, 0x0000000084200000, 0x0000000084200000|100%|HC|  |TAMS 0x0000000084200000, 0x0000000084100000| Complete 
|  66|0x0000000084200000, 0x0000000084300000, 0x0000000084300000|100%|HC|  |TAMS 0x0000000084300000, 0x0000000084200000| Complete 
|  67|0x0000000084300000, 0x0000000084400000, 0x0000000084400000|100%|HS|  |TAMS 0x0000000084400000, 0x0000000084300000| Complete 
|  68|0x0000000084400000, 0x0000000084500000, 0x0000000084500000|100%|HC|  |TAMS 0x0000000084500000, 0x0000000084400000| Complete 
|  69|0x0000000084500000, 0x0000000084600000, 0x0000000084600000|100%| O|  |TAMS 0x0000000084600000, 0x0000000084500000| Untracked 
|  70|0x0000000084600000, 0x0000000084700000, 0x0000000084700000|100%| O|  |TAMS 0x0000000084700000, 0x0000000084600000| Untracked 
|  71|0x0000000084700000, 0x0000000084800000, 0x0000000084800000|100%| O|  |TAMS 0x0000000084800000, 0x0000000084700000| Untracked 
|  72|0x0000000084800000, 0x0000000084900000, 0x0000000084900000|100%| O|  |TAMS 0x0000000084900000, 0x0000000084800000| Untracked 
|  73|0x0000000084900000, 0x0000000084a00000, 0x0000000084a00000|100%| O|  |TAMS 0x0000000084a00000, 0x0000000084900000| Untracked 
|  74|0x0000000084a00000, 0x0000000084b00000, 0x0000000084b00000|100%| O|  |TAMS 0x0000000084b00000, 0x0000000084a00000| Untracked 
|  75|0x0000000084b00000, 0x0000000084c00000, 0x0000000084c00000|100%|HS|  |TAMS 0x0000000084c00000, 0x0000000084b00000| Complete 
|  76|0x0000000084c00000, 0x0000000084d00000, 0x0000000084d00000|100%|HC|  |TAMS 0x0000000084d00000, 0x0000000084c00000| Complete 
|  77|0x0000000084d00000, 0x0000000084e00000, 0x0000000084e00000|100%|HC|  |TAMS 0x0000000084e00000, 0x0000000084d00000| Complete 
|  78|0x0000000084e00000, 0x0000000084f00000, 0x0000000084f00000|100%| O|  |TAMS 0x0000000084f00000, 0x0000000084e00000| Untracked 
|  79|0x0000000084f00000, 0x0000000085000000, 0x0000000085000000|100%| O|  |TAMS 0x0000000085000000, 0x0000000084f00000| Untracked 
|  80|0x0000000085000000, 0x0000000085100000, 0x0000000085100000|100%| O|  |TAMS 0x0000000085100000, 0x0000000085000000| Untracked 
|  81|0x0000000085100000, 0x0000000085200000, 0x0000000085200000|100%| O|  |TAMS 0x0000000085200000, 0x0000000085100000| Untracked 
|  82|0x0000000085200000, 0x0000000085300000, 0x0000000085300000|100%| O|  |TAMS 0x0000000085300000, 0x0000000085200000| Untracked 
|  83|0x0000000085300000, 0x0000000085400000, 0x0000000085400000|100%|HS|  |TAMS 0x0000000085400000, 0x0000000085300000| Complete 
|  84|0x0000000085400000, 0x0000000085500000, 0x0000000085500000|100%|HC|  |TAMS 0x0000000085500000, 0x0000000085400000| Complete 
|  85|0x0000000085500000, 0x0000000085600000, 0x0000000085600000|100%|HC|  |TAMS 0x0000000085600000, 0x0000000085500000| Complete 
|  86|0x0000000085600000, 0x0000000085700000, 0x0000000085700000|100%|HC|  |TAMS 0x0000000085700000, 0x0000000085600000| Complete 
|  87|0x0000000085700000, 0x0000000085800000, 0x0000000085800000|100%|HC|  |TAMS 0x0000000085800000, 0x0000000085700000| Complete 
|  88|0x0000000085800000, 0x0000000085900000, 0x0000000085900000|100%| O|  |TAMS 0x0000000085900000, 0x0000000085800000| Untracked 
|  89|0x0000000085900000, 0x0000000085a00000, 0x0000000085a00000|100%| O|  |TAMS 0x0000000085a00000, 0x0000000085900000| Untracked 
|  90|0x0000000085a00000, 0x0000000085b00000, 0x0000000085b00000|100%| O|  |TAMS 0x0000000085b00000, 0x0000000085a00000| Untracked 
|  91|0x0000000085b00000, 0x0000000085c00000, 0x0000000085c00000|100%| O|  |TAMS 0x0000000085c00000, 0x0000000085b00000| Untracked 
|  92|0x0000000085c00000, 0x0000000085d00000, 0x0000000085d00000|100%| O|  |TAMS 0x0000000085d00000, 0x0000000085c00000| Untracked 
|  93|0x0000000085d00000, 0x0000000085e00000, 0x0000000085e00000|100%| O|  |TAMS 0x0000000085e00000, 0x0000000085d00000| Untracked 
|  94|0x0000000085e00000, 0x0000000085f00000, 0x0000000085f00000|100%| O|  |TAMS 0x0000000085f00000, 0x0000000085e00000| Untracked 
|  95|0x0000000085f00000, 0x0000000086000000, 0x0000000086000000|100%| O|  |TAMS 0x0000000086000000, 0x0000000085f00000| Untracked 
|  96|0x0000000086000000, 0x0000000086100000, 0x0000000086100000|100%| O|  |TAMS 0x0000000086100000, 0x0000000086000000| Untracked 
|  97|0x0000000086100000, 0x0000000086200000, 0x0000000086200000|100%| O|  |TAMS 0x0000000086200000, 0x0000000086100000| Untracked 
|  98|0x0000000086200000, 0x0000000086300000, 0x0000000086300000|100%| O|  |TAMS 0x0000000086300000, 0x0000000086200000| Untracked 
|  99|0x0000000086300000, 0x0000000086400000, 0x0000000086400000|100%| O|  |TAMS 0x0000000086400000, 0x0000000086300000| Untracked 
| 100|0x0000000086400000, 0x0000000086500000, 0x0000000086500000|100%| O|  |TAMS 0x0000000086500000, 0x0000000086400000| Untracked 
| 101|0x0000000086500000, 0x0000000086600000, 0x0000000086600000|100%|HS|  |TAMS 0x0000000086600000, 0x0000000086500000| Complete 
| 102|0x0000000086600000, 0x0000000086700000, 0x0000000086700000|100%|HS|  |TAMS 0x0000000086700000, 0x0000000086600000| Complete 
| 103|0x0000000086700000, 0x0000000086800000, 0x0000000086800000|100%|HC|  |TAMS 0x0000000086800000, 0x0000000086700000| Complete 
| 104|0x0000000086800000, 0x0000000086900000, 0x0000000086900000|100%|HS|  |TAMS 0x0000000086900000, 0x0000000086800000| Complete 
| 105|0x0000000086900000, 0x0000000086a00000, 0x0000000086a00000|100%| O|  |TAMS 0x0000000086a00000, 0x0000000086900000| Untracked 
| 106|0x0000000086a00000, 0x0000000086b00000, 0x0000000086b00000|100%|HS|  |TAMS 0x0000000086b00000, 0x0000000086a00000| Complete 
| 107|0x0000000086b00000, 0x0000000086c00000, 0x0000000086c00000|100%|HC|  |TAMS 0x0000000086c00000, 0x0000000086b00000| Complete 
| 108|0x0000000086c00000, 0x0000000086d00000, 0x0000000086d00000|100%|HC|  |TAMS 0x0000000086d00000, 0x0000000086c00000| Complete 
| 109|0x0000000086d00000, 0x0000000086e00000, 0x0000000086e00000|100%|HC|  |TAMS 0x0000000086e00000, 0x0000000086d00000| Complete 
| 110|0x0000000086e00000, 0x0000000086f00000, 0x0000000086f00000|100%| O|  |TAMS 0x0000000086f00000, 0x0000000086e00000| Untracked 
| 111|0x0000000086f00000, 0x0000000087000000, 0x0000000087000000|100%| O|  |TAMS 0x0000000087000000, 0x0000000086f00000| Untracked 
| 112|0x0000000087000000, 0x0000000087100000, 0x0000000087100000|100%| O|  |TAMS 0x0000000087100000, 0x0000000087000000| Untracked 
| 113|0x0000000087100000, 0x0000000087200000, 0x0000000087200000|100%| O|  |TAMS 0x0000000087200000, 0x0000000087100000| Untracked 
| 114|0x0000000087200000, 0x0000000087300000, 0x0000000087300000|100%| O|  |TAMS 0x0000000087300000, 0x0000000087200000| Untracked 
| 115|0x0000000087300000, 0x0000000087400000, 0x0000000087400000|100%| O|  |TAMS 0x0000000087400000, 0x0000000087300000| Untracked 
| 116|0x0000000087400000, 0x0000000087500000, 0x0000000087500000|100%| O|  |TAMS 0x0000000087500000, 0x0000000087400000| Untracked 
| 117|0x0000000087500000, 0x0000000087600000, 0x0000000087600000|100%| O|  |TAMS 0x0000000087600000, 0x0000000087500000| Untracked 
| 118|0x0000000087600000, 0x0000000087700000, 0x0000000087700000|100%| O|  |TAMS 0x0000000087700000, 0x0000000087600000| Untracked 
| 119|0x0000000087700000, 0x0000000087800000, 0x0000000087800000|100%| O|  |TAMS 0x0000000087800000, 0x0000000087700000| Untracked 
| 120|0x0000000087800000, 0x0000000087900000, 0x0000000087900000|100%| O|  |TAMS 0x0000000087900000, 0x0000000087800000| Untracked 
| 121|0x0000000087900000, 0x0000000087a00000, 0x0000000087a00000|100%| O|  |TAMS 0x0000000087a00000, 0x0000000087900000| Untracked 
| 122|0x0000000087a00000, 0x0000000087b00000, 0x0000000087b00000|100%| O|  |TAMS 0x0000000087b00000, 0x0000000087a00000| Untracked 
| 123|0x0000000087b00000, 0x0000000087c00000, 0x0000000087c00000|100%| O|  |TAMS 0x0000000087c00000, 0x0000000087b00000| Untracked 
| 124|0x0000000087c00000, 0x0000000087d00000, 0x0000000087d00000|100%| O|  |TAMS 0x0000000087d00000, 0x0000000087c00000| Untracked 
| 125|0x0000000087d00000, 0x0000000087e00000, 0x0000000087e00000|100%| O|  |TAMS 0x0000000087e00000, 0x0000000087d00000| Untracked 
| 126|0x0000000087e00000, 0x0000000087f00000, 0x0000000087f00000|100%| O|  |TAMS 0x0000000087f00000, 0x0000000087e00000| Untracked 
| 127|0x0000000087f00000, 0x0000000088000000, 0x0000000088000000|100%| O|  |TAMS 0x0000000088000000, 0x0000000087f00000| Untracked 
| 128|0x0000000088000000, 0x0000000088100000, 0x0000000088100000|100%| O|  |TAMS 0x0000000088100000, 0x0000000088000000| Untracked 
| 129|0x0000000088100000, 0x0000000088200000, 0x0000000088200000|100%| O|  |TAMS 0x0000000088200000, 0x0000000088100000| Untracked 
| 130|0x0000000088200000, 0x0000000088300000, 0x0000000088300000|100%| O|  |TAMS 0x0000000088300000, 0x0000000088200000| Untracked 
| 131|0x0000000088300000, 0x0000000088400000, 0x0000000088400000|100%| O|  |TAMS 0x0000000088400000, 0x0000000088300000| Untracked 
| 132|0x0000000088400000, 0x0000000088500000, 0x0000000088500000|100%| O|  |TAMS 0x0000000088500000, 0x0000000088400000| Untracked 
| 133|0x0000000088500000, 0x0000000088600000, 0x0000000088600000|100%| O|  |TAMS 0x0000000088600000, 0x0000000088500000| Untracked 
| 134|0x0000000088600000, 0x0000000088700000, 0x0000000088700000|100%| O|  |TAMS 0x0000000088700000, 0x0000000088600000| Untracked 
| 135|0x0000000088700000, 0x0000000088800000, 0x0000000088800000|100%| O|  |TAMS 0x0000000088800000, 0x0000000088700000| Untracked 
| 136|0x0000000088800000, 0x0000000088900000, 0x0000000088900000|100%| O|  |TAMS 0x0000000088900000, 0x0000000088800000| Untracked 
| 137|0x0000000088900000, 0x0000000088a00000, 0x0000000088a00000|100%|HS|  |TAMS 0x0000000088a00000, 0x0000000088900000| Complete 
| 138|0x0000000088a00000, 0x0000000088b00000, 0x0000000088b00000|100%|HC|  |TAMS 0x0000000088b00000, 0x0000000088a00000| Complete 
| 139|0x0000000088b00000, 0x0000000088c00000, 0x0000000088c00000|100%|HS|  |TAMS 0x0000000088c00000, 0x0000000088b00000| Complete 
| 140|0x0000000088c00000, 0x0000000088d00000, 0x0000000088d00000|100%|HC|  |TAMS 0x0000000088d00000, 0x0000000088c00000| Complete 
| 141|0x0000000088d00000, 0x0000000088e00000, 0x0000000088e00000|100%|HC|  |TAMS 0x0000000088e00000, 0x0000000088d00000| Complete 
| 142|0x0000000088e00000, 0x0000000088f00000, 0x0000000088f00000|100%|HS|  |TAMS 0x0000000088f00000, 0x0000000088e00000| Complete 
| 143|0x0000000088f00000, 0x0000000089000000, 0x0000000089000000|100%|HC|  |TAMS 0x0000000089000000, 0x0000000088f00000| Complete 
| 144|0x0000000089000000, 0x0000000089100000, 0x0000000089100000|100%|HC|  |TAMS 0x0000000089100000, 0x0000000089000000| Complete 
| 145|0x0000000089100000, 0x0000000089200000, 0x0000000089200000|100%|HS|  |TAMS 0x0000000089200000, 0x0000000089100000| Complete 
| 146|0x0000000089200000, 0x0000000089300000, 0x0000000089300000|100%|HC|  |TAMS 0x0000000089300000, 0x0000000089200000| Complete 
| 147|0x0000000089300000, 0x0000000089400000, 0x0000000089400000|100%|HS|  |TAMS 0x0000000089400000, 0x0000000089300000| Complete 
| 148|0x0000000089400000, 0x0000000089500000, 0x0000000089500000|100%|HC|  |TAMS 0x0000000089500000, 0x0000000089400000| Complete 
| 149|0x0000000089500000, 0x0000000089600000, 0x0000000089600000|100%|HC|  |TAMS 0x0000000089600000, 0x0000000089500000| Complete 
| 150|0x0000000089600000, 0x0000000089700000, 0x0000000089700000|100%|HC|  |TAMS 0x0000000089700000, 0x0000000089600000| Complete 
| 151|0x0000000089700000, 0x0000000089800000, 0x0000000089800000|100%|HC|  |TAMS 0x0000000089800000, 0x0000000089700000| Complete 
| 152|0x0000000089800000, 0x0000000089900000, 0x0000000089900000|100%|HC|  |TAMS 0x0000000089900000, 0x0000000089800000| Complete 
| 153|0x0000000089900000, 0x0000000089a00000, 0x0000000089a00000|100%|HC|  |TAMS 0x0000000089a00000, 0x0000000089900000| Complete 
| 154|0x0000000089a00000, 0x0000000089b00000, 0x0000000089b00000|100%|HC|  |TAMS 0x0000000089b00000, 0x0000000089a00000| Complete 
| 155|0x0000000089b00000, 0x0000000089c00000, 0x0000000089c00000|100%|HC|  |TAMS 0x0000000089c00000, 0x0000000089b00000| Complete 
| 156|0x0000000089c00000, 0x0000000089d00000, 0x0000000089d00000|100%|HC|  |TAMS 0x0000000089d00000, 0x0000000089c00000| Complete 
| 157|0x0000000089d00000, 0x0000000089e00000, 0x0000000089e00000|100%|HS|  |TAMS 0x0000000089e00000, 0x0000000089d00000| Complete 
| 158|0x0000000089e00000, 0x0000000089f00000, 0x0000000089f00000|100%|HC|  |TAMS 0x0000000089f00000, 0x0000000089e00000| Complete 
| 159|0x0000000089f00000, 0x000000008a000000, 0x000000008a000000|100%|HS|  |TAMS 0x000000008a000000, 0x0000000089f00000| Complete 
| 160|0x000000008a000000, 0x000000008a100000, 0x000000008a100000|100%|HC|  |TAMS 0x000000008a100000, 0x000000008a000000| Complete 
| 161|0x000000008a100000, 0x000000008a200000, 0x000000008a200000|100%|HC|  |TAMS 0x000000008a200000, 0x000000008a100000| Complete 
| 162|0x000000008a200000, 0x000000008a300000, 0x000000008a300000|100%|HC|  |TAMS 0x000000008a300000, 0x000000008a200000| Complete 
| 163|0x000000008a300000, 0x000000008a400000, 0x000000008a400000|100%|HC|  |TAMS 0x000000008a400000, 0x000000008a300000| Complete 
| 164|0x000000008a400000, 0x000000008a500000, 0x000000008a500000|100%| O|  |TAMS 0x000000008a500000, 0x000000008a400000| Untracked 
| 165|0x000000008a500000, 0x000000008a600000, 0x000000008a600000|100%| O|  |TAMS 0x000000008a600000, 0x000000008a500000| Untracked 
| 166|0x000000008a600000, 0x000000008a700000, 0x000000008a700000|100%| O|  |TAMS 0x000000008a700000, 0x000000008a600000| Untracked 
| 167|0x000000008a700000, 0x000000008a800000, 0x000000008a800000|100%| O|  |TAMS 0x000000008a800000, 0x000000008a700000| Untracked 
| 168|0x000000008a800000, 0x000000008a900000, 0x000000008a900000|100%| O|  |TAMS 0x000000008a900000, 0x000000008a800000| Untracked 
| 169|0x000000008a900000, 0x000000008aa00000, 0x000000008aa00000|100%| O|  |TAMS 0x000000008aa00000, 0x000000008a900000| Untracked 
| 170|0x000000008aa00000, 0x000000008ab00000, 0x000000008ab00000|100%| O|  |TAMS 0x000000008ab00000, 0x000000008aa00000| Untracked 
| 171|0x000000008ab00000, 0x000000008ac00000, 0x000000008ac00000|100%| O|  |TAMS 0x000000008ac00000, 0x000000008ab00000| Untracked 
| 172|0x000000008ac00000, 0x000000008ad00000, 0x000000008ad00000|100%| O|  |TAMS 0x000000008ad00000, 0x000000008ac00000| Untracked 
| 173|0x000000008ad00000, 0x000000008ae00000, 0x000000008ae00000|100%| O|  |TAMS 0x000000008adee400, 0x000000008ad00000| Untracked 
| 174|0x000000008ae00000, 0x000000008af00000, 0x000000008af00000|100%| O|  |TAMS 0x000000008ae00000, 0x000000008ae00000| Untracked 
| 175|0x000000008af00000, 0x000000008af3a800, 0x000000008b000000| 22%| O|  |TAMS 0x000000008af00000, 0x000000008af00000| Untracked 
| 176|0x000000008b000000, 0x000000008b000000, 0x000000008b100000|  0%| F|  |TAMS 0x000000008b000000, 0x000000008b000000| Untracked 
| 177|0x000000008b100000, 0x000000008b100000, 0x000000008b200000|  0%| F|  |TAMS 0x000000008b100000, 0x000000008b100000| Untracked 
| 178|0x000000008b200000, 0x000000008b200000, 0x000000008b300000|  0%| F|  |TAMS 0x000000008b200000, 0x000000008b200000| Untracked 
| 179|0x000000008b300000, 0x000000008b300000, 0x000000008b400000|  0%| F|  |TAMS 0x000000008b300000, 0x000000008b300000| Untracked 
| 180|0x000000008b400000, 0x000000008b400000, 0x000000008b500000|  0%| F|  |TAMS 0x000000008b400000, 0x000000008b400000| Untracked 
| 181|0x000000008b500000, 0x000000008b500000, 0x000000008b600000|  0%| F|  |TAMS 0x000000008b500000, 0x000000008b500000| Untracked 
| 182|0x000000008b600000, 0x000000008b600000, 0x000000008b700000|  0%| F|  |TAMS 0x000000008b600000, 0x000000008b600000| Untracked 
| 183|0x000000008b700000, 0x000000008b700000, 0x000000008b800000|  0%| F|  |TAMS 0x000000008b700000, 0x000000008b700000| Untracked 
| 184|0x000000008b800000, 0x000000008b800000, 0x000000008b900000|  0%| F|  |TAMS 0x000000008b800000, 0x000000008b800000| Untracked 
| 185|0x000000008b900000, 0x000000008b900000, 0x000000008ba00000|  0%| F|  |TAMS 0x000000008b900000, 0x000000008b900000| Untracked 
| 186|0x000000008ba00000, 0x000000008ba00000, 0x000000008bb00000|  0%| F|  |TAMS 0x000000008ba00000, 0x000000008ba00000| Untracked 
| 187|0x000000008bb00000, 0x000000008bb00000, 0x000000008bc00000|  0%| F|  |TAMS 0x000000008bb00000, 0x000000008bb00000| Untracked 
| 188|0x000000008bc00000, 0x000000008bc00000, 0x000000008bd00000|  0%| F|  |TAMS 0x000000008bc00000, 0x000000008bc00000| Untracked 
| 189|0x000000008bd00000, 0x000000008bd00000, 0x000000008be00000|  0%| F|  |TAMS 0x000000008bd00000, 0x000000008bd00000| Untracked 
| 190|0x000000008be00000, 0x000000008be00000, 0x000000008bf00000|  0%| F|  |TAMS 0x000000008be00000, 0x000000008be00000| Untracked 
| 191|0x000000008bf00000, 0x000000008bf00000, 0x000000008c000000|  0%| F|  |TAMS 0x000000008bf00000, 0x000000008bf00000| Untracked 
| 192|0x000000008c000000, 0x000000008c000000, 0x000000008c100000|  0%| F|  |TAMS 0x000000008c000000, 0x000000008c000000| Untracked 
| 193|0x000000008c100000, 0x000000008c100000, 0x000000008c200000|  0%| F|  |TAMS 0x000000008c100000, 0x000000008c100000| Untracked 
| 194|0x000000008c200000, 0x000000008c200000, 0x000000008c300000|  0%| F|  |TAMS 0x000000008c200000, 0x000000008c200000| Untracked 
| 195|0x000000008c300000, 0x000000008c300000, 0x000000008c400000|  0%| F|  |TAMS 0x000000008c300000, 0x000000008c300000| Untracked 
| 196|0x000000008c400000, 0x000000008c400000, 0x000000008c500000|  0%| F|  |TAMS 0x000000008c400000, 0x000000008c400000| Untracked 
| 197|0x000000008c500000, 0x000000008c500000, 0x000000008c600000|  0%| F|  |TAMS 0x000000008c500000, 0x000000008c500000| Untracked 
| 198|0x000000008c600000, 0x000000008c600000, 0x000000008c700000|  0%| F|  |TAMS 0x000000008c600000, 0x000000008c600000| Untracked 
| 199|0x000000008c700000, 0x000000008c700000, 0x000000008c800000|  0%| F|  |TAMS 0x000000008c700000, 0x000000008c700000| Untracked 
| 200|0x000000008c800000, 0x000000008c800000, 0x000000008c900000|  0%| F|  |TAMS 0x000000008c800000, 0x000000008c800000| Untracked 
| 201|0x000000008c900000, 0x000000008c900000, 0x000000008ca00000|  0%| F|  |TAMS 0x000000008c900000, 0x000000008c900000| Untracked 
| 202|0x000000008ca00000, 0x000000008ca00000, 0x000000008cb00000|  0%| F|  |TAMS 0x000000008ca00000, 0x000000008ca00000| Untracked 
| 203|0x000000008cb00000, 0x000000008cb00000, 0x000000008cc00000|  0%| F|  |TAMS 0x000000008cb00000, 0x000000008cb00000| Untracked 
| 204|0x000000008cc00000, 0x000000008cc00000, 0x000000008cd00000|  0%| F|  |TAMS 0x000000008cc00000, 0x000000008cc00000| Untracked 
| 205|0x000000008cd00000, 0x000000008cd00000, 0x000000008ce00000|  0%| F|  |TAMS 0x000000008cd00000, 0x000000008cd00000| Untracked 
| 206|0x000000008ce00000, 0x000000008ce00000, 0x000000008cf00000|  0%| F|  |TAMS 0x000000008ce00000, 0x000000008ce00000| Untracked 
| 207|0x000000008cf00000, 0x000000008cf00000, 0x000000008d000000|  0%| F|  |TAMS 0x000000008cf00000, 0x000000008cf00000| Untracked 
| 208|0x000000008d000000, 0x000000008d000000, 0x000000008d100000|  0%| F|  |TAMS 0x000000008d000000, 0x000000008d000000| Untracked 
| 209|0x000000008d100000, 0x000000008d100000, 0x000000008d200000|  0%| F|  |TAMS 0x000000008d100000, 0x000000008d100000| Untracked 
| 210|0x000000008d200000, 0x000000008d200000, 0x000000008d300000|  0%| F|  |TAMS 0x000000008d200000, 0x000000008d200000| Untracked 
| 211|0x000000008d300000, 0x000000008d300000, 0x000000008d400000|  0%| F|  |TAMS 0x000000008d300000, 0x000000008d300000| Untracked 
| 212|0x000000008d400000, 0x000000008d400000, 0x000000008d500000|  0%| F|  |TAMS 0x000000008d400000, 0x000000008d400000| Untracked 
| 213|0x000000008d500000, 0x000000008d500000, 0x000000008d600000|  0%| F|  |TAMS 0x000000008d500000, 0x000000008d500000| Untracked 
| 214|0x000000008d600000, 0x000000008d600000, 0x000000008d700000|  0%| F|  |TAMS 0x000000008d600000, 0x000000008d600000| Untracked 
| 215|0x000000008d700000, 0x000000008d700000, 0x000000008d800000|  0%| F|  |TAMS 0x000000008d700000, 0x000000008d700000| Untracked 
| 216|0x000000008d800000, 0x000000008d800000, 0x000000008d900000|  0%| F|  |TAMS 0x000000008d800000, 0x000000008d800000| Untracked 
| 217|0x000000008d900000, 0x000000008d900000, 0x000000008da00000|  0%| F|  |TAMS 0x000000008d900000, 0x000000008d900000| Untracked 
| 218|0x000000008da00000, 0x000000008da00000, 0x000000008db00000|  0%| F|  |TAMS 0x000000008da00000, 0x000000008da00000| Untracked 
| 219|0x000000008db00000, 0x000000008db00000, 0x000000008dc00000|  0%| F|  |TAMS 0x000000008db00000, 0x000000008db00000| Untracked 
| 220|0x000000008dc00000, 0x000000008dc00000, 0x000000008dd00000|  0%| F|  |TAMS 0x000000008dc00000, 0x000000008dc00000| Untracked 
| 221|0x000000008dd00000, 0x000000008dd00000, 0x000000008de00000|  0%| F|  |TAMS 0x000000008dd00000, 0x000000008dd00000| Untracked 
| 222|0x000000008de00000, 0x000000008de00000, 0x000000008df00000|  0%| F|  |TAMS 0x000000008de00000, 0x000000008de00000| Untracked 
| 223|0x000000008df00000, 0x000000008df00000, 0x000000008e000000|  0%| F|  |TAMS 0x000000008df00000, 0x000000008df00000| Untracked 
| 224|0x000000008e000000, 0x000000008e000000, 0x000000008e100000|  0%| F|  |TAMS 0x000000008e000000, 0x000000008e000000| Untracked 
| 225|0x000000008e100000, 0x000000008e100000, 0x000000008e200000|  0%| F|  |TAMS 0x000000008e100000, 0x000000008e100000| Untracked 
| 226|0x000000008e200000, 0x000000008e200000, 0x000000008e300000|  0%| F|  |TAMS 0x000000008e200000, 0x000000008e200000| Untracked 
| 227|0x000000008e300000, 0x000000008e300000, 0x000000008e400000|  0%| F|  |TAMS 0x000000008e300000, 0x000000008e300000| Untracked 
| 228|0x000000008e400000, 0x000000008e400000, 0x000000008e500000|  0%| F|  |TAMS 0x000000008e400000, 0x000000008e400000| Untracked 
| 229|0x000000008e500000, 0x000000008e500000, 0x000000008e600000|  0%| F|  |TAMS 0x000000008e500000, 0x000000008e500000| Untracked 
| 230|0x000000008e600000, 0x000000008e685c98, 0x000000008e700000| 52%| S|CS|TAMS 0x000000008e600000, 0x000000008e600000| Complete 
| 231|0x000000008e700000, 0x000000008e800000, 0x000000008e800000|100%| S|CS|TAMS 0x000000008e700000, 0x000000008e700000| Complete 
| 232|0x000000008e800000, 0x000000008e800000, 0x000000008e900000|  0%| F|  |TAMS 0x000000008e800000, 0x000000008e800000| Untracked 
| 233|0x000000008e900000, 0x000000008e900000, 0x000000008ea00000|  0%| F|  |TAMS 0x000000008e900000, 0x000000008e900000| Untracked 
| 234|0x000000008ea00000, 0x000000008ea00000, 0x000000008eb00000|  0%| F|  |TAMS 0x000000008ea00000, 0x000000008ea00000| Untracked 
| 235|0x000000008eb00000, 0x000000008eb00000, 0x000000008ec00000|  0%| F|  |TAMS 0x000000008eb00000, 0x000000008eb00000| Untracked 
| 236|0x000000008ec00000, 0x000000008ec00000, 0x000000008ed00000|  0%| F|  |TAMS 0x000000008ec00000, 0x000000008ec00000| Untracked 
| 237|0x000000008ed00000, 0x000000008ed00000, 0x000000008ee00000|  0%| F|  |TAMS 0x000000008ed00000, 0x000000008ed00000| Untracked 
| 238|0x000000008ee00000, 0x000000008ee00000, 0x000000008ef00000|  0%| F|  |TAMS 0x000000008ee00000, 0x000000008ee00000| Untracked 
| 239|0x000000008ef00000, 0x000000008f000000, 0x000000008f000000|100%| E|  |TAMS 0x000000008ef00000, 0x000000008ef00000| Complete 
| 240|0x000000008f000000, 0x000000008f100000, 0x000000008f100000|100%| E|CS|TAMS 0x000000008f000000, 0x000000008f000000| Complete 
| 241|0x000000008f100000, 0x000000008f200000, 0x000000008f200000|100%| E|CS|TAMS 0x000000008f100000, 0x000000008f100000| Complete 
| 242|0x000000008f200000, 0x000000008f300000, 0x000000008f300000|100%| E|CS|TAMS 0x000000008f200000, 0x000000008f200000| Complete 
| 243|0x000000008f300000, 0x000000008f400000, 0x000000008f400000|100%| E|CS|TAMS 0x000000008f300000, 0x000000008f300000| Complete 
| 244|0x000000008f400000, 0x000000008f500000, 0x000000008f500000|100%| E|CS|TAMS 0x000000008f400000, 0x000000008f400000| Complete 
| 245|0x000000008f500000, 0x000000008f600000, 0x000000008f600000|100%| E|CS|TAMS 0x000000008f500000, 0x000000008f500000| Complete 
| 246|0x000000008f600000, 0x000000008f700000, 0x000000008f700000|100%| E|CS|TAMS 0x000000008f600000, 0x000000008f600000| Complete 
| 247|0x000000008f700000, 0x000000008f800000, 0x000000008f800000|100%| E|CS|TAMS 0x000000008f700000, 0x000000008f700000| Complete 
| 248|0x000000008f800000, 0x000000008f900000, 0x000000008f900000|100%| E|CS|TAMS 0x000000008f800000, 0x000000008f800000| Complete 
| 249|0x000000008f900000, 0x000000008fa00000, 0x000000008fa00000|100%| E|CS|TAMS 0x000000008f900000, 0x000000008f900000| Complete 
| 250|0x000000008fa00000, 0x000000008fb00000, 0x000000008fb00000|100%| E|CS|TAMS 0x000000008fa00000, 0x000000008fa00000| Complete 
| 251|0x000000008fb00000, 0x000000008fc00000, 0x000000008fc00000|100%| E|CS|TAMS 0x000000008fb00000, 0x000000008fb00000| Complete 
| 252|0x000000008fc00000, 0x000000008fd00000, 0x000000008fd00000|100%| E|CS|TAMS 0x000000008fc00000, 0x000000008fc00000| Complete 
| 253|0x000000008fd00000, 0x000000008fe00000, 0x000000008fe00000|100%| E|CS|TAMS 0x000000008fd00000, 0x000000008fd00000| Complete 
| 254|0x000000008fe00000, 0x000000008ff00000, 0x000000008ff00000|100%| E|CS|TAMS 0x000000008fe00000, 0x000000008fe00000| Complete 
| 255|0x000000008ff00000, 0x0000000090000000, 0x0000000090000000|100%| E|CS|TAMS 0x000000008ff00000, 0x000000008ff00000| Complete 
| 256|0x0000000090000000, 0x0000000090100000, 0x0000000090100000|100%| E|CS|TAMS 0x0000000090000000, 0x0000000090000000| Complete 
| 257|0x0000000090100000, 0x0000000090200000, 0x0000000090200000|100%| E|CS|TAMS 0x0000000090100000, 0x0000000090100000| Complete 
| 258|0x0000000090200000, 0x0000000090300000, 0x0000000090300000|100%| E|CS|TAMS 0x0000000090200000, 0x0000000090200000| Complete 
| 259|0x0000000090300000, 0x0000000090400000, 0x0000000090400000|100%| E|CS|TAMS 0x0000000090300000, 0x0000000090300000| Complete 
| 260|0x0000000090400000, 0x0000000090500000, 0x0000000090500000|100%| E|CS|TAMS 0x0000000090400000, 0x0000000090400000| Complete 
| 261|0x0000000090500000, 0x0000000090600000, 0x0000000090600000|100%| E|CS|TAMS 0x0000000090500000, 0x0000000090500000| Complete 
| 262|0x0000000090600000, 0x0000000090700000, 0x0000000090700000|100%| E|CS|TAMS 0x0000000090600000, 0x0000000090600000| Complete 
| 263|0x0000000090700000, 0x0000000090800000, 0x0000000090800000|100%| E|CS|TAMS 0x0000000090700000, 0x0000000090700000| Complete 
| 264|0x0000000090800000, 0x0000000090900000, 0x0000000090900000|100%| E|CS|TAMS 0x0000000090800000, 0x0000000090800000| Complete 
| 265|0x0000000090900000, 0x0000000090a00000, 0x0000000090a00000|100%| E|CS|TAMS 0x0000000090900000, 0x0000000090900000| Complete 
| 266|0x0000000090a00000, 0x0000000090b00000, 0x0000000090b00000|100%| E|CS|TAMS 0x0000000090a00000, 0x0000000090a00000| Complete 

Card table byte_map: [0x00000140cbc10000,0x00000140cc010000] _byte_map_base: 0x00000140cb810000

Marking Bits (Prev, Next): (CMBitMap*) 0x00000140b8d20108, (CMBitMap*) 0x00000140b8d20140
 Prev Bits: [0x00000140cc410000, 0x00000140ce410000)
 Next Bits: [0x00000140ce410000, 0x00000140d0410000)

Polling page: 0x00000140b6c90000

Metaspace:

Usage:
  Non-class:     92.13 MB capacity,    90.52 MB ( 98%) used,     1.33 MB (  1%) free+waste,   291.25 KB ( <1%) overhead. 
      Class:     14.35 MB capacity,    13.39 MB ( 93%) used,   852.38 KB (  6%) free+waste,   134.69 KB ( <1%) overhead. 
       Both:    106.48 MB capacity,   103.90 MB ( 98%) used,     2.16 MB (  2%) free+waste,   425.94 KB ( <1%) overhead. 

Virtual space:
  Non-class space:       96.00 MB reserved,      92.37 MB ( 96%) committed 
      Class space:        1.00 GB reserved,      14.38 MB (  1%) committed 
             Both:        1.09 GB reserved,     106.75 MB ( 10%) committed 

Chunk freelists:
   Non-Class:  0 bytes
       Class:  0 bytes
        Both:  0 bytes

MaxMetaspaceSize: 17179869184.00 GB
CompressedClassSpaceSize: 1.00 GB
Initial GC threshold: 20.80 MB
Current GC threshold: 165.83 MB
CDS: off

CodeHeap 'non-profiled nmethods': size=120064Kb used=6626Kb max_used=6626Kb free=113437Kb
 bounds [0x00000140c42d0000, 0x00000140c4950000, 0x00000140cb810000]
CodeHeap 'profiled nmethods': size=120000Kb used=22931Kb max_used=22931Kb free=97068Kb
 bounds [0x00000140bcda0000, 0x00000140be410000, 0x00000140c42d0000]
CodeHeap 'non-nmethods': size=5696Kb used=2425Kb max_used=2475Kb free=3270Kb
 bounds [0x00000140bc810000, 0x00000140bca90000, 0x00000140bcda0000]
 total_blobs=11453 nmethods=10490 adapters=874
 compilation: enabled
              stopped_count=0, restarted_count=0
 full_count=0

Compilation events (20 events):
Event: 34.003 Thread 0x00000140d292b800 10489       3       org.gradle.api.internal.file.DefaultFileCollectionFactory::configurableFiles (25 bytes)
Event: 34.003 Thread 0x00000140d292b800 nmethod 10489 0x00000140be3d4b10 code [0x00000140be3d4cc0, 0x00000140be3d4e88]
Event: 34.003 Thread 0x00000140d292b800 10490       3       org.gradle.api.internal.file.collections.DefaultConfigurableFileCollection::<init> (65 bytes)
Event: 34.004 Thread 0x00000140d292b800 nmethod 10490 0x00000140be3d4f90 code [0x00000140be3d5200, 0x00000140be3d5db8]
Event: 34.004 Thread 0x00000140d292b800 10491       3       org.gradle.api.internal.file.collections.DefaultConfigurableFileCollection$PathSet::<init> (6 bytes)
Event: 34.005 Thread 0x00000140d292b800 nmethod 10491 0x00000140be3d6190 code [0x00000140be3d6360, 0x00000140be3d6638]
Event: 34.005 Thread 0x00000140d292b800 10492       3       org.gradle.api.internal.file.collections.DefaultConfigurableFileCollection$PathSet::<init> (10 bytes)
Event: 34.005 Thread 0x00000140d292b800 nmethod 10492 0x00000140be3d6790 code [0x00000140be3d6960, 0x00000140be3d6bd8]
Event: 34.005 Thread 0x00000140d292b800 10493       3       org.gradle.api.internal.model.DefaultObjectFactory::fileCollection (10 bytes)
Event: 34.005 Thread 0x00000140d292b800 nmethod 10493 0x00000140be3d6d10 code [0x00000140be3d6ee0, 0x00000140be3d7148]
Event: 34.005 Thread 0x00000140d292b800 10494       3       java.lang.invoke.MethodType::parameterArray (11 bytes)
Event: 34.006 Thread 0x00000140d292b800 nmethod 10494 0x00000140be3d7290 code [0x00000140be3d7460, 0x00000140be3d7708]
Event: 34.007 Thread 0x00000140d292b800 10495       1       org.gradle.api.internal.project.DefaultProject::getTasks (5 bytes)
Event: 34.007 Thread 0x00000140d292b800 nmethod 10495 0x00000140c4946b90 code [0x00000140c4946d40, 0x00000140c4946df8]
Event: 34.008 Thread 0x00000140d292b800 10496       3       org.gradle.api.internal.provider.AbstractMinimalProvider::map (6 bytes)
Event: 34.008 Thread 0x00000140d292b800 nmethod 10496 0x00000140be3d7810 code [0x00000140be3d79c0, 0x00000140be3d7b68]
Event: 34.008 Thread 0x00000140d292b800 10497       3       org.gradle.api.internal.provider.AbstractMinimalProvider::map (10 bytes)
Event: 34.008 Thread 0x00000140d292b800 nmethod 10497 0x00000140be3d7c10 code [0x00000140be3d7de0, 0x00000140be3d8118]
Event: 34.008 Thread 0x00000140d292b800 10498       1       org.gradle.api.internal.provider.TransformBackedProvider::getType (2 bytes)
Event: 34.009 Thread 0x00000140d292b800 nmethod 10498 0x00000140c4946e90 code [0x00000140c4947040, 0x00000140c49470f8]

GC Heap History (20 events):
Event: 30.881 GC heap before
{Heap before GC invocations=51 (full 0):
 garbage-first heap   total 227328K, used 190464K [0x0000000080000000, 0x0000000100000000)
  region size 1024K, 18 young (18432K), 4 survivors (4096K)
 Metaspace       used 94281K, capacity 96655K, committed 96892K, reserved 1132544K
  class space    used 12149K, capacity 13006K, committed 13056K, reserved 1048576K
}
Event: 30.886 GC heap after
{Heap after GC invocations=52 (full 0):
 garbage-first heap   total 227328K, used 177253K [0x0000000080000000, 0x0000000100000000)
  region size 1024K, 1 young (1024K), 1 survivors (1024K)
 Metaspace       used 94281K, capacity 96655K, committed 96892K, reserved 1132544K
  class space    used 12149K, capacity 13006K, committed 13056K, reserved 1048576K
}
Event: 30.989 GC heap before
{Heap before GC invocations=52 (full 0):
 garbage-first heap   total 227328K, used 191589K [0x0000000080000000, 0x0000000100000000)
  region size 1024K, 15 young (15360K), 1 survivors (1024K)
 Metaspace       used 94659K, capacity 97013K, committed 97148K, reserved 1134592K
  class space    used 12181K, capacity 13040K, committed 13056K, reserved 1048576K
}
Event: 30.992 GC heap after
{Heap after GC invocations=53 (full 0):
 garbage-first heap   total 227328K, used 177397K [0x0000000080000000, 0x0000000100000000)
  region size 1024K, 2 young (2048K), 2 survivors (2048K)
 Metaspace       used 94659K, capacity 97013K, committed 97148K, reserved 1134592K
  class space    used 12181K, capacity 13040K, committed 13056K, reserved 1048576K
}
Event: 31.116 GC heap before
{Heap before GC invocations=53 (full 0):
 garbage-first heap   total 227328K, used 190709K [0x0000000080000000, 0x0000000100000000)
  region size 1024K, 16 young (16384K), 2 survivors (2048K)
 Metaspace       used 95162K, capacity 97587K, committed 97788K, reserved 1134592K
  class space    used 12262K, capacity 13146K, committed 13184K, reserved 1048576K
}
Event: 31.119 GC heap after
{Heap after GC invocations=54 (full 0):
 garbage-first heap   total 227328K, used 177683K [0x0000000080000000, 0x0000000100000000)
  region size 1024K, 2 young (2048K), 2 survivors (2048K)
 Metaspace       used 95162K, capacity 97587K, committed 97788K, reserved 1134592K
  class space    used 12262K, capacity 13146K, committed 13184K, reserved 1048576K
}
Event: 31.326 GC heap before
{Heap before GC invocations=55 (full 0):
 garbage-first heap   total 227328K, used 193043K [0x0000000080000000, 0x0000000100000000)
  region size 1024K, 17 young (17408K), 2 survivors (2048K)
 Metaspace       used 95517K, capacity 97971K, committed 98172K, reserved 1134592K
  class space    used 12310K, capacity 13210K, committed 13312K, reserved 1048576K
}
Event: 31.331 GC heap after
{Heap after GC invocations=56 (full 0):
 garbage-first heap   total 227328K, used 177834K [0x0000000080000000, 0x0000000100000000)
  region size 1024K, 2 young (2048K), 2 survivors (2048K)
 Metaspace       used 95517K, capacity 97971K, committed 98172K, reserved 1134592K
  class space    used 12310K, capacity 13210K, committed 13312K, reserved 1048576K
}
Event: 31.557 GC heap before
{Heap before GC invocations=56 (full 0):
 garbage-first heap   total 227328K, used 193194K [0x0000000080000000, 0x0000000100000000)
  region size 1024K, 18 young (18432K), 2 survivors (2048K)
 Metaspace       used 95965K, capacity 98478K, committed 98684K, reserved 1134592K
  class space    used 12364K, capacity 13311K, committed 13312K, reserved 1048576K
}
Event: 31.564 GC heap after
{Heap after GC invocations=57 (full 0):
 garbage-first heap   total 227328K, used 178330K [0x0000000080000000, 0x0000000100000000)
  region size 1024K, 2 young (2048K), 2 survivors (2048K)
 Metaspace       used 95965K, capacity 98478K, committed 98684K, reserved 1134592K
  class space    used 12364K, capacity 13311K, committed 13312K, reserved 1048576K
}
Event: 32.043 GC heap before
{Heap before GC invocations=58 (full 0):
 garbage-first heap   total 227328K, used 195738K [0x0000000080000000, 0x0000000100000000)
  region size 1024K, 19 young (19456K), 2 survivors (2048K)
 Metaspace       used 96480K, capacity 98968K, committed 99068K, reserved 1134592K
  class space    used 12445K, capacity 13388K, committed 13440K, reserved 1048576K
}
Event: 32.052 GC heap after
{Heap after GC invocations=59 (full 0):
 garbage-first heap   total 227328K, used 179520K [0x0000000080000000, 0x0000000100000000)
  region size 1024K, 3 young (3072K), 3 survivors (3072K)
 Metaspace       used 96480K, capacity 98968K, committed 99068K, reserved 1134592K
  class space    used 12445K, capacity 13388K, committed 13440K, reserved 1048576K
}
Event: 32.222 GC heap before
{Heap before GC invocations=59 (full 0):
 garbage-first heap   total 227328K, used 195904K [0x0000000080000000, 0x0000000100000000)
  region size 1024K, 19 young (19456K), 3 survivors (3072K)
 Metaspace       used 97240K, capacity 99689K, committed 99964K, reserved 1136640K
  class space    used 12554K, capacity 13457K, committed 13568K, reserved 1048576K
}
Event: 32.227 GC heap after
{Heap after GC invocations=60 (full 0):
 garbage-first heap   total 227328K, used 179849K [0x0000000080000000, 0x0000000100000000)
  region size 1024K, 2 young (2048K), 2 survivors (2048K)
 Metaspace       used 97240K, capacity 99689K, committed 99964K, reserved 1136640K
  class space    used 12554K, capacity 13457K, committed 13568K, reserved 1048576K
}
Event: 32.338 GC heap before
{Heap before GC invocations=60 (full 0):
 garbage-first heap   total 227328K, used 197257K [0x0000000080000000, 0x0000000100000000)
  region size 1024K, 19 young (19456K), 2 survivors (2048K)
 Metaspace       used 97818K, capacity 100265K, committed 100476K, reserved 1136640K
  class space    used 12616K, capacity 13521K, committed 13568K, reserved 1048576K
}
Event: 32.343 GC heap after
{Heap after GC invocations=61 (full 0):
 garbage-first heap   total 227328K, used 180026K [0x0000000080000000, 0x0000000100000000)
  region size 1024K, 1 young (1024K), 1 survivors (1024K)
 Metaspace       used 97818K, capacity 100265K, committed 100476K, reserved 1136640K
  class space    used 12616K, capacity 13521K, committed 13568K, reserved 1048576K
}
Event: 32.443 GC heap before
{Heap before GC invocations=61 (full 0):
 garbage-first heap   total 227328K, used 196410K [0x0000000080000000, 0x0000000100000000)
  region size 1024K, 18 young (18432K), 1 survivors (1024K)
 Metaspace       used 98477K, capacity 100937K, committed 101116K, reserved 1136640K
  class space    used 12693K, capacity 13617K, committed 13696K, reserved 1048576K
}
Event: 32.447 GC heap after
{Heap after GC invocations=62 (full 0):
 garbage-first heap   total 273408K, used 180211K [0x0000000080000000, 0x0000000100000000)
  region size 1024K, 1 young (1024K), 1 survivors (1024K)
 Metaspace       used 98477K, capacity 100937K, committed 101116K, reserved 1136640K
  class space    used 12693K, capacity 13617K, committed 13696K, reserved 1048576K
}
Event: 33.367 GC heap before
{Heap before GC invocations=63 (full 0):
 garbage-first heap   total 273408K, used 217075K [0x0000000080000000, 0x0000000100000000)
  region size 1024K, 36 young (36864K), 1 survivors (1024K)
 Metaspace       used 102905K, capacity 105433K, committed 105468K, reserved 1140736K
  class space    used 13255K, capacity 14185K, committed 14208K, reserved 1048576K
}
Event: 33.372 GC heap after
{Heap after GC invocations=64 (full 0):
 garbage-first heap   total 273408K, used 180993K [0x0000000080000000, 0x0000000100000000)
  region size 1024K, 2 young (2048K), 2 survivors (2048K)
 Metaspace       used 102905K, capacity 105433K, committed 105468K, reserved 1140736K
  class space    used 13255K, capacity 14185K, committed 14208K, reserved 1048576K
}

Deoptimization events (20 events):
Event: 32.820 Thread 0x00000140d4219800 DEOPT PACKING pc=0x00000140c46714c4 sp=0x0000000cd6bf8ea0
Event: 32.820 Thread 0x00000140d4219800 DEOPT UNPACKING pc=0x00000140bc85a1af sp=0x0000000cd6bf8e90 mode 2
Event: 32.893 Thread 0x00000140d4219800 DEOPT PACKING pc=0x00000140bd829c5f sp=0x0000000cd6bf72c0
Event: 32.893 Thread 0x00000140d4219800 DEOPT UNPACKING pc=0x00000140bc85a95e sp=0x0000000cd6bf6748 mode 0
Event: 33.082 Thread 0x00000140d4219800 Uncommon trap: trap_request=0xffffffde fr.pc=0x00000140c470ac98 relative=0x0000000000001998
Event: 33.082 Thread 0x00000140d4219800 Uncommon trap: reason=class_check action=maybe_recompile pc=0x00000140c470ac98 method=java.lang.Class.createAnnotationData(I)Ljava/lang/Class$AnnotationData; @ 103 c2
Event: 33.082 Thread 0x00000140d4219800 DEOPT PACKING pc=0x00000140c470ac98 sp=0x0000000cd6bf8400
Event: 33.082 Thread 0x00000140d4219800 DEOPT UNPACKING pc=0x00000140bc85a1af sp=0x0000000cd6bf8288 mode 2
Event: 33.152 Thread 0x00000140d4219800 Uncommon trap: trap_request=0xfffffff4 fr.pc=0x00000140c470ae34 relative=0x0000000000001b34
Event: 33.152 Thread 0x00000140d4219800 Uncommon trap: reason=null_check action=make_not_entrant pc=0x00000140c470ae34 method=java.lang.Class.createAnnotationData(I)Ljava/lang/Class$AnnotationData; @ 14 c2
Event: 33.152 Thread 0x00000140d4219800 DEOPT PACKING pc=0x00000140c470ae34 sp=0x0000000cd6bf78a0
Event: 33.152 Thread 0x00000140d4219800 DEOPT UNPACKING pc=0x00000140bc85a1af sp=0x0000000cd6bf7850 mode 2
Event: 33.478 Thread 0x00000140d4219800 Uncommon trap: trap_request=0xffffff4d fr.pc=0x00000140c464155c relative=0x000000000000017c
Event: 33.478 Thread 0x00000140d4219800 Uncommon trap: reason=unstable_if action=reinterpret pc=0x00000140c464155c method=java.lang.Integer.parseInt(Ljava/lang/String;I)I @ 195 c2
Event: 33.478 Thread 0x00000140d4219800 DEOPT PACKING pc=0x00000140c464155c sp=0x0000000cd6bf93e0
Event: 33.478 Thread 0x00000140d4219800 DEOPT UNPACKING pc=0x00000140bc85a1af sp=0x0000000cd6bf9350 mode 2
Event: 33.969 Thread 0x00000140d4219800 Uncommon trap: trap_request=0xffffff4d fr.pc=0x00000140c44ab51c relative=0x000000000000007c
Event: 33.969 Thread 0x00000140d4219800 Uncommon trap: reason=unstable_if action=reinterpret pc=0x00000140c44ab51c method=java.util.Spliterator.getExactSizeIfKnown()J @ 9 c2
Event: 33.969 Thread 0x00000140d4219800 DEOPT PACKING pc=0x00000140c44ab51c sp=0x0000000cd6bfa0e0
Event: 33.969 Thread 0x00000140d4219800 DEOPT UNPACKING pc=0x00000140bc85a1af sp=0x0000000cd6bfa078 mode 2

Classes redefined (0 events):
No events

Internal exceptions (20 events):
Event: 31.951 Thread 0x00000140d4219800 Exception <a 'java/lang/ClassNotFoundException'{0x000000008d103b80}: org/gradle/api/tasks/SourceSetBeanInfo> (0x000000008d103b80) thrown at [src/hotspot/share/classfile/systemDictionary.cpp, line 230]
Event: 31.953 Thread 0x00000140d4219800 Exception <a 'java/lang/ClassNotFoundException'{0x000000008d120450}: org/gradle/api/tasks/SourceSetCustomizer> (0x000000008d120450) thrown at [src/hotspot/share/classfile/systemDictionary.cpp, line 230]
Event: 31.958 Thread 0x00000140d4219800 Exception <a 'java/lang/ClassNotFoundException'{0x000000008d19b208}: java/util/LinkedHashMapBeanInfo> (0x000000008d19b208) thrown at [src/hotspot/share/classfile/systemDictionary.cpp, line 230]
Event: 31.959 Thread 0x00000140d4219800 Exception <a 'java/lang/ClassNotFoundException'{0x000000008d1a3d08}: java/util/HashMapBeanInfo> (0x000000008d1a3d08) thrown at [src/hotspot/share/classfile/systemDictionary.cpp, line 230]
Event: 31.959 Thread 0x00000140d4219800 Exception <a 'java/lang/ClassNotFoundException'{0x000000008d1ad5f0}: java/util/AbstractMapBeanInfo> (0x000000008d1ad5f0) thrown at [src/hotspot/share/classfile/systemDictionary.cpp, line 230]
Event: 31.960 Thread 0x00000140d4219800 Exception <a 'java/lang/ClassNotFoundException'{0x000000008d1b6a40}: java/util/AbstractMapCustomizer> (0x000000008d1b6a40) thrown at [src/hotspot/share/classfile/systemDictionary.cpp, line 230]
Event: 31.962 Thread 0x00000140d4219800 Exception <a 'java/lang/ClassNotFoundException'{0x000000008d1c9ab8}: java/util/HashMapCustomizer> (0x000000008d1c9ab8) thrown at [src/hotspot/share/classfile/systemDictionary.cpp, line 230]
Event: 31.964 Thread 0x00000140d4219800 Exception <a 'java/lang/ClassNotFoundException'{0x000000008d1eab08}: java/util/LinkedHashMapCustomizer> (0x000000008d1eab08) thrown at [src/hotspot/share/classfile/systemDictionary.cpp, line 230]
Event: 32.542 Thread 0x00000140db2c6800 Exception <a 'java/lang/NoSuchMethodError'{0x0000000090546328}: <clinit>> (0x0000000090546328) thrown at [src/hotspot/share/prims/jni.cpp, line 1367]
Event: 32.743 Thread 0x00000140d4219800 Exception <a 'sun/nio/fs/WindowsException'{0x0000000090085420}> (0x0000000090085420) thrown at [src/hotspot/share/prims/jni.cpp, line 617]
Event: 32.971 Thread 0x00000140d4219800 Exception <a 'java/lang/NullPointerException'{0x000000008f67e7d0}> (0x000000008f67e7d0) thrown at [src/hotspot/share/interpreter/linkResolver.cpp, line 1440]
Event: 33.152 Thread 0x00000140d4219800 Implicit null exception at 0x00000140c47093c7 to 0x00000140c470ae0c
Event: 33.492 Thread 0x00000140d4219800 Exception <a 'sun/nio/fs/WindowsException'{0x00000000908d8398}> (0x00000000908d8398) thrown at [src/hotspot/share/prims/jni.cpp, line 617]
Event: 33.492 Thread 0x00000140d4219800 Exception <a 'sun/nio/fs/WindowsException'{0x00000000908d9708}> (0x00000000908d9708) thrown at [src/hotspot/share/prims/jni.cpp, line 617]
Event: 33.492 Thread 0x00000140d4219800 Exception <a 'sun/nio/fs/WindowsException'{0x00000000908daac8}> (0x00000000908daac8) thrown at [src/hotspot/share/prims/jni.cpp, line 617]
Event: 33.492 Thread 0x00000140d4219800 Exception <a 'sun/nio/fs/WindowsException'{0x00000000908dbe88}> (0x00000000908dbe88) thrown at [src/hotspot/share/prims/jni.cpp, line 617]
Event: 33.635 Thread 0x00000140d4219800 Exception <a 'java/lang/NoSuchMethodError'{0x00000000902a96d8}: 'java.lang.Object java.lang.invoke.DirectMethodHandle$Holder.invokeStatic(java.lang.Object, java.lang.Object, java.lang.Object, java.lang.Object, java.lang.Object, java.lang.Object, int)'> (0x00000000902a96d8) thrown at [src/hotspot/share/interpreter/linkResolver.cpp, line 773]
Event: 33.638 Thread 0x00000140d4219800 Exception <a 'java/lang/NoSuchMethodError'{0x00000000902c1600}: 'java.lang.Object java.lang.invoke.DirectMethodHandle$Holder.invokeStatic(java.lang.Object, java.lang.Object, java.lang.Object, java.lang.Object, java.lang.Object, java.lang.Object, int, int)'> (0x00000000902c1600) thrown at [src/hotspot/share/interpreter/linkResolver.cpp, line 773]
Event: 33.640 Thread 0x00000140d4219800 Exception <a 'java/lang/NoSuchMethodError'{0x00000000902da0a0}: 'java.lang.Object java.lang.invoke.DirectMethodHandle$Holder.invokeStatic(java.lang.Object, java.lang.Object, java.lang.Object, java.lang.Object, java.lang.Object, java.lang.Object, int, int, java.lang.Object)'> (0x00000000902da0a0) thrown at [src/hotspot/share/interpreter/linkResolver.cpp, line 773]
Event: 33.997 Thread 0x00000140d4219800 Exception <a 'java/lang/NoSuchMethodError'{0x000000008f33c858}: 'int java.lang.invoke.DirectMethodHandle$Holder.invokeSpecialIFC(java.lang.Object, java.lang.Object, java.lang.Object)'> (0x000000008f33c858) thrown at [src/hotspot/share/interpreter/linkResolver.cpp, line 773]

Events (20 events):
Event: 33.989 loading class org/jetbrains/kotlin/gradle/internal/KotlinDependenciesManagementKt$configureDefaultVersionsResolutionStrategy$1$1$1
Event: 33.989 loading class org/jetbrains/kotlin/gradle/internal/KotlinDependenciesManagementKt$configureDefaultVersionsResolutionStrategy$1$1$1 done
Event: 33.992 loading class org/jetbrains/kotlin/gradle/internal/StdlibDependencyManagementKt$configureStdlibVersionAlignment$1$1$1
Event: 33.992 loading class org/jetbrains/kotlin/gradle/internal/StdlibDependencyManagementKt$configureStdlibVersionAlignment$1$1$1 done
Event: 33.994 loading class com/android/build/gradle/internal/dependency/AndroidXDependencyCheck$AndroidXEnabledJetifierDisabled$execute$supportLibDependencies$1
Event: 33.994 loading class com/android/build/gradle/internal/dependency/AndroidXDependencyCheck$AndroidXEnabledJetifierDisabled$execute$supportLibDependencies$1 done
Event: 33.995 loading class com/android/build/gradle/internal/ide/v2/ModelBuilder$createAndroidArtifact$testInfo$1
Event: 33.995 loading class com/android/build/gradle/internal/ide/v2/ModelBuilder$createAndroidArtifact$testInfo$1 done
Event: 33.998 loading class com/android/build/gradle/internal/ide/v2/TestInfoImpl
Event: 33.998 loading class com/android/build/gradle/internal/ide/v2/TestInfoImpl done
Event: 33.999 loading class com/android/builder/model/v2/ide/TestInfo
Event: 33.999 loading class com/android/builder/model/v2/ide/TestInfo done
Event: 34.000 loading class com/android/build/gradle/internal/ide/v2/TestInfoImpl$Companion
Event: 34.000 loading class com/android/build/gradle/internal/ide/v2/TestInfoImpl$Companion done
Event: 34.001 loading class com/android/builder/model/v2/ide/TestInfo$Execution
Event: 34.001 loading class com/android/builder/model/v2/ide/TestInfo$Execution done
Event: 34.005 loading class com/android/builder/core/ComponentType
Event: 34.005 loading class com/android/builder/core/ComponentType done
Event: 34.005 loading class com/android/builder/core/ComponentType
Event: 34.005 loading class com/android/builder/core/ComponentType done


Dynamic libraries:
0x00007ff65a8e0000 - 0x00007ff65a8ea000 	C:\android1\jbr\bin\java.exe
0x00007ff9ca9d0000 - 0x00007ff9cabc8000 	C:\Windows\SYSTEM32\ntdll.dll
0x00007ff9c9a50000 - 0x00007ff9c9b0f000 	C:\Windows\System32\KERNEL32.DLL
0x00007ff9c8150000 - 0x00007ff9c8446000 	C:\Windows\System32\KERNELBASE.dll
0x00007ff9c88c0000 - 0x00007ff9c89c0000 	C:\Windows\System32\ucrtbase.dll
0x00007ff9c04c0000 - 0x00007ff9c04d7000 	C:\android1\jbr\bin\jli.dll
0x00007ff9c04a0000 - 0x00007ff9c04bb000 	C:\android1\jbr\bin\VCRUNTIME140.dll
0x00007ff9ca790000 - 0x00007ff9ca92d000 	C:\Windows\System32\USER32.dll
0x00007ff9c8890000 - 0x00007ff9c88b2000 	C:\Windows\System32\win32u.dll
0x00007ff9b6b50000 - 0x00007ff9b6dea000 	C:\Windows\WinSxS\amd64_microsoft.windows.common-controls_6595b64144ccf1df_6.0.19041.1110_none_60b5254171f9507e\COMCTL32.dll
0x00007ff9c8f10000 - 0x00007ff9c8f3c000 	C:\Windows\System32\GDI32.dll
0x00007ff9c9130000 - 0x00007ff9c91ce000 	C:\Windows\System32\msvcrt.dll
0x00007ff9c8590000 - 0x00007ff9c86a5000 	C:\Windows\System32\gdi32full.dll
0x00007ff9c80b0000 - 0x00007ff9c814d000 	C:\Windows\System32\msvcp_win.dll
0x00007ff9c9490000 - 0x00007ff9c94c0000 	C:\Windows\System32\IMM32.DLL
0x00007ff9c3ea0000 - 0x00007ff9c3eac000 	C:\android1\jbr\bin\vcruntime140_1.dll
0x00007ff9aa5a0000 - 0x00007ff9aa62d000 	C:\android1\jbr\bin\msvcp140.dll
0x00007ff95ecb0000 - 0x00007ff95f86c000 	C:\android1\jbr\bin\server\jvm.dll
0x00007ff9c9530000 - 0x00007ff9c95df000 	C:\Windows\System32\ADVAPI32.dll
0x00007ff9ca260000 - 0x00007ff9ca2fc000 	C:\Windows\System32\sechost.dll
0x00007ff9ca660000 - 0x00007ff9ca786000 	C:\Windows\System32\RPCRT4.dll
0x00007ff9c9480000 - 0x00007ff9c9488000 	C:\Windows\System32\PSAPI.DLL
0x00007ff9b88b0000 - 0x00007ff9b88ba000 	C:\Windows\SYSTEM32\VERSION.dll
0x00007ff9b5710000 - 0x00007ff9b5719000 	C:\Windows\SYSTEM32\WSOCK32.dll
0x00007ff9b7440000 - 0x00007ff9b7467000 	C:\Windows\SYSTEM32\WINMM.dll
0x00007ff9c94c0000 - 0x00007ff9c952b000 	C:\Windows\System32\WS2_32.dll
0x00007ff9c5f30000 - 0x00007ff9c5f42000 	C:\Windows\SYSTEM32\kernel.appcore.dll
0x00007ff9c3d60000 - 0x00007ff9c3d70000 	C:\android1\jbr\bin\verify.dll
0x00007ff9b0640000 - 0x00007ff9b0824000 	C:\Windows\SYSTEM32\DBGHELP.DLL
0x00007ff9afdc0000 - 0x00007ff9afdf4000 	C:\Windows\SYSTEM32\dbgcore.DLL
0x00007ff9c8500000 - 0x00007ff9c8582000 	C:\Windows\System32\bcryptPrimitives.dll
0x00007ff9c2440000 - 0x00007ff9c2468000 	C:\android1\jbr\bin\java.dll
0x00007ff9c3d50000 - 0x00007ff9c3d5a000 	C:\android1\jbr\bin\jimage.dll
0x00007ff9c2420000 - 0x00007ff9c2438000 	C:\android1\jbr\bin\zip.dll
0x00007ff9c9b10000 - 0x00007ff9ca254000 	C:\Windows\System32\SHELL32.dll
0x00007ff9c6130000 - 0x00007ff9c68c3000 	C:\Windows\SYSTEM32\windows.storage.dll
0x00007ff9ca300000 - 0x00007ff9ca654000 	C:\Windows\System32\combase.dll
0x00007ff9c7b10000 - 0x00007ff9c7b3e000 	C:\Windows\SYSTEM32\Wldp.dll
0x00007ff9c8be0000 - 0x00007ff9c8c8d000 	C:\Windows\System32\SHCORE.dll
0x00007ff9c8f40000 - 0x00007ff9c8f95000 	C:\Windows\System32\shlwapi.dll
0x00007ff9c7ff0000 - 0x00007ff9c800f000 	C:\Windows\SYSTEM32\profapi.dll
0x00007ff9c2400000 - 0x00007ff9c2419000 	C:\android1\jbr\bin\net.dll
0x00007ff9be390000 - 0x00007ff9be49a000 	C:\Windows\SYSTEM32\WINHTTP.dll
0x00007ff9c7850000 - 0x00007ff9c78ba000 	C:\Windows\system32\mswsock.dll
0x00007ff9b62f0000 - 0x00007ff9b6303000 	C:\android1\jbr\bin\nio.dll
0x00007ff9c0630000 - 0x00007ff9c0657000 	C:\Users\hp\.gradle\native\e1d6ef7f7dcc3fd88c89a11ec53ec762bb8ba0a96d01ffa2cd45eb1d1d8dd5c5\windows-amd64\native-platform.dll
0x00007ff997e70000 - 0x00007ff997fb4000 	C:\Users\hp\.gradle\native\0d407fdbe67a94daf76414ababcb853783967236a71b16ec16e742cd7a986fd3\windows-amd64\native-platform-file-events.dll
0x00007ff9c23b0000 - 0x00007ff9c23ba000 	C:\android1\jbr\bin\management.dll
0x00007ff9c2160000 - 0x00007ff9c216b000 	C:\android1\jbr\bin\management_ext.dll
0x00007ff9c7a70000 - 0x00007ff9c7a88000 	C:\Windows\SYSTEM32\CRYPTSP.dll
0x00007ff9c70e0000 - 0x00007ff9c7114000 	C:\Windows\system32\rsaenh.dll
0x00007ff9c86b0000 - 0x00007ff9c86d7000 	C:\Windows\System32\bcrypt.dll
0x00007ff9c7fb0000 - 0x00007ff9c7fde000 	C:\Windows\SYSTEM32\USERENV.dll
0x00007ff9c7a60000 - 0x00007ff9c7a6c000 	C:\Windows\SYSTEM32\CRYPTBASE.dll
0x00007ff9c74e0000 - 0x00007ff9c751c000 	C:\Windows\SYSTEM32\IPHLPAPI.DLL
0x00007ff9c92e0000 - 0x00007ff9c92e8000 	C:\Windows\System32\NSI.dll
0x00007ff9be030000 - 0x00007ff9be047000 	C:\Windows\SYSTEM32\dhcpcsvc6.DLL
0x00007ff9bde50000 - 0x00007ff9bde6d000 	C:\Windows\SYSTEM32\dhcpcsvc.DLL
0x00007ff9c7520000 - 0x00007ff9c75eb000 	C:\Windows\SYSTEM32\DNSAPI.dll
0x00007ff9c2480000 - 0x00007ff9c24a7000 	C:\android1\jbr\bin\sunec.dll
0x0000000055030000 - 0x0000000055056000 	C:\Program Files\Bonjour\mdnsNSP.dll
0x00007ff9bf910000 - 0x00007ff9bf91a000 	C:\Windows\System32\rasadhlp.dll
0x00007ff9b9450000 - 0x00007ff9b94d2000 	C:\Windows\System32\fwpuclnt.dll
0x00007ff9aa630000 - 0x00007ff9aa647000 	C:\Windows\system32\napinsp.dll
0x00007ff99fee0000 - 0x00007ff99fefb000 	C:\Windows\system32\pnrpnsp.dll
0x00007ff9c2e20000 - 0x00007ff9c2e35000 	C:\Windows\system32\wshbth.dll
0x00007ff9c3be0000 - 0x00007ff9c3bfd000 	C:\Windows\system32\NLAapi.dll
0x00007ff99c970000 - 0x00007ff99c982000 	C:\Windows\System32\winrnr.dll

dbghelp: loaded successfully - version: 4.0.5 - missing functions: none
symbol engine: initialized successfully - sym options: 0x614 - pdb path: .;C:\android1\jbr\bin;C:\Windows\SYSTEM32;C:\Windows\WinSxS\amd64_microsoft.windows.common-controls_6595b64144ccf1df_6.0.19041.1110_none_60b5254171f9507e;C:\android1\jbr\bin\server;C:\Users\hp\.gradle\native\e1d6ef7f7dcc3fd88c89a11ec53ec762bb8ba0a96d01ffa2cd45eb1d1d8dd5c5\windows-amd64;C:\Users\hp\.gradle\native\0d407fdbe67a94daf76414ababcb853783967236a71b16ec16e742cd7a986fd3\windows-amd64;C:\Program Files\Bonjour

VM Arguments:
jvm_args: --add-opens=java.base/java.util=ALL-UNNAMED --add-opens=java.base/java.lang=ALL-UNNAMED --add-opens=java.base/java.lang.invoke=ALL-UNNAMED --add-opens=java.base/java.util=ALL-UNNAMED --add-opens=java.prefs/java.util.prefs=ALL-UNNAMED --add-opens=java.prefs/java.util.prefs=ALL-UNNAMED --add-opens=java.base/java.nio.charset=ALL-UNNAMED --add-opens=java.base/java.net=ALL-UNNAMED --add-opens=java.base/java.util.concurrent.atomic=ALL-UNNAMED -Xmx2048m -Dfile.encoding=UTF-8 -Duser.country=US -Duser.language=en -Duser.variant 
java_command: org.gradle.launcher.daemon.bootstrap.GradleDaemon 7.5
java_class_path (initial): C:\Users\hp\.gradle\wrapper\dists\gradle-7.5-bin\f1w0cc9nuo0eivz97x2xlu9sv\gradle-7.5\lib\gradle-launcher-7.5.jar
Launcher Type: SUN_STANDARD

[Global flags]
     intx CICompilerCount                          = 3                                         {product} {ergonomic}
     uint ConcGCThreads                            = 1                                         {product} {ergonomic}
     uint G1ConcRefinementThreads                  = 4                                         {product} {ergonomic}
   size_t G1HeapRegionSize                         = 1048576                                   {product} {ergonomic}
    uintx GCDrainStackTargetSize                   = 64                                        {product} {ergonomic}
   size_t InitialHeapSize                          = 134217728                                 {product} {ergonomic}
   size_t MarkStackSize                            = 4194304                                   {product} {ergonomic}
   size_t MaxHeapSize                              = 2147483648                                {product} {command line}
   size_t MaxNewSize                               = 1287651328                                {product} {ergonomic}
   size_t MinHeapDeltaBytes                        = 1048576                                   {product} {ergonomic}
    uintx NonNMethodCodeHeapSize                   = 5830732                                {pd product} {ergonomic}
    uintx NonProfiledCodeHeapSize                  = 122913754                              {pd product} {ergonomic}
    uintx ProfiledCodeHeapSize                     = 122913754                              {pd product} {ergonomic}
    uintx ReservedCodeCacheSize                    = 251658240                              {pd product} {ergonomic}
     bool SegmentedCodeCache                       = true                                      {product} {ergonomic}
     bool UseCompressedClassPointers               = true                                 {lp64_product} {ergonomic}
     bool UseCompressedOops                        = true                                 {lp64_product} {ergonomic}
     bool UseG1GC                                  = true                                      {product} {ergonomic}
     bool UseLargePagesIndividualAllocation        = false                                  {pd product} {ergonomic}

Logging:
Log output configuration:
 #0: stdout all=warning uptime,level,tags
 #1: stderr all=off uptime,level,tags

Environment Variables:
PATH=C:\Program Files\Common Files\Oracle\Java\javapath;C:\Windows\system32;C:\Windows;C:\Windows\System32\Wbem;C:\Windows\System32\WindowsPowerShell\v1.0\;C:\Windows\System32\OpenSSH\;C:\Program Files\dotnet\;C:\Program Files\Git\cmd;C:\Users\hp\AppData\Local\Microsoft\WindowsApps;C:\Users\hp\.dotnet\tools;C:\Users\hp\AppData\Local\Programs\Microsoft VS Code\bin;E:\Dev-Cpp\MinGW64\bin;
USERNAME=hp
OS=Windows_NT
PROCESSOR_IDENTIFIER=Intel64 Family 6 Model 78 Stepping 3, GenuineIntel



---------------  S Y S T E M  ---------------

OS: Windows 10 , 64 bit Build 19041 (10.0.19041.2913)
OS uptime: 2 days 7:46 hours
Hyper-V role detected

CPU:total 4 (initial active 4) (2 cores per cpu, 2 threads per core) family 6 model 78 stepping 3 microcode 0xcc, cmov, cx8, fxsr, mmx, sse, sse2, sse3, ssse3, sse4.1, sse4.2, popcnt, avx, avx2, aes, clmul, erms, 3dnowpref, lzcnt, ht, tsc, tscinvbit, bmi1, bmi2, adx, fma

Memory: 4k page, system-wide physical 8082M (566M free)
TotalPageFile size 10130M (AvailPageFile size 2M)
current process WorkingSet (physical memory assigned to process): 543M, peak: 544M
current process commit charge ("private bytes"): 588M, peak: 590M

vm_info: OpenJDK 64-Bit Server VM (11.0.15+0-b2043.56-9505619) for windows-amd64 JRE (11.0.15+0-b2043.56-9505619), built on Jan 19 2023 02:48:00 by "builduser" with unknown MS VC++:1929

END.
